15:31:55,383 DEBUG AbstractIntroductorInterceptor:95 - Found cached introduced method: setOffice
15:31:55,385 DEBUG AbstractIntroductorInterceptor:95 - Found cached introduced method: setOffice
15:31:55,385 DEBUG AbstractIntroductorInterceptor:95 - Found cached introduced method: setOffice
15:31:55,386 DEBUG BeanIntroductorInterceptor:119 - Introducing method: setOffice
15:31:55,386 DEBUG AbstractIntroductorInterceptor:95 - Found cached introduced method: setOffice
15:31:55,387 DEBUG AbstractIntroductorInterceptor:95 - Found cached introduced method: setOffice
15:31:55,387 DEBUG AbstractIntroductorInterceptor:95 - Found cached introduced method: setOffice
15:31:55,387 DEBUG BeanIntroductorInterceptor:119 - Introducing method: setOffice
15:31:55,388 DEBUG AbstractIntroductorInterceptor:95 - Found cached introduced method: getOffice
15:31:55,388 DEBUG AbstractIntroductorInterceptor:95 - Found cached introduced method: getOffice
15:31:55,388 DEBUG AbstractIntroductorInterceptor:95 - Found cached introduced method: getOffice
15:31:55,389 DEBUG BeanIntroductorInterceptor:119 - Introducing method: getOffice
15:31:55,389 DEBUG AbstractIntroductorInterceptor:95 - Found cached introduced method: getOffice
15:31:55,389 DEBUG AbstractIntroductorInterceptor:95 - Found cached introduced method: getOffice
15:31:55,390 DEBUG AbstractIntroductorInterceptor:95 - Found cached introduced method: getOffice
15:31:55,390 DEBUG BeanIntroductorInterceptor:119 - Introducing method: getOffice
15:31:55,392 DEBUG AbstractIntroductorInterceptor:95 - Found cached introduced method: setOffice
15:31:55,393 DEBUG AbstractIntroductorInterceptor:95 - Found cached introduced method: setOffice
15:31:55,393 DEBUG AbstractIntroductorInterceptor:95 - Found cached introduced method: setOffice
15:31:55,393 DEBUG BeanIntroductorInterceptor:119 - Introducing method: setOffice
15:31:55,394 DEBUG AbstractIntroductorInterceptor:95 - Found cached introduced method: setOffice
15:31:55,394 DEBUG AbstractIntroductorInterceptor:95 - Found cached introduced method: setOffice
15:31:55,394 DEBUG AbstractIntroductorInterceptor:95 - Found cached introduced method: setOffice
15:31:55,395 DEBUG BeanIntroductorInterceptor:119 - Introducing method: setOffice
15:31:55,395 DEBUG AbstractIntroductorInterceptor:95 - Found cached introduced method: getOffice
15:31:55,395 DEBUG AbstractIntroductorInterceptor:95 - Found cached introduced method: getOffice
15:31:55,396 DEBUG AbstractIntroductorInterceptor:95 - Found cached introduced method: getOffice
15:31:55,396 DEBUG BeanIntroductorInterceptor:119 - Introducing method: getOffice
15:31:55,396 DEBUG AbstractIntroductorInterceptor:95 - Found cached introduced method: getOffice
15:31:55,396 DEBUG AbstractIntroductorInterceptor:95 - Found cached introduced method: getOffice
15:31:55,397 DEBUG AbstractIntroductorInterceptor:95 - Found cached introduced method: getOffice
15:31:55,397 DEBUG BeanIntroductorInterceptor:119 - Introducing method: getOffice
15:31:55,587 DEBUG PredicateGenericAdapter:82 - Adapting class org.springmodules.xt.test.domain.AvailableOfficeSpecification to interface org.apache.commons.collections.Predicate
15:31:55,606  INFO AjaxExceptionHandlerResolverTest:187 - Loading context for locations: testApplicationContext.xml
15:31:55,817 ERROR AjaxExceptionHandlerResolver:71 - exception
org.springmodules.xt.ajax.support.UnsupportedEventException: exception
	at org.springmodules.xt.ajax.AjaxExceptionHandlerResolverTest.testResolveException1(AjaxExceptionHandlerResolverTest.java:45)
	at sun.reflect.NativeMethodAccessorImpl.invoke0(Native Method)
	at sun.reflect.NativeMethodAccessorImpl.invoke(NativeMethodAccessorImpl.java:39)
	at sun.reflect.DelegatingMethodAccessorImpl.invoke(DelegatingMethodAccessorImpl.java:25)
	at java.lang.reflect.Method.invoke(Method.java:597)
	at junit.framework.TestCase.runTest(TestCase.java:168)
	at junit.framework.TestCase.runBare(TestCase.java:134)
	at org.springframework.test.ConditionalTestCase.runBare(ConditionalTestCase.java:76)
	at junit.framework.TestResult$1.protect(TestResult.java:110)
	at junit.framework.TestResult.runProtected(TestResult.java:128)
	at junit.framework.TestResult.run(TestResult.java:113)
	at junit.framework.TestCase.run(TestCase.java:124)
	at junit.framework.TestSuite.runTest(TestSuite.java:232)
	at junit.framework.TestSuite.run(TestSuite.java:227)
	at org.junit.internal.runners.JUnit38ClassRunner.run(JUnit38ClassRunner.java:91)
	at org.apache.maven.surefire.junit4.JUnit4TestSet.execute(JUnit4TestSet.java:62)
	at org.apache.maven.surefire.suite.AbstractDirectoryTestSuite.executeTestSet(AbstractDirectoryTestSuite.java:140)
	at org.apache.maven.surefire.suite.AbstractDirectoryTestSuite.execute(AbstractDirectoryTestSuite.java:127)
	at org.apache.maven.surefire.Surefire.run(Surefire.java:177)
	at sun.reflect.NativeMethodAccessorImpl.invoke0(Native Method)
	at sun.reflect.NativeMethodAccessorImpl.invoke(NativeMethodAccessorImpl.java:39)
	at sun.reflect.DelegatingMethodAccessorImpl.invoke(DelegatingMethodAccessorImpl.java:25)
	at java.lang.reflect.Method.invoke(Method.java:597)
	at org.apache.maven.surefire.booter.SurefireBooter.runSuitesInProcess(SurefireBooter.java:345)
	at org.apache.maven.surefire.booter.SurefireBooter.main(SurefireBooter.java:1009)
15:31:55,819  INFO AjaxExceptionHandlerResolver:75 - Resolving exception of type : class org.springmodules.xt.ajax.support.UnsupportedEventException
15:31:55,819 DEBUG AjaxResponseSender:37 - Sending ajax response: <?xml version="1.0" encoding="ISO-8859-1"?>
<?xml-stylesheet type="text/css" href=""?>
<ajax-response xml:space="preserve">
<redirect><content><target url="/test/redirect1.html?exceptionMessage=exception"/></content></redirect>
</ajax-response>
15:31:55,822 ERROR AjaxExceptionHandlerResolver:71 - exception
org.springmodules.xt.ajax.support.UnsupportedEventException: exception
	at org.springmodules.xt.ajax.AjaxExceptionHandlerResolverTest.testResolveException2(AjaxExceptionHandlerResolverTest.java:58)
	at sun.reflect.NativeMethodAccessorImpl.invoke0(Native Method)
	at sun.reflect.NativeMethodAccessorImpl.invoke(NativeMethodAccessorImpl.java:39)
	at sun.reflect.DelegatingMethodAccessorImpl.invoke(DelegatingMethodAccessorImpl.java:25)
	at java.lang.reflect.Method.invoke(Method.java:597)
	at junit.framework.TestCase.runTest(TestCase.java:168)
	at junit.framework.TestCase.runBare(TestCase.java:134)
	at org.springframework.test.ConditionalTestCase.runBare(ConditionalTestCase.java:76)
	at junit.framework.TestResult$1.protect(TestResult.java:110)
	at junit.framework.TestResult.runProtected(TestResult.java:128)
	at junit.framework.TestResult.run(TestResult.java:113)
	at junit.framework.TestCase.run(TestCase.java:124)
	at junit.framework.TestSuite.runTest(TestSuite.java:232)
	at junit.framework.TestSuite.run(TestSuite.java:227)
	at org.junit.internal.runners.JUnit38ClassRunner.run(JUnit38ClassRunner.java:91)
	at org.apache.maven.surefire.junit4.JUnit4TestSet.execute(JUnit4TestSet.java:62)
	at org.apache.maven.surefire.suite.AbstractDirectoryTestSuite.executeTestSet(AbstractDirectoryTestSuite.java:140)
	at org.apache.maven.surefire.suite.AbstractDirectoryTestSuite.execute(AbstractDirectoryTestSuite.java:127)
	at org.apache.maven.surefire.Surefire.run(Surefire.java:177)
	at sun.reflect.NativeMethodAccessorImpl.invoke0(Native Method)
	at sun.reflect.NativeMethodAccessorImpl.invoke(NativeMethodAccessorImpl.java:39)
	at sun.reflect.DelegatingMethodAccessorImpl.invoke(DelegatingMethodAccessorImpl.java:25)
	at java.lang.reflect.Method.invoke(Method.java:597)
	at org.apache.maven.surefire.booter.SurefireBooter.runSuitesInProcess(SurefireBooter.java:345)
	at org.apache.maven.surefire.booter.SurefireBooter.main(SurefireBooter.java:1009)
15:31:55,822  INFO AjaxExceptionHandlerResolver:75 - Resolving exception of type : class org.springmodules.xt.ajax.support.UnsupportedEventException
15:31:55,823 DEBUG AjaxResponseSender:37 - Sending ajax response: <?xml version="1.0" encoding="ISO-8859-1"?>
<?xml-stylesheet type="text/css" href=""?>
<ajax-response xml:space="preserve">
<redirect><content><target url="/test/redirect1.html?exceptionMessage=exception"/></content></redirect>
</ajax-response>
15:31:55,998 DEBUG AbstractIntroductorInterceptor:95 - Found cached introduced method: setOffice
15:31:55,998 DEBUG AbstractIntroductorInterceptor:95 - Found cached introduced method: setOffice
15:31:55,998 DEBUG AbstractIntroductorInterceptor:95 - Found cached introduced method: setOffice
15:31:55,999 DEBUG BeanIntroductorInterceptor:119 - Introducing method: setOffice
15:31:56,000 DEBUG AbstractIntroductorInterceptor:95 - Found cached introduced method: setOffice
15:31:56,000 DEBUG AbstractIntroductorInterceptor:95 - Found cached introduced method: setOffice
15:31:56,000 DEBUG AbstractIntroductorInterceptor:95 - Found cached introduced method: setOffice
15:31:56,000 DEBUG BeanIntroductorInterceptor:119 - Introducing method: setOffice
15:31:56,001 DEBUG AbstractIntroductorInterceptor:95 - Found cached introduced method: getOffice
15:31:56,001 DEBUG AbstractIntroductorInterceptor:95 - Found cached introduced method: getOffice
15:31:56,001 DEBUG AbstractIntroductorInterceptor:95 - Found cached introduced method: getOffice
15:31:56,002 DEBUG BeanIntroductorInterceptor:119 - Introducing method: getOffice
15:31:56,003 DEBUG AbstractIntroductorInterceptor:95 - Found cached introduced method: getOffice
15:31:56,003 DEBUG AbstractIntroductorInterceptor:95 - Found cached introduced method: getOffice
15:31:56,003 DEBUG AbstractIntroductorInterceptor:95 - Found cached introduced method: getOffice
15:31:56,003 DEBUG BeanIntroductorInterceptor:119 - Introducing method: getOffice
15:31:56,004 DEBUG AbstractIntroductorInterceptor:95 - Found cached introduced method: setOffice
15:31:56,005 DEBUG AbstractIntroductorInterceptor:95 - Found cached introduced method: setOffice
15:31:56,005 DEBUG AbstractIntroductorInterceptor:95 - Found cached introduced method: setOffice
15:31:56,005 DEBUG BeanIntroductorInterceptor:119 - Introducing method: setOffice
15:31:56,006 DEBUG AbstractIntroductorInterceptor:95 - Found cached introduced method: setOffice
15:31:56,006 DEBUG AbstractIntroductorInterceptor:95 - Found cached introduced method: setOffice
15:31:56,006 DEBUG AbstractIntroductorInterceptor:95 - Found cached introduced method: setOffice
15:31:56,007 DEBUG BeanIntroductorInterceptor:119 - Introducing method: setOffice
15:31:56,007 DEBUG AbstractIntroductorInterceptor:95 - Found cached introduced method: getOffice
15:31:56,007 DEBUG AbstractIntroductorInterceptor:95 - Found cached introduced method: getOffice
15:31:56,007 DEBUG AbstractIntroductorInterceptor:95 - Found cached introduced method: getOffice
15:31:56,008 DEBUG BeanIntroductorInterceptor:119 - Introducing method: getOffice
15:31:56,008 DEBUG AbstractIntroductorInterceptor:95 - Found cached introduced method: getOffice
15:31:56,008 DEBUG AbstractIntroductorInterceptor:95 - Found cached introduced method: getOffice
15:31:56,009 DEBUG AbstractIntroductorInterceptor:95 - Found cached introduced method: getOffice
15:31:56,009 DEBUG BeanIntroductorInterceptor:119 - Introducing method: getOffice
15:31:56,010 DEBUG AbstractIntroductorInterceptor:95 - Found cached introduced method: getMatriculationCode
15:31:56,010 DEBUG AbstractIntroductorInterceptor:95 - Found cached introduced method: getMatriculationCode
15:31:56,010 DEBUG BeanIntroductorInterceptor:74 - Executing on target; method: getMatriculationCode
15:31:56,011 DEBUG AbstractIntroductorInterceptor:95 - Found cached introduced method: getMatriculationCode
15:31:56,012 DEBUG AbstractIntroductorInterceptor:95 - Found cached introduced method: getMatriculationCode
15:31:56,012 DEBUG BeanIntroductorInterceptor:74 - Executing on target; method: getMatriculationCode
15:31:56,013 DEBUG AbstractIntroductorInterceptor:95 - Found cached introduced method: getMatriculationCode
15:31:56,013 DEBUG AbstractIntroductorInterceptor:95 - Found cached introduced method: getMatriculationCode
15:31:56,013 DEBUG BeanIntroductorInterceptor:74 - Executing on target; method: getMatriculationCode
15:31:56,014 DEBUG AbstractIntroductorInterceptor:95 - Found cached introduced method: getMatriculationCode
15:31:56,014 DEBUG AbstractIntroductorInterceptor:95 - Found cached introduced method: getMatriculationCode
15:31:56,015 DEBUG BeanIntroductorInterceptor:74 - Executing on target; method: getMatriculationCode
15:31:56,035  INFO AbstractAjaxHandler:63 - Invoking method: public org.springmodules.xt.ajax.AjaxResponse org.springmodules.xt.ajax.AjaxHandlerTest$1.testEvent(org.springmodules.xt.ajax.AjaxEvent)
15:31:56,042  INFO AbstractAjaxHandler:63 - Invoking method: public org.springmodules.xt.ajax.AjaxResponse org.springmodules.xt.ajax.AjaxHandlerTest$2.testEvent(org.springmodules.xt.ajax.AjaxActionEvent)
15:31:56,043  INFO AbstractAjaxHandler:63 - Invoking method: public org.springmodules.xt.ajax.AjaxResponse org.springmodules.xt.ajax.AjaxHandlerTest$3.testEvent(org.springmodules.xt.ajax.AjaxSubmitEvent)
15:31:56,048 DEBUG AbstractAjaxHandler:103 - Event supported by method: public org.springmodules.xt.ajax.AjaxResponse org.springmodules.xt.ajax.AjaxHandlerTest$4.testEvent(org.springmodules.xt.ajax.AjaxEvent)
15:31:56,049 DEBUG AbstractAjaxHandler:103 - Event supported by method: public org.springmodules.xt.ajax.AjaxResponse org.springmodules.xt.ajax.AjaxHandlerTest$5.testEvent(org.springmodules.xt.ajax.AjaxActionEvent)
15:31:56,050 DEBUG AbstractAjaxHandler:103 - Event supported by method: public org.springmodules.xt.ajax.AjaxResponse org.springmodules.xt.ajax.AjaxHandlerTest$6.testEvent(org.springmodules.xt.ajax.AjaxSubmitEvent)
15:31:56,051  INFO AbstractAjaxHandler:63 - Invoking method: public org.springmodules.xt.ajax.AjaxResponse org.springmodules.xt.ajax.AjaxHandlerTest$8.testEvent(org.springmodules.xt.ajax.AjaxActionEvent)
15:31:56,052 ERROR AbstractAjaxHandler:77 - 
java.lang.reflect.InvocationTargetException
	at sun.reflect.NativeMethodAccessorImpl.invoke0(Native Method)
	at sun.reflect.NativeMethodAccessorImpl.invoke(NativeMethodAccessorImpl.java:39)
	at sun.reflect.DelegatingMethodAccessorImpl.invoke(DelegatingMethodAccessorImpl.java:25)
	at java.lang.reflect.Method.invoke(Method.java:597)
	at org.springmodules.xt.ajax.AbstractAjaxHandler.handle(AbstractAjaxHandler.java:64)
	at org.springmodules.xt.ajax.AjaxHandlerTest.testThrowingExceptionDuringEventHandling(AjaxHandlerTest.java:132)
	at sun.reflect.NativeMethodAccessorImpl.invoke0(Native Method)
	at sun.reflect.NativeMethodAccessorImpl.invoke(NativeMethodAccessorImpl.java:39)
	at sun.reflect.DelegatingMethodAccessorImpl.invoke(DelegatingMethodAccessorImpl.java:25)
	at java.lang.reflect.Method.invoke(Method.java:597)
	at junit.framework.TestCase.runTest(TestCase.java:168)
	at junit.framework.TestCase.runBare(TestCase.java:134)
	at junit.framework.TestResult$1.protect(TestResult.java:110)
	at junit.framework.TestResult.runProtected(TestResult.java:128)
	at junit.framework.TestResult.run(TestResult.java:113)
	at junit.framework.TestCase.run(TestCase.java:124)
	at junit.framework.TestSuite.runTest(TestSuite.java:232)
	at junit.framework.TestSuite.run(TestSuite.java:227)
	at org.junit.internal.runners.JUnit38ClassRunner.run(JUnit38ClassRunner.java:91)
	at org.apache.maven.surefire.junit4.JUnit4TestSet.execute(JUnit4TestSet.java:62)
	at org.apache.maven.surefire.suite.AbstractDirectoryTestSuite.executeTestSet(AbstractDirectoryTestSuite.java:140)
	at org.apache.maven.surefire.suite.AbstractDirectoryTestSuite.execute(AbstractDirectoryTestSuite.java:127)
	at org.apache.maven.surefire.Surefire.run(Surefire.java:177)
	at sun.reflect.NativeMethodAccessorImpl.invoke0(Native Method)
	at sun.reflect.NativeMethodAccessorImpl.invoke(NativeMethodAccessorImpl.java:39)
	at sun.reflect.DelegatingMethodAccessorImpl.invoke(DelegatingMethodAccessorImpl.java:25)
	at java.lang.reflect.Method.invoke(Method.java:597)
	at org.apache.maven.surefire.booter.SurefireBooter.runSuitesInProcess(SurefireBooter.java:345)
	at org.apache.maven.surefire.booter.SurefireBooter.main(SurefireBooter.java:1009)
Caused by: java.lang.IllegalStateException: Nested exception.
	at org.springmodules.xt.ajax.AjaxHandlerTest$8.testEvent(AjaxHandlerTest.java:125)
	... 29 more
15:31:56,052 ERROR AbstractAjaxHandler:78 - Exception while handling the given event with id: testEvent
15:31:56,927 DEBUG FactoryGeneratorInterceptor:205 - Put constructor arg with position and value: 0,SB
15:31:56,927 DEBUG FactoryGeneratorInterceptor:205 - Put constructor arg with position and value: 1,111
15:31:56,937 DEBUG FactoryGeneratorInterceptor:171 - Put property with name and value: firstname,Sergio
15:31:56,938 DEBUG FactoryGeneratorInterceptor:171 - Put property with name and value: surname,Bossa
15:31:56,940 DEBUG FactoryGeneratorInterceptor:182 - Put value property with name and value: value,value
15:31:56,941 DEBUG FactoryGeneratorInterceptor:224 - Read property with name and value: nickname,SB
15:31:56,941 DEBUG FactoryGeneratorInterceptor:224 - Read property with name and value: matriculationCode,111
15:31:56,942 DEBUG FactoryGeneratorInterceptor:224 - Read property with name and value: firstname,Sergio
15:31:56,943 DEBUG FactoryGeneratorInterceptor:224 - Read property with name and value: surname,Bossa
15:31:56,943 DEBUG FactoryGeneratorInterceptor:224 - Read property with name and value: value,value
15:31:56,944 DEBUG FactoryGeneratorInterceptor:205 - Put constructor arg with position and value: 0,SB
15:31:56,945 DEBUG FactoryGeneratorInterceptor:205 - Put constructor arg with position and value: 1,111
15:31:56,945 DEBUG FactoryGeneratorInterceptor:171 - Put property with name and value: firstname,Sergio
15:31:56,945 DEBUG FactoryGeneratorInterceptor:171 - Put property with name and value: surname,Bossa
15:31:56,947 DEBUG FactoryGeneratorInterceptor:230 - Making object of class: class org.springmodules.xt.test.domain.Employee
15:31:56,949 DEBUG FactoryGeneratorInterceptor:205 - Put constructor arg with position and value: 0,SB
15:31:56,949 DEBUG FactoryGeneratorInterceptor:171 - Put property with name and value: firstname,Sergio
15:31:56,949 DEBUG FactoryGeneratorInterceptor:171 - Put property with name and value: surname,Bossa
15:31:56,950 DEBUG FactoryGeneratorInterceptor:230 - Making object of class: class org.springmodules.xt.test.domain.Employee
15:31:57,064 DEBUG AbstractIntroductorInterceptor:95 - Found cached introduced method: setOffice
15:31:57,064 DEBUG AbstractIntroductorInterceptor:95 - Found cached introduced method: setOffice
15:31:57,064 DEBUG AbstractIntroductorInterceptor:95 - Found cached introduced method: setOffice
15:31:57,065 DEBUG BeanIntroductorInterceptor:119 - Introducing method: setOffice
15:31:57,065 DEBUG AbstractIntroductorInterceptor:95 - Found cached introduced method: setOffice
15:31:57,067 DEBUG AbstractIntroductorInterceptor:95 - Found cached introduced method: setOffice
15:31:57,067 DEBUG AbstractIntroductorInterceptor:95 - Found cached introduced method: setOffice
15:31:57,067 DEBUG BeanIntroductorInterceptor:119 - Introducing method: setOffice
15:31:57,068 DEBUG AbstractIntroductorInterceptor:95 - Found cached introduced method: getOffice
15:31:57,068 DEBUG AbstractIntroductorInterceptor:95 - Found cached introduced method: getOffice
15:31:57,068 DEBUG AbstractIntroductorInterceptor:95 - Found cached introduced method: getOffice
15:31:57,068 DEBUG BeanIntroductorInterceptor:119 - Introducing method: getOffice
15:31:57,069 DEBUG AbstractIntroductorInterceptor:95 - Found cached introduced method: getOffice
15:31:57,069 DEBUG AbstractIntroductorInterceptor:95 - Found cached introduced method: getOffice
15:31:57,069 DEBUG AbstractIntroductorInterceptor:95 - Found cached introduced method: getOffice
15:31:57,069 DEBUG BeanIntroductorInterceptor:119 - Introducing method: getOffice
15:31:57,071 DEBUG AbstractIntroductorInterceptor:95 - Found cached introduced method: setOffice
15:31:57,071 DEBUG AbstractIntroductorInterceptor:95 - Found cached introduced method: setOffice
15:31:57,071 DEBUG AbstractIntroductorInterceptor:95 - Found cached introduced method: setOffice
15:31:57,071 DEBUG BeanIntroductorInterceptor:119 - Introducing method: setOffice
15:31:57,072 DEBUG AbstractIntroductorInterceptor:95 - Found cached introduced method: setOffice
15:31:57,072 DEBUG AbstractIntroductorInterceptor:95 - Found cached introduced method: setOffice
15:31:57,072 DEBUG AbstractIntroductorInterceptor:95 - Found cached introduced method: setOffice
15:31:57,072 DEBUG BeanIntroductorInterceptor:119 - Introducing method: setOffice
15:31:57,073 DEBUG AbstractIntroductorInterceptor:95 - Found cached introduced method: getOffice
15:31:57,073 DEBUG AbstractIntroductorInterceptor:95 - Found cached introduced method: getOffice
15:31:57,073 DEBUG AbstractIntroductorInterceptor:95 - Found cached introduced method: getOffice
15:31:57,073 DEBUG BeanIntroductorInterceptor:119 - Introducing method: getOffice
15:31:57,074 DEBUG AbstractIntroductorInterceptor:95 - Found cached introduced method: getOffice
15:31:57,074 DEBUG AbstractIntroductorInterceptor:95 - Found cached introduced method: getOffice
15:31:57,074 DEBUG AbstractIntroductorInterceptor:95 - Found cached introduced method: getOffice
15:31:57,074 DEBUG BeanIntroductorInterceptor:119 - Introducing method: getOffice
15:31:57,144 DEBUG SpecificationGenericAdapter:52 - Adapting class org.springmodules.xt.test.domain.OfficeIdSpecification to interface org.apache.commons.collections.Predicate
15:31:57,145 DEBUG SpecificationGenericAdapter:52 - Adapting class org.springmodules.xt.test.domain.OfficeIdSpecification to interface org.apache.commons.collections.Predicate
15:31:57,146 DEBUG SpecificationGenericAdapter:52 - Adapting class org.springmodules.xt.test.domain.OfficeIdSpecification to interface org.apache.commons.collections.Predicate
15:31:57,146 DEBUG SpecificationGenericAdapter:52 - Adapting class org.springmodules.xt.test.domain.AvailableOfficeSpecification to interface org.apache.commons.collections.Predicate
15:31:57,147 DEBUG SpecificationGenericAdapter:52 - Adapting class org.springmodules.xt.test.domain.FullOfficeSpecification to interface org.apache.commons.collections.Predicate
15:31:57,147 DEBUG SpecificationGenericAdapter:52 - Adapting class org.springmodules.xt.test.domain.OfficeIdSpecification to interface org.apache.commons.collections.Predicate
15:31:57,147 DEBUG SpecificationGenericAdapter:52 - Adapting class org.springmodules.xt.test.domain.AvailableOfficeSpecification to interface org.apache.commons.collections.Predicate
15:31:57,147 DEBUG SpecificationGenericAdapter:52 - Adapting class org.springmodules.xt.test.domain.FullOfficeSpecification to interface org.apache.commons.collections.Predicate
15:31:57,148 DEBUG SpecificationGenericAdapter:52 - Adapting class org.springmodules.xt.test.domain.FullOfficeSpecification to interface org.apache.commons.collections.Predicate
15:31:57,173 DEBUG SpecificationGenericAdapter:52 - Adapting class org.springmodules.xt.test.domain.AvailableOfficeSpecification to interface org.apache.commons.collections.Predicate
15:31:57,173 DEBUG SpecificationGenericAdapter:52 - Adapting class org.springmodules.xt.test.domain.FullOfficeSpecification to interface org.apache.commons.collections.Predicate
15:31:57,173 DEBUG SpecificationGenericAdapter:52 - Adapting class org.springmodules.xt.test.domain.AvailableOfficeSpecification to interface org.apache.commons.collections.Predicate
15:31:57,175 DEBUG SpecificationGenericAdapter:52 - Adapting class org.springmodules.xt.test.domain.OfficeIdSpecification to interface org.apache.commons.collections.Predicate
15:31:57,175 DEBUG SpecificationGenericAdapter:52 - Adapting class org.springmodules.xt.test.domain.FullOfficeSpecification to interface org.apache.commons.collections.Predicate
15:31:57,176 DEBUG SpecificationGenericAdapter:52 - Adapting class org.springmodules.xt.test.domain.AvailableOfficeSpecification to interface org.apache.commons.collections.Predicate
15:31:57,176 DEBUG SpecificationGenericAdapter:52 - Adapting class org.springmodules.xt.test.domain.OfficeIdSpecification to interface org.apache.commons.collections.Predicate
15:31:57,177 DEBUG SpecificationGenericAdapter:52 - Adapting class org.springmodules.xt.test.domain.FullOfficeSpecification to interface org.apache.commons.collections.Predicate
15:31:57,177 DEBUG SpecificationGenericAdapter:52 - Adapting class org.springmodules.xt.test.domain.FullOfficeSpecification to interface org.apache.commons.collections.Predicate
15:31:57,177 DEBUG SpecificationGenericAdapter:52 - Adapting class org.springmodules.xt.test.domain.FullOfficeSpecification to interface org.apache.commons.collections.Predicate
15:31:57,178 DEBUG SpecificationGenericAdapter:52 - Adapting class org.springmodules.xt.test.domain.FullOfficeSpecification to interface org.apache.commons.collections.Predicate
15:31:57,178 DEBUG SpecificationGenericAdapter:52 - Adapting class org.springmodules.xt.test.domain.FullOfficeSpecification to interface org.apache.commons.collections.Predicate
15:31:57,179 DEBUG SpecificationGenericAdapter:52 - Adapting class org.springmodules.xt.test.domain.OfficeIdSpecification to interface org.apache.commons.collections.Predicate
15:31:57,179 DEBUG SpecificationGenericAdapter:52 - Adapting class org.springmodules.xt.test.domain.AvailableOfficeSpecification to interface org.apache.commons.collections.Predicate
15:31:57,179 DEBUG SpecificationGenericAdapter:52 - Adapting class org.springmodules.xt.test.domain.OfficeIdSpecification to interface org.apache.commons.collections.Predicate
15:31:57,180 DEBUG SpecificationGenericAdapter:52 - Adapting class org.springmodules.xt.test.domain.AvailableOfficeSpecification to interface org.apache.commons.collections.Predicate
15:31:57,180 DEBUG SpecificationGenericAdapter:52 - Adapting class org.springmodules.xt.test.domain.OfficeIdSpecification to interface org.apache.commons.collections.Predicate
15:31:57,181 DEBUG SpecificationGenericAdapter:52 - Adapting class org.springmodules.xt.test.domain.AvailableOfficeSpecification to interface org.apache.commons.collections.Predicate
15:31:57,259  WARN MVCFormDataAccessor:96 - java.lang.Object.getCommandName()
java.lang.NoSuchMethodException: java.lang.Object.getCommandName()
	at java.lang.Class.getMethod(Class.java:1605)
	at org.springmodules.xt.ajax.MVCFormDataAccessor.resolveCommandName(MVCFormDataAccessor.java:87)
	at org.springmodules.xt.ajax.MVCFormDataAccessor.getCommandObject(MVCFormDataAccessor.java:44)
	at org.springmodules.xt.ajax.MVCFormDataAccessorTest.testGetCommandObjectFails(MVCFormDataAccessorTest.java:92)
	at sun.reflect.NativeMethodAccessorImpl.invoke0(Native Method)
	at sun.reflect.NativeMethodAccessorImpl.invoke(NativeMethodAccessorImpl.java:39)
	at sun.reflect.DelegatingMethodAccessorImpl.invoke(DelegatingMethodAccessorImpl.java:25)
	at java.lang.reflect.Method.invoke(Method.java:597)
	at junit.framework.TestCase.runTest(TestCase.java:168)
	at junit.framework.TestCase.runBare(TestCase.java:134)
	at junit.framework.TestResult$1.protect(TestResult.java:110)
	at junit.framework.TestResult.runProtected(TestResult.java:128)
	at junit.framework.TestResult.run(TestResult.java:113)
	at junit.framework.TestCase.run(TestCase.java:124)
	at junit.framework.TestSuite.runTest(TestSuite.java:232)
	at junit.framework.TestSuite.run(TestSuite.java:227)
	at org.junit.internal.runners.JUnit38ClassRunner.run(JUnit38ClassRunner.java:91)
	at org.apache.maven.surefire.junit4.JUnit4TestSet.execute(JUnit4TestSet.java:62)
	at org.apache.maven.surefire.suite.AbstractDirectoryTestSuite.executeTestSet(AbstractDirectoryTestSuite.java:140)
	at org.apache.maven.surefire.suite.AbstractDirectoryTestSuite.execute(AbstractDirectoryTestSuite.java:127)
	at org.apache.maven.surefire.Surefire.run(Surefire.java:177)
	at sun.reflect.NativeMethodAccessorImpl.invoke0(Native Method)
	at sun.reflect.NativeMethodAccessorImpl.invoke(NativeMethodAccessorImpl.java:39)
	at sun.reflect.DelegatingMethodAccessorImpl.invoke(DelegatingMethodAccessorImpl.java:25)
	at java.lang.reflect.Method.invoke(Method.java:597)
	at org.apache.maven.surefire.booter.SurefireBooter.runSuitesInProcess(SurefireBooter.java:345)
	at org.apache.maven.surefire.booter.SurefireBooter.main(SurefireBooter.java:1009)
15:31:57,260  WARN MVCFormDataAccessor:48 - No command name found for handler : java.lang.Object@5fed27e4
15:31:57,433 DEBUG DefaultValidationHandler:183 - Putting errors in session for URL: http://localhost:80
15:31:57,453 DEBUG DefaultValidationHandler:183 - Putting errors in session for URL: http://localhost:80
15:31:57,492  INFO AjaxInterceptor:126 - Pre-handling ajax request for event: action
15:31:57,493 DEBUG AbstractAjaxHandler:103 - Event supported by method: public org.springmodules.xt.ajax.AjaxResponse org.springmodules.xt.test.ajax.DummyHandler.action(org.springmodules.xt.ajax.AjaxActionEvent)
15:31:57,493  WARN AjaxInterceptor:421 - Null model map for session: 4
15:31:57,494  INFO AbstractAjaxHandler:63 - Invoking method: public org.springmodules.xt.ajax.AjaxResponse org.springmodules.xt.test.ajax.DummyHandler.action(org.springmodules.xt.ajax.AjaxActionEvent)
15:31:57,494  INFO AjaxInterceptor:155 - Sending Ajax response after Ajax action.
15:31:57,494 DEBUG AjaxResponseSender:37 - Sending ajax response: <?xml version="1.0" encoding="ISO-8859-1"?>
<?xml-stylesheet type="text/css" href=""?>
<ajax-response xml:space="preserve">
<append-as-children><context><matcher matchMode="plain" contextNodeID="action"/></context><content>action</content></append-as-children>
</ajax-response>
15:31:57,495  INFO AjaxInterceptor:126 - Pre-handling ajax request for event: fail
15:31:57,496 ERROR AjaxInterceptor:167 - Cannot handling the given event with id: fail
org.springmodules.xt.ajax.support.UnsupportedEventException: Cannot handling the given event with id: fail
	at org.springmodules.xt.ajax.AjaxInterceptor.preHandle(AjaxInterceptor.java:152)
	at org.springmodules.xt.ajax.AjaxInterceptorTest.testPreHandleFailsWithUnsupportedEventException(AjaxInterceptorTest.java:72)
	at sun.reflect.NativeMethodAccessorImpl.invoke0(Native Method)
	at sun.reflect.NativeMethodAccessorImpl.invoke(NativeMethodAccessorImpl.java:39)
	at sun.reflect.DelegatingMethodAccessorImpl.invoke(DelegatingMethodAccessorImpl.java:25)
	at java.lang.reflect.Method.invoke(Method.java:597)
	at junit.framework.TestCase.runTest(TestCase.java:168)
	at junit.framework.TestCase.runBare(TestCase.java:134)
	at org.springframework.test.ConditionalTestCase.runBare(ConditionalTestCase.java:76)
	at junit.framework.TestResult$1.protect(TestResult.java:110)
	at junit.framework.TestResult.runProtected(TestResult.java:128)
	at junit.framework.TestResult.run(TestResult.java:113)
	at junit.framework.TestCase.run(TestCase.java:124)
	at junit.framework.TestSuite.runTest(TestSuite.java:232)
	at junit.framework.TestSuite.run(TestSuite.java:227)
	at org.junit.internal.runners.JUnit38ClassRunner.run(JUnit38ClassRunner.java:91)
	at org.apache.maven.surefire.junit4.JUnit4TestSet.execute(JUnit4TestSet.java:62)
	at org.apache.maven.surefire.suite.AbstractDirectoryTestSuite.executeTestSet(AbstractDirectoryTestSuite.java:140)
	at org.apache.maven.surefire.suite.AbstractDirectoryTestSuite.execute(AbstractDirectoryTestSuite.java:127)
	at org.apache.maven.surefire.Surefire.run(Surefire.java:177)
	at sun.reflect.NativeMethodAccessorImpl.invoke0(Native Method)
	at sun.reflect.NativeMethodAccessorImpl.invoke(NativeMethodAccessorImpl.java:39)
	at sun.reflect.DelegatingMethodAccessorImpl.invoke(DelegatingMethodAccessorImpl.java:25)
	at java.lang.reflect.Method.invoke(Method.java:597)
	at org.apache.maven.surefire.booter.SurefireBooter.runSuitesInProcess(SurefireBooter.java:345)
	at org.apache.maven.surefire.booter.SurefireBooter.main(SurefireBooter.java:1009)
15:31:57,497  INFO AjaxInterceptor:126 - Pre-handling ajax request for event: fail
15:31:57,497 ERROR AjaxInterceptor:167 - Cannot find an handler matching the request: /ajax/test2.action
org.springmodules.xt.ajax.support.NoMatchingHandlerException: Cannot find an handler matching the request: /ajax/test2.action
	at org.springmodules.xt.ajax.AjaxInterceptor.preHandle(AjaxInterceptor.java:130)
	at org.springmodules.xt.ajax.AjaxInterceptorTest.testPreHandleFailsWithNoMatchingHandlerException(AjaxInterceptorTest.java:92)
	at sun.reflect.NativeMethodAccessorImpl.invoke0(Native Method)
	at sun.reflect.NativeMethodAccessorImpl.invoke(NativeMethodAccessorImpl.java:39)
	at sun.reflect.DelegatingMethodAccessorImpl.invoke(DelegatingMethodAccessorImpl.java:25)
	at java.lang.reflect.Method.invoke(Method.java:597)
	at junit.framework.TestCase.runTest(TestCase.java:168)
	at junit.framework.TestCase.runBare(TestCase.java:134)
	at org.springframework.test.ConditionalTestCase.runBare(ConditionalTestCase.java:76)
	at junit.framework.TestResult$1.protect(TestResult.java:110)
	at junit.framework.TestResult.runProtected(TestResult.java:128)
	at junit.framework.TestResult.run(TestResult.java:113)
	at junit.framework.TestCase.run(TestCase.java:124)
	at junit.framework.TestSuite.runTest(TestSuite.java:232)
	at junit.framework.TestSuite.run(TestSuite.java:227)
	at org.junit.internal.runners.JUnit38ClassRunner.run(JUnit38ClassRunner.java:91)
	at org.apache.maven.surefire.junit4.JUnit4TestSet.execute(JUnit4TestSet.java:62)
	at org.apache.maven.surefire.suite.AbstractDirectoryTestSuite.executeTestSet(AbstractDirectoryTestSuite.java:140)
	at org.apache.maven.surefire.suite.AbstractDirectoryTestSuite.execute(AbstractDirectoryTestSuite.java:127)
	at org.apache.maven.surefire.Surefire.run(Surefire.java:177)
	at sun.reflect.NativeMethodAccessorImpl.invoke0(Native Method)
	at sun.reflect.NativeMethodAccessorImpl.invoke(NativeMethodAccessorImpl.java:39)
	at sun.reflect.DelegatingMethodAccessorImpl.invoke(DelegatingMethodAccessorImpl.java:25)
	at java.lang.reflect.Method.invoke(Method.java:597)
	at org.apache.maven.surefire.booter.SurefireBooter.runSuitesInProcess(SurefireBooter.java:345)
	at org.apache.maven.surefire.booter.SurefireBooter.main(SurefireBooter.java:1009)
15:31:57,549  INFO AjaxInterceptor:211 - Post-handling ajax request for event: submit
15:31:57,550 DEBUG AbstractAjaxHandler:103 - Event supported by method: public org.springmodules.xt.ajax.AjaxResponse org.springmodules.xt.test.ajax.DummySubmitHandler.submit(org.springmodules.xt.ajax.AjaxSubmitEvent)
15:31:57,553  INFO AbstractAjaxHandler:63 - Invoking method: public org.springmodules.xt.ajax.AjaxResponse org.springmodules.xt.test.ajax.DummySubmitHandler.submit(org.springmodules.xt.ajax.AjaxSubmitEvent)
15:31:57,554 DEBUG AjaxResponseSender:37 - Sending ajax response: <?xml version="1.0" encoding="ISO-8859-1"?>
<?xml-stylesheet type="text/css" href=""?>
<ajax-response xml:space="preserve">
<append-as-children><context><matcher matchMode="plain" contextNodeID="submit"/></context><content>submit</content></append-as-children>
</ajax-response>
15:31:57,569  INFO AjaxInterceptor:211 - Post-handling ajax request for event: validate
15:31:57,570 DEBUG AbstractAjaxHandler:103 - Event supported by method: public org.springmodules.xt.ajax.AjaxResponse org.springmodules.xt.ajax.validation.DefaultValidationHandler.validate(org.springmodules.xt.ajax.AjaxSubmitEvent)
15:31:57,570  INFO AbstractAjaxHandler:63 - Invoking method: public org.springmodules.xt.ajax.AjaxResponse org.springmodules.xt.ajax.validation.DefaultValidationHandler.validate(org.springmodules.xt.ajax.AjaxSubmitEvent)
15:31:57,571 DEBUG AjaxResponseSender:37 - Sending ajax response: <?xml version="1.0" encoding="ISO-8859-1"?>
<?xml-stylesheet type="text/css" href=""?>
<ajax-response xml:space="preserve">
<redirect><content><target url="/ajax/success.page"/></content></redirect>
</ajax-response>
15:31:57,594  INFO AjaxInterceptor:211 - Post-handling ajax request for event: validate
15:31:57,594 DEBUG AbstractAjaxHandler:103 - Event supported by method: public org.springmodules.xt.ajax.AjaxResponse org.springmodules.xt.ajax.validation.DefaultValidationHandler.validate(org.springmodules.xt.ajax.AjaxSubmitEvent)
15:31:57,594  INFO AbstractAjaxHandler:63 - Invoking method: public org.springmodules.xt.ajax.AjaxResponse org.springmodules.xt.ajax.validation.DefaultValidationHandler.validate(org.springmodules.xt.ajax.AjaxSubmitEvent)
15:31:57,595 DEBUG AjaxResponseSender:37 - Sending ajax response: <?xml version="1.0" encoding="ISO-8859-1"?>
<?xml-stylesheet type="text/css" href=""?>
<ajax-response xml:space="preserve">
<redirect><content><target url="/ajax/success.page"/></content></redirect>
</ajax-response>
15:31:57,609  INFO AjaxInterceptor:211 - Post-handling ajax request for event: fail
15:31:57,610 ERROR AjaxInterceptor:264 - Cannot handling the given event with id: fail
org.springmodules.xt.ajax.support.UnsupportedEventException: Cannot handling the given event with id: fail
	at org.springmodules.xt.ajax.AjaxInterceptor.postHandle(AjaxInterceptor.java:240)
	at org.springmodules.xt.ajax.AjaxInterceptorTest.testPostHandleFailsWithUnsupportedEventException(AjaxInterceptorTest.java:205)
	at sun.reflect.NativeMethodAccessorImpl.invoke0(Native Method)
	at sun.reflect.NativeMethodAccessorImpl.invoke(NativeMethodAccessorImpl.java:39)
	at sun.reflect.DelegatingMethodAccessorImpl.invoke(DelegatingMethodAccessorImpl.java:25)
	at java.lang.reflect.Method.invoke(Method.java:597)
	at junit.framework.TestCase.runTest(TestCase.java:168)
	at junit.framework.TestCase.runBare(TestCase.java:134)
	at org.springframework.test.ConditionalTestCase.runBare(ConditionalTestCase.java:76)
	at junit.framework.TestResult$1.protect(TestResult.java:110)
	at junit.framework.TestResult.runProtected(TestResult.java:128)
	at junit.framework.TestResult.run(TestResult.java:113)
	at junit.framework.TestCase.run(TestCase.java:124)
	at junit.framework.TestSuite.runTest(TestSuite.java:232)
	at junit.framework.TestSuite.run(TestSuite.java:227)
	at org.junit.internal.runners.JUnit38ClassRunner.run(JUnit38ClassRunner.java:91)
	at org.apache.maven.surefire.junit4.JUnit4TestSet.execute(JUnit4TestSet.java:62)
	at org.apache.maven.surefire.suite.AbstractDirectoryTestSuite.executeTestSet(AbstractDirectoryTestSuite.java:140)
	at org.apache.maven.surefire.suite.AbstractDirectoryTestSuite.execute(AbstractDirectoryTestSuite.java:127)
	at org.apache.maven.surefire.Surefire.run(Surefire.java:177)
	at sun.reflect.NativeMethodAccessorImpl.invoke0(Native Method)
	at sun.reflect.NativeMethodAccessorImpl.invoke(NativeMethodAccessorImpl.java:39)
	at sun.reflect.DelegatingMethodAccessorImpl.invoke(DelegatingMethodAccessorImpl.java:25)
	at java.lang.reflect.Method.invoke(Method.java:597)
	at org.apache.maven.surefire.booter.SurefireBooter.runSuitesInProcess(SurefireBooter.java:345)
	at org.apache.maven.surefire.booter.SurefireBooter.main(SurefireBooter.java:1009)
15:31:57,632  INFO AjaxInterceptor:211 - Post-handling ajax request for event: fail
15:31:57,633 ERROR AjaxInterceptor:264 - Cannot find an handler matching the request: /ajax/submit2.action
org.springmodules.xt.ajax.support.NoMatchingHandlerException: Cannot find an handler matching the request: /ajax/submit2.action
	at org.springmodules.xt.ajax.AjaxInterceptor.postHandle(AjaxInterceptor.java:215)
	at org.springmodules.xt.ajax.AjaxInterceptorTest.testPostHandleFailsWithNoMatchingHandlerException(AjaxInterceptorTest.java:237)
	at sun.reflect.NativeMethodAccessorImpl.invoke0(Native Method)
	at sun.reflect.NativeMethodAccessorImpl.invoke(NativeMethodAccessorImpl.java:39)
	at sun.reflect.DelegatingMethodAccessorImpl.invoke(DelegatingMethodAccessorImpl.java:25)
	at java.lang.reflect.Method.invoke(Method.java:597)
	at junit.framework.TestCase.runTest(TestCase.java:168)
	at junit.framework.TestCase.runBare(TestCase.java:134)
	at org.springframework.test.ConditionalTestCase.runBare(ConditionalTestCase.java:76)
	at junit.framework.TestResult$1.protect(TestResult.java:110)
	at junit.framework.TestResult.runProtected(TestResult.java:128)
	at junit.framework.TestResult.run(TestResult.java:113)
	at junit.framework.TestCase.run(TestCase.java:124)
	at junit.framework.TestSuite.runTest(TestSuite.java:232)
	at junit.framework.TestSuite.run(TestSuite.java:227)
	at org.junit.internal.runners.JUnit38ClassRunner.run(JUnit38ClassRunner.java:91)
	at org.apache.maven.surefire.junit4.JUnit4TestSet.execute(JUnit4TestSet.java:62)
	at org.apache.maven.surefire.suite.AbstractDirectoryTestSuite.executeTestSet(AbstractDirectoryTestSuite.java:140)
	at org.apache.maven.surefire.suite.AbstractDirectoryTestSuite.execute(AbstractDirectoryTestSuite.java:127)
	at org.apache.maven.surefire.Surefire.run(Surefire.java:177)
	at sun.reflect.NativeMethodAccessorImpl.invoke0(Native Method)
	at sun.reflect.NativeMethodAccessorImpl.invoke(NativeMethodAccessorImpl.java:39)
	at sun.reflect.DelegatingMethodAccessorImpl.invoke(DelegatingMethodAccessorImpl.java:25)
	at java.lang.reflect.Method.invoke(Method.java:597)
	at org.apache.maven.surefire.booter.SurefireBooter.runSuitesInProcess(SurefireBooter.java:345)
	at org.apache.maven.surefire.booter.SurefireBooter.main(SurefireBooter.java:1009)
15:31:57,674  INFO AjaxInterceptor:194 - Null ModelAndView object, proceeding without Ajax processing ...
15:31:57,713 DEBUG AjaxResponseSender:37 - Sending ajax response: <?xml version="1.0" encoding="ISO-8859-1"?>
<?xml-stylesheet type="text/css" href=""?>
<ajax-response xml:space="preserve">
<replace-children><context><matcher matchMode="plain" contextNodeID="test"/></context><content>simple text</content></replace-children>
</ajax-response>
15:31:57,714 DEBUG AjaxResponseSender:37 - Sending ajax response: <?xml version="1.0" encoding="UTF-8"?>
<?xml-stylesheet type="text/css" href=""?>
<ajax-response xml:space="preserve">
<replace-children><context><matcher matchMode="plain" contextNodeID="test"/></context><content>questo è un semplice testo</content></replace-children>
</ajax-response>
15:31:57,716 DEBUG SpecificationGenericAdapter:52 - Adapting class org.springmodules.xt.test.domain.AvailableOfficeSpecification to interface org.apache.commons.collections.Predicate
15:31:57,717 DEBUG PredicateCompositeAdapter:45 - Adapting interface org.springmodules.xt.model.specifications.composite.CompositeSpecification to interface org.apache.commons.collections.Predicate
15:31:57,717 DEBUG SpecificationGenericAdapter:52 - Adapting class org.springmodules.xt.test.domain.AvailableOfficeSpecification to interface org.apache.commons.collections.Predicate
15:32:18,439 DEBUG AbstractIntroductorInterceptor:95 - Found cached introduced method: setOffice
15:32:18,441 DEBUG AbstractIntroductorInterceptor:95 - Found cached introduced method: setOffice
15:32:18,441 DEBUG AbstractIntroductorInterceptor:95 - Found cached introduced method: setOffice
15:32:18,442 DEBUG BeanIntroductorInterceptor:119 - Introducing method: setOffice
15:32:18,442 DEBUG AbstractIntroductorInterceptor:95 - Found cached introduced method: setOffice
15:32:18,443 DEBUG AbstractIntroductorInterceptor:95 - Found cached introduced method: setOffice
15:32:18,443 DEBUG AbstractIntroductorInterceptor:95 - Found cached introduced method: setOffice
15:32:18,443 DEBUG BeanIntroductorInterceptor:119 - Introducing method: setOffice
15:32:18,444 DEBUG AbstractIntroductorInterceptor:95 - Found cached introduced method: getOffice
15:32:18,444 DEBUG AbstractIntroductorInterceptor:95 - Found cached introduced method: getOffice
15:32:18,444 DEBUG AbstractIntroductorInterceptor:95 - Found cached introduced method: getOffice
15:32:18,445 DEBUG BeanIntroductorInterceptor:119 - Introducing method: getOffice
15:32:18,445 DEBUG AbstractIntroductorInterceptor:95 - Found cached introduced method: getOffice
15:32:18,445 DEBUG AbstractIntroductorInterceptor:95 - Found cached introduced method: getOffice
15:32:18,445 DEBUG AbstractIntroductorInterceptor:95 - Found cached introduced method: getOffice
15:32:18,446 DEBUG BeanIntroductorInterceptor:119 - Introducing method: getOffice
15:32:18,447 DEBUG AbstractIntroductorInterceptor:95 - Found cached introduced method: setOffice
15:32:18,447 DEBUG AbstractIntroductorInterceptor:95 - Found cached introduced method: setOffice
15:32:18,448 DEBUG AbstractIntroductorInterceptor:95 - Found cached introduced method: setOffice
15:32:18,448 DEBUG BeanIntroductorInterceptor:119 - Introducing method: setOffice
15:32:18,448 DEBUG AbstractIntroductorInterceptor:95 - Found cached introduced method: setOffice
15:32:18,449 DEBUG AbstractIntroductorInterceptor:95 - Found cached introduced method: setOffice
15:32:18,449 DEBUG AbstractIntroductorInterceptor:95 - Found cached introduced method: setOffice
15:32:18,449 DEBUG BeanIntroductorInterceptor:119 - Introducing method: setOffice
15:32:18,450 DEBUG AbstractIntroductorInterceptor:95 - Found cached introduced method: getOffice
15:32:18,450 DEBUG AbstractIntroductorInterceptor:95 - Found cached introduced method: getOffice
15:32:18,450 DEBUG AbstractIntroductorInterceptor:95 - Found cached introduced method: getOffice
15:32:18,451 DEBUG BeanIntroductorInterceptor:119 - Introducing method: getOffice
15:32:18,451 DEBUG AbstractIntroductorInterceptor:95 - Found cached introduced method: getOffice
15:32:18,451 DEBUG AbstractIntroductorInterceptor:95 - Found cached introduced method: getOffice
15:32:18,451 DEBUG AbstractIntroductorInterceptor:95 - Found cached introduced method: getOffice
15:32:18,452 DEBUG BeanIntroductorInterceptor:119 - Introducing method: getOffice
15:32:18,639 DEBUG PredicateGenericAdapter:82 - Adapting class org.springmodules.xt.test.domain.AvailableOfficeSpecification to interface org.apache.commons.collections.Predicate
15:32:18,657  INFO AjaxExceptionHandlerResolverTest:187 - Loading context for locations: testApplicationContext.xml
15:32:18,860 ERROR AjaxExceptionHandlerResolver:71 - exception
org.springmodules.xt.ajax.support.UnsupportedEventException: exception
	at org.springmodules.xt.ajax.AjaxExceptionHandlerResolverTest.testResolveException1(AjaxExceptionHandlerResolverTest.java:45)
	at sun.reflect.NativeMethodAccessorImpl.invoke0(Native Method)
	at sun.reflect.NativeMethodAccessorImpl.invoke(NativeMethodAccessorImpl.java:39)
	at sun.reflect.DelegatingMethodAccessorImpl.invoke(DelegatingMethodAccessorImpl.java:25)
	at java.lang.reflect.Method.invoke(Method.java:597)
	at junit.framework.TestCase.runTest(TestCase.java:168)
	at junit.framework.TestCase.runBare(TestCase.java:134)
	at org.springframework.test.ConditionalTestCase.runBare(ConditionalTestCase.java:76)
	at junit.framework.TestResult$1.protect(TestResult.java:110)
	at junit.framework.TestResult.runProtected(TestResult.java:128)
	at junit.framework.TestResult.run(TestResult.java:113)
	at junit.framework.TestCase.run(TestCase.java:124)
	at junit.framework.TestSuite.runTest(TestSuite.java:232)
	at junit.framework.TestSuite.run(TestSuite.java:227)
	at org.junit.internal.runners.JUnit38ClassRunner.run(JUnit38ClassRunner.java:91)
	at org.apache.maven.surefire.junit4.JUnit4TestSet.execute(JUnit4TestSet.java:62)
	at org.apache.maven.surefire.suite.AbstractDirectoryTestSuite.executeTestSet(AbstractDirectoryTestSuite.java:140)
	at org.apache.maven.surefire.suite.AbstractDirectoryTestSuite.execute(AbstractDirectoryTestSuite.java:127)
	at org.apache.maven.surefire.Surefire.run(Surefire.java:177)
	at sun.reflect.NativeMethodAccessorImpl.invoke0(Native Method)
	at sun.reflect.NativeMethodAccessorImpl.invoke(NativeMethodAccessorImpl.java:39)
	at sun.reflect.DelegatingMethodAccessorImpl.invoke(DelegatingMethodAccessorImpl.java:25)
	at java.lang.reflect.Method.invoke(Method.java:597)
	at org.apache.maven.surefire.booter.SurefireBooter.runSuitesInProcess(SurefireBooter.java:345)
	at org.apache.maven.surefire.booter.SurefireBooter.main(SurefireBooter.java:1009)
15:32:18,862  INFO AjaxExceptionHandlerResolver:75 - Resolving exception of type : class org.springmodules.xt.ajax.support.UnsupportedEventException
15:32:18,863 DEBUG AjaxResponseSender:37 - Sending ajax response: <?xml version="1.0" encoding="ISO-8859-1"?>
<?xml-stylesheet type="text/css" href=""?>
<ajax-response xml:space="preserve">
<redirect><content><target url="/test/redirect1.html?exceptionMessage=exception"/></content></redirect>
</ajax-response>
15:32:18,871 ERROR AjaxExceptionHandlerResolver:71 - exception
org.springmodules.xt.ajax.support.UnsupportedEventException: exception
	at org.springmodules.xt.ajax.AjaxExceptionHandlerResolverTest.testResolveException2(AjaxExceptionHandlerResolverTest.java:58)
	at sun.reflect.NativeMethodAccessorImpl.invoke0(Native Method)
	at sun.reflect.NativeMethodAccessorImpl.invoke(NativeMethodAccessorImpl.java:39)
	at sun.reflect.DelegatingMethodAccessorImpl.invoke(DelegatingMethodAccessorImpl.java:25)
	at java.lang.reflect.Method.invoke(Method.java:597)
	at junit.framework.TestCase.runTest(TestCase.java:168)
	at junit.framework.TestCase.runBare(TestCase.java:134)
	at org.springframework.test.ConditionalTestCase.runBare(ConditionalTestCase.java:76)
	at junit.framework.TestResult$1.protect(TestResult.java:110)
	at junit.framework.TestResult.runProtected(TestResult.java:128)
	at junit.framework.TestResult.run(TestResult.java:113)
	at junit.framework.TestCase.run(TestCase.java:124)
	at junit.framework.TestSuite.runTest(TestSuite.java:232)
	at junit.framework.TestSuite.run(TestSuite.java:227)
	at org.junit.internal.runners.JUnit38ClassRunner.run(JUnit38ClassRunner.java:91)
	at org.apache.maven.surefire.junit4.JUnit4TestSet.execute(JUnit4TestSet.java:62)
	at org.apache.maven.surefire.suite.AbstractDirectoryTestSuite.executeTestSet(AbstractDirectoryTestSuite.java:140)
	at org.apache.maven.surefire.suite.AbstractDirectoryTestSuite.execute(AbstractDirectoryTestSuite.java:127)
	at org.apache.maven.surefire.Surefire.run(Surefire.java:177)
	at sun.reflect.NativeMethodAccessorImpl.invoke0(Native Method)
	at sun.reflect.NativeMethodAccessorImpl.invoke(NativeMethodAccessorImpl.java:39)
	at sun.reflect.DelegatingMethodAccessorImpl.invoke(DelegatingMethodAccessorImpl.java:25)
	at java.lang.reflect.Method.invoke(Method.java:597)
	at org.apache.maven.surefire.booter.SurefireBooter.runSuitesInProcess(SurefireBooter.java:345)
	at org.apache.maven.surefire.booter.SurefireBooter.main(SurefireBooter.java:1009)
15:32:18,876  INFO AjaxExceptionHandlerResolver:75 - Resolving exception of type : class org.springmodules.xt.ajax.support.UnsupportedEventException
15:32:18,877 DEBUG AjaxResponseSender:37 - Sending ajax response: <?xml version="1.0" encoding="ISO-8859-1"?>
<?xml-stylesheet type="text/css" href=""?>
<ajax-response xml:space="preserve">
<redirect><content><target url="/test/redirect1.html?exceptionMessage=exception"/></content></redirect>
</ajax-response>
15:32:19,039 DEBUG AbstractIntroductorInterceptor:95 - Found cached introduced method: setOffice
15:32:19,040 DEBUG AbstractIntroductorInterceptor:95 - Found cached introduced method: setOffice
15:32:19,040 DEBUG AbstractIntroductorInterceptor:95 - Found cached introduced method: setOffice
15:32:19,040 DEBUG BeanIntroductorInterceptor:119 - Introducing method: setOffice
15:32:19,043 DEBUG AbstractIntroductorInterceptor:95 - Found cached introduced method: setOffice
15:32:19,043 DEBUG AbstractIntroductorInterceptor:95 - Found cached introduced method: setOffice
15:32:19,043 DEBUG AbstractIntroductorInterceptor:95 - Found cached introduced method: setOffice
15:32:19,043 DEBUG BeanIntroductorInterceptor:119 - Introducing method: setOffice
15:32:19,044 DEBUG AbstractIntroductorInterceptor:95 - Found cached introduced method: getOffice
15:32:19,044 DEBUG AbstractIntroductorInterceptor:95 - Found cached introduced method: getOffice
15:32:19,044 DEBUG AbstractIntroductorInterceptor:95 - Found cached introduced method: getOffice
15:32:19,044 DEBUG BeanIntroductorInterceptor:119 - Introducing method: getOffice
15:32:19,045 DEBUG AbstractIntroductorInterceptor:95 - Found cached introduced method: getOffice
15:32:19,045 DEBUG AbstractIntroductorInterceptor:95 - Found cached introduced method: getOffice
15:32:19,045 DEBUG AbstractIntroductorInterceptor:95 - Found cached introduced method: getOffice
15:32:19,046 DEBUG BeanIntroductorInterceptor:119 - Introducing method: getOffice
15:32:19,047 DEBUG AbstractIntroductorInterceptor:95 - Found cached introduced method: setOffice
15:32:19,048 DEBUG AbstractIntroductorInterceptor:95 - Found cached introduced method: setOffice
15:32:19,048 DEBUG AbstractIntroductorInterceptor:95 - Found cached introduced method: setOffice
15:32:19,048 DEBUG BeanIntroductorInterceptor:119 - Introducing method: setOffice
15:32:19,049 DEBUG AbstractIntroductorInterceptor:95 - Found cached introduced method: setOffice
15:32:19,049 DEBUG AbstractIntroductorInterceptor:95 - Found cached introduced method: setOffice
15:32:19,049 DEBUG AbstractIntroductorInterceptor:95 - Found cached introduced method: setOffice
15:32:19,049 DEBUG BeanIntroductorInterceptor:119 - Introducing method: setOffice
15:32:19,050 DEBUG AbstractIntroductorInterceptor:95 - Found cached introduced method: getOffice
15:32:19,050 DEBUG AbstractIntroductorInterceptor:95 - Found cached introduced method: getOffice
15:32:19,050 DEBUG AbstractIntroductorInterceptor:95 - Found cached introduced method: getOffice
15:32:19,050 DEBUG BeanIntroductorInterceptor:119 - Introducing method: getOffice
15:32:19,051 DEBUG AbstractIntroductorInterceptor:95 - Found cached introduced method: getOffice
15:32:19,051 DEBUG AbstractIntroductorInterceptor:95 - Found cached introduced method: getOffice
15:32:19,051 DEBUG AbstractIntroductorInterceptor:95 - Found cached introduced method: getOffice
15:32:19,052 DEBUG BeanIntroductorInterceptor:119 - Introducing method: getOffice
15:32:19,053 DEBUG AbstractIntroductorInterceptor:95 - Found cached introduced method: getMatriculationCode
15:32:19,053 DEBUG AbstractIntroductorInterceptor:95 - Found cached introduced method: getMatriculationCode
15:32:19,053 DEBUG BeanIntroductorInterceptor:74 - Executing on target; method: getMatriculationCode
15:32:19,054 DEBUG AbstractIntroductorInterceptor:95 - Found cached introduced method: getMatriculationCode
15:32:19,054 DEBUG AbstractIntroductorInterceptor:95 - Found cached introduced method: getMatriculationCode
15:32:19,054 DEBUG BeanIntroductorInterceptor:74 - Executing on target; method: getMatriculationCode
15:32:19,055 DEBUG AbstractIntroductorInterceptor:95 - Found cached introduced method: getMatriculationCode
15:32:19,055 DEBUG AbstractIntroductorInterceptor:95 - Found cached introduced method: getMatriculationCode
15:32:19,056 DEBUG BeanIntroductorInterceptor:74 - Executing on target; method: getMatriculationCode
15:32:19,056 DEBUG AbstractIntroductorInterceptor:95 - Found cached introduced method: getMatriculationCode
15:32:19,056 DEBUG AbstractIntroductorInterceptor:95 - Found cached introduced method: getMatriculationCode
15:32:19,057 DEBUG BeanIntroductorInterceptor:74 - Executing on target; method: getMatriculationCode
15:32:19,063  INFO AbstractAjaxHandler:63 - Invoking method: public org.springmodules.xt.ajax.AjaxResponse org.springmodules.xt.ajax.AjaxHandlerTest$1.testEvent(org.springmodules.xt.ajax.AjaxEvent)
15:32:19,064  INFO AbstractAjaxHandler:63 - Invoking method: public org.springmodules.xt.ajax.AjaxResponse org.springmodules.xt.ajax.AjaxHandlerTest$2.testEvent(org.springmodules.xt.ajax.AjaxActionEvent)
15:32:19,065  INFO AbstractAjaxHandler:63 - Invoking method: public org.springmodules.xt.ajax.AjaxResponse org.springmodules.xt.ajax.AjaxHandlerTest$3.testEvent(org.springmodules.xt.ajax.AjaxSubmitEvent)
15:32:19,065 DEBUG AbstractAjaxHandler:103 - Event supported by method: public org.springmodules.xt.ajax.AjaxResponse org.springmodules.xt.ajax.AjaxHandlerTest$4.testEvent(org.springmodules.xt.ajax.AjaxEvent)
15:32:19,076 DEBUG AbstractAjaxHandler:103 - Event supported by method: public org.springmodules.xt.ajax.AjaxResponse org.springmodules.xt.ajax.AjaxHandlerTest$5.testEvent(org.springmodules.xt.ajax.AjaxActionEvent)
15:32:19,077 DEBUG AbstractAjaxHandler:103 - Event supported by method: public org.springmodules.xt.ajax.AjaxResponse org.springmodules.xt.ajax.AjaxHandlerTest$6.testEvent(org.springmodules.xt.ajax.AjaxSubmitEvent)
15:32:19,078  INFO AbstractAjaxHandler:63 - Invoking method: public org.springmodules.xt.ajax.AjaxResponse org.springmodules.xt.ajax.AjaxHandlerTest$8.testEvent(org.springmodules.xt.ajax.AjaxActionEvent)
15:32:19,078 ERROR AbstractAjaxHandler:77 - 
java.lang.reflect.InvocationTargetException
	at sun.reflect.NativeMethodAccessorImpl.invoke0(Native Method)
	at sun.reflect.NativeMethodAccessorImpl.invoke(NativeMethodAccessorImpl.java:39)
	at sun.reflect.DelegatingMethodAccessorImpl.invoke(DelegatingMethodAccessorImpl.java:25)
	at java.lang.reflect.Method.invoke(Method.java:597)
	at org.springmodules.xt.ajax.AbstractAjaxHandler.handle(AbstractAjaxHandler.java:64)
	at org.springmodules.xt.ajax.AjaxHandlerTest.testThrowingExceptionDuringEventHandling(AjaxHandlerTest.java:132)
	at sun.reflect.NativeMethodAccessorImpl.invoke0(Native Method)
	at sun.reflect.NativeMethodAccessorImpl.invoke(NativeMethodAccessorImpl.java:39)
	at sun.reflect.DelegatingMethodAccessorImpl.invoke(DelegatingMethodAccessorImpl.java:25)
	at java.lang.reflect.Method.invoke(Method.java:597)
	at junit.framework.TestCase.runTest(TestCase.java:168)
	at junit.framework.TestCase.runBare(TestCase.java:134)
	at junit.framework.TestResult$1.protect(TestResult.java:110)
	at junit.framework.TestResult.runProtected(TestResult.java:128)
	at junit.framework.TestResult.run(TestResult.java:113)
	at junit.framework.TestCase.run(TestCase.java:124)
	at junit.framework.TestSuite.runTest(TestSuite.java:232)
	at junit.framework.TestSuite.run(TestSuite.java:227)
	at org.junit.internal.runners.JUnit38ClassRunner.run(JUnit38ClassRunner.java:91)
	at org.apache.maven.surefire.junit4.JUnit4TestSet.execute(JUnit4TestSet.java:62)
	at org.apache.maven.surefire.suite.AbstractDirectoryTestSuite.executeTestSet(AbstractDirectoryTestSuite.java:140)
	at org.apache.maven.surefire.suite.AbstractDirectoryTestSuite.execute(AbstractDirectoryTestSuite.java:127)
	at org.apache.maven.surefire.Surefire.run(Surefire.java:177)
	at sun.reflect.NativeMethodAccessorImpl.invoke0(Native Method)
	at sun.reflect.NativeMethodAccessorImpl.invoke(NativeMethodAccessorImpl.java:39)
	at sun.reflect.DelegatingMethodAccessorImpl.invoke(DelegatingMethodAccessorImpl.java:25)
	at java.lang.reflect.Method.invoke(Method.java:597)
	at org.apache.maven.surefire.booter.SurefireBooter.runSuitesInProcess(SurefireBooter.java:345)
	at org.apache.maven.surefire.booter.SurefireBooter.main(SurefireBooter.java:1009)
Caused by: java.lang.IllegalStateException: Nested exception.
	at org.springmodules.xt.ajax.AjaxHandlerTest$8.testEvent(AjaxHandlerTest.java:125)
	... 29 more
15:32:19,079 ERROR AbstractAjaxHandler:78 - Exception while handling the given event with id: testEvent
15:32:19,979 DEBUG FactoryGeneratorInterceptor:205 - Put constructor arg with position and value: 0,SB
15:32:19,979 DEBUG FactoryGeneratorInterceptor:205 - Put constructor arg with position and value: 1,111
15:32:19,982 DEBUG FactoryGeneratorInterceptor:171 - Put property with name and value: firstname,Sergio
15:32:19,982 DEBUG FactoryGeneratorInterceptor:171 - Put property with name and value: surname,Bossa
15:32:19,984 DEBUG FactoryGeneratorInterceptor:182 - Put value property with name and value: value,value
15:32:19,984 DEBUG FactoryGeneratorInterceptor:224 - Read property with name and value: nickname,SB
15:32:19,984 DEBUG FactoryGeneratorInterceptor:224 - Read property with name and value: matriculationCode,111
15:32:19,984 DEBUG FactoryGeneratorInterceptor:224 - Read property with name and value: firstname,Sergio
15:32:19,985 DEBUG FactoryGeneratorInterceptor:224 - Read property with name and value: surname,Bossa
15:32:19,985 DEBUG FactoryGeneratorInterceptor:224 - Read property with name and value: value,value
15:32:19,986 DEBUG FactoryGeneratorInterceptor:205 - Put constructor arg with position and value: 0,SB
15:32:19,986 DEBUG FactoryGeneratorInterceptor:205 - Put constructor arg with position and value: 1,111
15:32:19,986 DEBUG FactoryGeneratorInterceptor:171 - Put property with name and value: firstname,Sergio
15:32:19,986 DEBUG FactoryGeneratorInterceptor:171 - Put property with name and value: surname,Bossa
15:32:19,988 DEBUG FactoryGeneratorInterceptor:230 - Making object of class: class org.springmodules.xt.test.domain.Employee
15:32:19,989 DEBUG FactoryGeneratorInterceptor:205 - Put constructor arg with position and value: 0,SB
15:32:19,989 DEBUG FactoryGeneratorInterceptor:171 - Put property with name and value: firstname,Sergio
15:32:19,990 DEBUG FactoryGeneratorInterceptor:171 - Put property with name and value: surname,Bossa
15:32:19,990 DEBUG FactoryGeneratorInterceptor:230 - Making object of class: class org.springmodules.xt.test.domain.Employee
15:32:20,097 DEBUG AbstractIntroductorInterceptor:95 - Found cached introduced method: setOffice
15:32:20,098 DEBUG AbstractIntroductorInterceptor:95 - Found cached introduced method: setOffice
15:32:20,099 DEBUG AbstractIntroductorInterceptor:95 - Found cached introduced method: setOffice
15:32:20,099 DEBUG BeanIntroductorInterceptor:119 - Introducing method: setOffice
15:32:20,100 DEBUG AbstractIntroductorInterceptor:95 - Found cached introduced method: setOffice
15:32:20,100 DEBUG AbstractIntroductorInterceptor:95 - Found cached introduced method: setOffice
15:32:20,100 DEBUG AbstractIntroductorInterceptor:95 - Found cached introduced method: setOffice
15:32:20,100 DEBUG BeanIntroductorInterceptor:119 - Introducing method: setOffice
15:32:20,101 DEBUG AbstractIntroductorInterceptor:95 - Found cached introduced method: getOffice
15:32:20,101 DEBUG AbstractIntroductorInterceptor:95 - Found cached introduced method: getOffice
15:32:20,101 DEBUG AbstractIntroductorInterceptor:95 - Found cached introduced method: getOffice
15:32:20,101 DEBUG BeanIntroductorInterceptor:119 - Introducing method: getOffice
15:32:20,102 DEBUG AbstractIntroductorInterceptor:95 - Found cached introduced method: getOffice
15:32:20,102 DEBUG AbstractIntroductorInterceptor:95 - Found cached introduced method: getOffice
15:32:20,102 DEBUG AbstractIntroductorInterceptor:95 - Found cached introduced method: getOffice
15:32:20,102 DEBUG BeanIntroductorInterceptor:119 - Introducing method: getOffice
15:32:20,103 DEBUG AbstractIntroductorInterceptor:95 - Found cached introduced method: setOffice
15:32:20,103 DEBUG AbstractIntroductorInterceptor:95 - Found cached introduced method: setOffice
15:32:20,104 DEBUG AbstractIntroductorInterceptor:95 - Found cached introduced method: setOffice
15:32:20,104 DEBUG BeanIntroductorInterceptor:119 - Introducing method: setOffice
15:32:20,104 DEBUG AbstractIntroductorInterceptor:95 - Found cached introduced method: setOffice
15:32:20,104 DEBUG AbstractIntroductorInterceptor:95 - Found cached introduced method: setOffice
15:32:20,105 DEBUG AbstractIntroductorInterceptor:95 - Found cached introduced method: setOffice
15:32:20,105 DEBUG BeanIntroductorInterceptor:119 - Introducing method: setOffice
15:32:20,105 DEBUG AbstractIntroductorInterceptor:95 - Found cached introduced method: getOffice
15:32:20,105 DEBUG AbstractIntroductorInterceptor:95 - Found cached introduced method: getOffice
15:32:20,106 DEBUG AbstractIntroductorInterceptor:95 - Found cached introduced method: getOffice
15:32:20,106 DEBUG BeanIntroductorInterceptor:119 - Introducing method: getOffice
15:32:20,106 DEBUG AbstractIntroductorInterceptor:95 - Found cached introduced method: getOffice
15:32:20,106 DEBUG AbstractIntroductorInterceptor:95 - Found cached introduced method: getOffice
15:32:20,106 DEBUG AbstractIntroductorInterceptor:95 - Found cached introduced method: getOffice
15:32:20,107 DEBUG BeanIntroductorInterceptor:119 - Introducing method: getOffice
15:32:20,169 DEBUG SpecificationGenericAdapter:52 - Adapting class org.springmodules.xt.test.domain.OfficeIdSpecification to interface org.apache.commons.collections.Predicate
15:32:20,170 DEBUG SpecificationGenericAdapter:52 - Adapting class org.springmodules.xt.test.domain.OfficeIdSpecification to interface org.apache.commons.collections.Predicate
15:32:20,171 DEBUG SpecificationGenericAdapter:52 - Adapting class org.springmodules.xt.test.domain.OfficeIdSpecification to interface org.apache.commons.collections.Predicate
15:32:20,171 DEBUG SpecificationGenericAdapter:52 - Adapting class org.springmodules.xt.test.domain.AvailableOfficeSpecification to interface org.apache.commons.collections.Predicate
15:32:20,171 DEBUG SpecificationGenericAdapter:52 - Adapting class org.springmodules.xt.test.domain.FullOfficeSpecification to interface org.apache.commons.collections.Predicate
15:32:20,172 DEBUG SpecificationGenericAdapter:52 - Adapting class org.springmodules.xt.test.domain.OfficeIdSpecification to interface org.apache.commons.collections.Predicate
15:32:20,172 DEBUG SpecificationGenericAdapter:52 - Adapting class org.springmodules.xt.test.domain.AvailableOfficeSpecification to interface org.apache.commons.collections.Predicate
15:32:20,172 DEBUG SpecificationGenericAdapter:52 - Adapting class org.springmodules.xt.test.domain.FullOfficeSpecification to interface org.apache.commons.collections.Predicate
15:32:20,178 DEBUG SpecificationGenericAdapter:52 - Adapting class org.springmodules.xt.test.domain.FullOfficeSpecification to interface org.apache.commons.collections.Predicate
15:32:20,178 DEBUG SpecificationGenericAdapter:52 - Adapting class org.springmodules.xt.test.domain.AvailableOfficeSpecification to interface org.apache.commons.collections.Predicate
15:32:20,178 DEBUG SpecificationGenericAdapter:52 - Adapting class org.springmodules.xt.test.domain.FullOfficeSpecification to interface org.apache.commons.collections.Predicate
15:32:20,179 DEBUG SpecificationGenericAdapter:52 - Adapting class org.springmodules.xt.test.domain.AvailableOfficeSpecification to interface org.apache.commons.collections.Predicate
15:32:20,179 DEBUG SpecificationGenericAdapter:52 - Adapting class org.springmodules.xt.test.domain.OfficeIdSpecification to interface org.apache.commons.collections.Predicate
15:32:20,179 DEBUG SpecificationGenericAdapter:52 - Adapting class org.springmodules.xt.test.domain.FullOfficeSpecification to interface org.apache.commons.collections.Predicate
15:32:20,180 DEBUG SpecificationGenericAdapter:52 - Adapting class org.springmodules.xt.test.domain.AvailableOfficeSpecification to interface org.apache.commons.collections.Predicate
15:32:20,180 DEBUG SpecificationGenericAdapter:52 - Adapting class org.springmodules.xt.test.domain.OfficeIdSpecification to interface org.apache.commons.collections.Predicate
15:32:20,181 DEBUG SpecificationGenericAdapter:52 - Adapting class org.springmodules.xt.test.domain.FullOfficeSpecification to interface org.apache.commons.collections.Predicate
15:32:20,181 DEBUG SpecificationGenericAdapter:52 - Adapting class org.springmodules.xt.test.domain.FullOfficeSpecification to interface org.apache.commons.collections.Predicate
15:32:20,182 DEBUG SpecificationGenericAdapter:52 - Adapting class org.springmodules.xt.test.domain.FullOfficeSpecification to interface org.apache.commons.collections.Predicate
15:32:20,182 DEBUG SpecificationGenericAdapter:52 - Adapting class org.springmodules.xt.test.domain.FullOfficeSpecification to interface org.apache.commons.collections.Predicate
15:32:20,182 DEBUG SpecificationGenericAdapter:52 - Adapting class org.springmodules.xt.test.domain.FullOfficeSpecification to interface org.apache.commons.collections.Predicate
15:32:20,183 DEBUG SpecificationGenericAdapter:52 - Adapting class org.springmodules.xt.test.domain.OfficeIdSpecification to interface org.apache.commons.collections.Predicate
15:32:20,183 DEBUG SpecificationGenericAdapter:52 - Adapting class org.springmodules.xt.test.domain.AvailableOfficeSpecification to interface org.apache.commons.collections.Predicate
15:32:20,184 DEBUG SpecificationGenericAdapter:52 - Adapting class org.springmodules.xt.test.domain.OfficeIdSpecification to interface org.apache.commons.collections.Predicate
15:32:20,185 DEBUG SpecificationGenericAdapter:52 - Adapting class org.springmodules.xt.test.domain.AvailableOfficeSpecification to interface org.apache.commons.collections.Predicate
15:32:20,185 DEBUG SpecificationGenericAdapter:52 - Adapting class org.springmodules.xt.test.domain.OfficeIdSpecification to interface org.apache.commons.collections.Predicate
15:32:20,186 DEBUG SpecificationGenericAdapter:52 - Adapting class org.springmodules.xt.test.domain.AvailableOfficeSpecification to interface org.apache.commons.collections.Predicate
15:32:20,304  WARN MVCFormDataAccessor:96 - java.lang.Object.getCommandName()
java.lang.NoSuchMethodException: java.lang.Object.getCommandName()
	at java.lang.Class.getMethod(Class.java:1605)
	at org.springmodules.xt.ajax.MVCFormDataAccessor.resolveCommandName(MVCFormDataAccessor.java:87)
	at org.springmodules.xt.ajax.MVCFormDataAccessor.getCommandObject(MVCFormDataAccessor.java:44)
	at org.springmodules.xt.ajax.MVCFormDataAccessorTest.testGetCommandObjectFails(MVCFormDataAccessorTest.java:92)
	at sun.reflect.NativeMethodAccessorImpl.invoke0(Native Method)
	at sun.reflect.NativeMethodAccessorImpl.invoke(NativeMethodAccessorImpl.java:39)
	at sun.reflect.DelegatingMethodAccessorImpl.invoke(DelegatingMethodAccessorImpl.java:25)
	at java.lang.reflect.Method.invoke(Method.java:597)
	at junit.framework.TestCase.runTest(TestCase.java:168)
	at junit.framework.TestCase.runBare(TestCase.java:134)
	at junit.framework.TestResult$1.protect(TestResult.java:110)
	at junit.framework.TestResult.runProtected(TestResult.java:128)
	at junit.framework.TestResult.run(TestResult.java:113)
	at junit.framework.TestCase.run(TestCase.java:124)
	at junit.framework.TestSuite.runTest(TestSuite.java:232)
	at junit.framework.TestSuite.run(TestSuite.java:227)
	at org.junit.internal.runners.JUnit38ClassRunner.run(JUnit38ClassRunner.java:91)
	at org.apache.maven.surefire.junit4.JUnit4TestSet.execute(JUnit4TestSet.java:62)
	at org.apache.maven.surefire.suite.AbstractDirectoryTestSuite.executeTestSet(AbstractDirectoryTestSuite.java:140)
	at org.apache.maven.surefire.suite.AbstractDirectoryTestSuite.execute(AbstractDirectoryTestSuite.java:127)
	at org.apache.maven.surefire.Surefire.run(Surefire.java:177)
	at sun.reflect.NativeMethodAccessorImpl.invoke0(Native Method)
	at sun.reflect.NativeMethodAccessorImpl.invoke(NativeMethodAccessorImpl.java:39)
	at sun.reflect.DelegatingMethodAccessorImpl.invoke(DelegatingMethodAccessorImpl.java:25)
	at java.lang.reflect.Method.invoke(Method.java:597)
	at org.apache.maven.surefire.booter.SurefireBooter.runSuitesInProcess(SurefireBooter.java:345)
	at org.apache.maven.surefire.booter.SurefireBooter.main(SurefireBooter.java:1009)
15:32:20,305  WARN MVCFormDataAccessor:48 - No command name found for handler : java.lang.Object@46ed5d9d
15:32:20,459 DEBUG DefaultValidationHandler:183 - Putting errors in session for URL: http://localhost:80
15:32:20,476 DEBUG DefaultValidationHandler:183 - Putting errors in session for URL: http://localhost:80
15:32:20,517  INFO AjaxInterceptor:126 - Pre-handling ajax request for event: action
15:32:20,518 DEBUG AbstractAjaxHandler:103 - Event supported by method: public org.springmodules.xt.ajax.AjaxResponse org.springmodules.xt.test.ajax.DummyHandler.action(org.springmodules.xt.ajax.AjaxActionEvent)
15:32:20,518  WARN AjaxInterceptor:421 - Null model map for session: 4
15:32:20,519  INFO AbstractAjaxHandler:63 - Invoking method: public org.springmodules.xt.ajax.AjaxResponse org.springmodules.xt.test.ajax.DummyHandler.action(org.springmodules.xt.ajax.AjaxActionEvent)
15:32:20,519  INFO AjaxInterceptor:155 - Sending Ajax response after Ajax action.
15:32:20,519 DEBUG AjaxResponseSender:37 - Sending ajax response: <?xml version="1.0" encoding="ISO-8859-1"?>
<?xml-stylesheet type="text/css" href=""?>
<ajax-response xml:space="preserve">
<append-as-children><context><matcher matchMode="plain" contextNodeID="action"/></context><content>action</content></append-as-children>
</ajax-response>
15:32:20,521  INFO AjaxInterceptor:126 - Pre-handling ajax request for event: fail
15:32:20,522 ERROR AjaxInterceptor:167 - Cannot handling the given event with id: fail
org.springmodules.xt.ajax.support.UnsupportedEventException: Cannot handling the given event with id: fail
	at org.springmodules.xt.ajax.AjaxInterceptor.preHandle(AjaxInterceptor.java:152)
	at org.springmodules.xt.ajax.AjaxInterceptorTest.testPreHandleFailsWithUnsupportedEventException(AjaxInterceptorTest.java:72)
	at sun.reflect.NativeMethodAccessorImpl.invoke0(Native Method)
	at sun.reflect.NativeMethodAccessorImpl.invoke(NativeMethodAccessorImpl.java:39)
	at sun.reflect.DelegatingMethodAccessorImpl.invoke(DelegatingMethodAccessorImpl.java:25)
	at java.lang.reflect.Method.invoke(Method.java:597)
	at junit.framework.TestCase.runTest(TestCase.java:168)
	at junit.framework.TestCase.runBare(TestCase.java:134)
	at org.springframework.test.ConditionalTestCase.runBare(ConditionalTestCase.java:76)
	at junit.framework.TestResult$1.protect(TestResult.java:110)
	at junit.framework.TestResult.runProtected(TestResult.java:128)
	at junit.framework.TestResult.run(TestResult.java:113)
	at junit.framework.TestCase.run(TestCase.java:124)
	at junit.framework.TestSuite.runTest(TestSuite.java:232)
	at junit.framework.TestSuite.run(TestSuite.java:227)
	at org.junit.internal.runners.JUnit38ClassRunner.run(JUnit38ClassRunner.java:91)
	at org.apache.maven.surefire.junit4.JUnit4TestSet.execute(JUnit4TestSet.java:62)
	at org.apache.maven.surefire.suite.AbstractDirectoryTestSuite.executeTestSet(AbstractDirectoryTestSuite.java:140)
	at org.apache.maven.surefire.suite.AbstractDirectoryTestSuite.execute(AbstractDirectoryTestSuite.java:127)
	at org.apache.maven.surefire.Surefire.run(Surefire.java:177)
	at sun.reflect.NativeMethodAccessorImpl.invoke0(Native Method)
	at sun.reflect.NativeMethodAccessorImpl.invoke(NativeMethodAccessorImpl.java:39)
	at sun.reflect.DelegatingMethodAccessorImpl.invoke(DelegatingMethodAccessorImpl.java:25)
	at java.lang.reflect.Method.invoke(Method.java:597)
	at org.apache.maven.surefire.booter.SurefireBooter.runSuitesInProcess(SurefireBooter.java:345)
	at org.apache.maven.surefire.booter.SurefireBooter.main(SurefireBooter.java:1009)
15:32:20,523  INFO AjaxInterceptor:126 - Pre-handling ajax request for event: fail
15:32:20,523 ERROR AjaxInterceptor:167 - Cannot find an handler matching the request: /ajax/test2.action
org.springmodules.xt.ajax.support.NoMatchingHandlerException: Cannot find an handler matching the request: /ajax/test2.action
	at org.springmodules.xt.ajax.AjaxInterceptor.preHandle(AjaxInterceptor.java:130)
	at org.springmodules.xt.ajax.AjaxInterceptorTest.testPreHandleFailsWithNoMatchingHandlerException(AjaxInterceptorTest.java:92)
	at sun.reflect.NativeMethodAccessorImpl.invoke0(Native Method)
	at sun.reflect.NativeMethodAccessorImpl.invoke(NativeMethodAccessorImpl.java:39)
	at sun.reflect.DelegatingMethodAccessorImpl.invoke(DelegatingMethodAccessorImpl.java:25)
	at java.lang.reflect.Method.invoke(Method.java:597)
	at junit.framework.TestCase.runTest(TestCase.java:168)
	at junit.framework.TestCase.runBare(TestCase.java:134)
	at org.springframework.test.ConditionalTestCase.runBare(ConditionalTestCase.java:76)
	at junit.framework.TestResult$1.protect(TestResult.java:110)
	at junit.framework.TestResult.runProtected(TestResult.java:128)
	at junit.framework.TestResult.run(TestResult.java:113)
	at junit.framework.TestCase.run(TestCase.java:124)
	at junit.framework.TestSuite.runTest(TestSuite.java:232)
	at junit.framework.TestSuite.run(TestSuite.java:227)
	at org.junit.internal.runners.JUnit38ClassRunner.run(JUnit38ClassRunner.java:91)
	at org.apache.maven.surefire.junit4.JUnit4TestSet.execute(JUnit4TestSet.java:62)
	at org.apache.maven.surefire.suite.AbstractDirectoryTestSuite.executeTestSet(AbstractDirectoryTestSuite.java:140)
	at org.apache.maven.surefire.suite.AbstractDirectoryTestSuite.execute(AbstractDirectoryTestSuite.java:127)
	at org.apache.maven.surefire.Surefire.run(Surefire.java:177)
	at sun.reflect.NativeMethodAccessorImpl.invoke0(Native Method)
	at sun.reflect.NativeMethodAccessorImpl.invoke(NativeMethodAccessorImpl.java:39)
	at sun.reflect.DelegatingMethodAccessorImpl.invoke(DelegatingMethodAccessorImpl.java:25)
	at java.lang.reflect.Method.invoke(Method.java:597)
	at org.apache.maven.surefire.booter.SurefireBooter.runSuitesInProcess(SurefireBooter.java:345)
	at org.apache.maven.surefire.booter.SurefireBooter.main(SurefireBooter.java:1009)
15:32:20,565  INFO AjaxInterceptor:211 - Post-handling ajax request for event: submit
15:32:20,565 DEBUG AbstractAjaxHandler:103 - Event supported by method: public org.springmodules.xt.ajax.AjaxResponse org.springmodules.xt.test.ajax.DummySubmitHandler.submit(org.springmodules.xt.ajax.AjaxSubmitEvent)
15:32:20,569  INFO AbstractAjaxHandler:63 - Invoking method: public org.springmodules.xt.ajax.AjaxResponse org.springmodules.xt.test.ajax.DummySubmitHandler.submit(org.springmodules.xt.ajax.AjaxSubmitEvent)
15:32:20,569 DEBUG AjaxResponseSender:37 - Sending ajax response: <?xml version="1.0" encoding="ISO-8859-1"?>
<?xml-stylesheet type="text/css" href=""?>
<ajax-response xml:space="preserve">
<append-as-children><context><matcher matchMode="plain" contextNodeID="submit"/></context><content>submit</content></append-as-children>
</ajax-response>
15:32:20,583  INFO AjaxInterceptor:211 - Post-handling ajax request for event: validate
15:32:20,584 DEBUG AbstractAjaxHandler:103 - Event supported by method: public org.springmodules.xt.ajax.AjaxResponse org.springmodules.xt.ajax.validation.DefaultValidationHandler.validate(org.springmodules.xt.ajax.AjaxSubmitEvent)
15:32:20,584  INFO AbstractAjaxHandler:63 - Invoking method: public org.springmodules.xt.ajax.AjaxResponse org.springmodules.xt.ajax.validation.DefaultValidationHandler.validate(org.springmodules.xt.ajax.AjaxSubmitEvent)
15:32:20,584 DEBUG AjaxResponseSender:37 - Sending ajax response: <?xml version="1.0" encoding="ISO-8859-1"?>
<?xml-stylesheet type="text/css" href=""?>
<ajax-response xml:space="preserve">
<redirect><content><target url="/ajax/success.page"/></content></redirect>
</ajax-response>
15:32:20,601  INFO AjaxInterceptor:211 - Post-handling ajax request for event: validate
15:32:20,601 DEBUG AbstractAjaxHandler:103 - Event supported by method: public org.springmodules.xt.ajax.AjaxResponse org.springmodules.xt.ajax.validation.DefaultValidationHandler.validate(org.springmodules.xt.ajax.AjaxSubmitEvent)
15:32:20,602  INFO AbstractAjaxHandler:63 - Invoking method: public org.springmodules.xt.ajax.AjaxResponse org.springmodules.xt.ajax.validation.DefaultValidationHandler.validate(org.springmodules.xt.ajax.AjaxSubmitEvent)
15:32:20,602 DEBUG AjaxResponseSender:37 - Sending ajax response: <?xml version="1.0" encoding="ISO-8859-1"?>
<?xml-stylesheet type="text/css" href=""?>
<ajax-response xml:space="preserve">
<redirect><content><target url="/ajax/success.page"/></content></redirect>
</ajax-response>
15:32:20,619  INFO AjaxInterceptor:211 - Post-handling ajax request for event: fail
15:32:20,619 ERROR AjaxInterceptor:264 - Cannot handling the given event with id: fail
org.springmodules.xt.ajax.support.UnsupportedEventException: Cannot handling the given event with id: fail
	at org.springmodules.xt.ajax.AjaxInterceptor.postHandle(AjaxInterceptor.java:240)
	at org.springmodules.xt.ajax.AjaxInterceptorTest.testPostHandleFailsWithUnsupportedEventException(AjaxInterceptorTest.java:205)
	at sun.reflect.NativeMethodAccessorImpl.invoke0(Native Method)
	at sun.reflect.NativeMethodAccessorImpl.invoke(NativeMethodAccessorImpl.java:39)
	at sun.reflect.DelegatingMethodAccessorImpl.invoke(DelegatingMethodAccessorImpl.java:25)
	at java.lang.reflect.Method.invoke(Method.java:597)
	at junit.framework.TestCase.runTest(TestCase.java:168)
	at junit.framework.TestCase.runBare(TestCase.java:134)
	at org.springframework.test.ConditionalTestCase.runBare(ConditionalTestCase.java:76)
	at junit.framework.TestResult$1.protect(TestResult.java:110)
	at junit.framework.TestResult.runProtected(TestResult.java:128)
	at junit.framework.TestResult.run(TestResult.java:113)
	at junit.framework.TestCase.run(TestCase.java:124)
	at junit.framework.TestSuite.runTest(TestSuite.java:232)
	at junit.framework.TestSuite.run(TestSuite.java:227)
	at org.junit.internal.runners.JUnit38ClassRunner.run(JUnit38ClassRunner.java:91)
	at org.apache.maven.surefire.junit4.JUnit4TestSet.execute(JUnit4TestSet.java:62)
	at org.apache.maven.surefire.suite.AbstractDirectoryTestSuite.executeTestSet(AbstractDirectoryTestSuite.java:140)
	at org.apache.maven.surefire.suite.AbstractDirectoryTestSuite.execute(AbstractDirectoryTestSuite.java:127)
	at org.apache.maven.surefire.Surefire.run(Surefire.java:177)
	at sun.reflect.NativeMethodAccessorImpl.invoke0(Native Method)
	at sun.reflect.NativeMethodAccessorImpl.invoke(NativeMethodAccessorImpl.java:39)
	at sun.reflect.DelegatingMethodAccessorImpl.invoke(DelegatingMethodAccessorImpl.java:25)
	at java.lang.reflect.Method.invoke(Method.java:597)
	at org.apache.maven.surefire.booter.SurefireBooter.runSuitesInProcess(SurefireBooter.java:345)
	at org.apache.maven.surefire.booter.SurefireBooter.main(SurefireBooter.java:1009)
15:32:20,680  INFO AjaxInterceptor:211 - Post-handling ajax request for event: fail
15:32:20,681 ERROR AjaxInterceptor:264 - Cannot find an handler matching the request: /ajax/submit2.action
org.springmodules.xt.ajax.support.NoMatchingHandlerException: Cannot find an handler matching the request: /ajax/submit2.action
	at org.springmodules.xt.ajax.AjaxInterceptor.postHandle(AjaxInterceptor.java:215)
	at org.springmodules.xt.ajax.AjaxInterceptorTest.testPostHandleFailsWithNoMatchingHandlerException(AjaxInterceptorTest.java:237)
	at sun.reflect.NativeMethodAccessorImpl.invoke0(Native Method)
	at sun.reflect.NativeMethodAccessorImpl.invoke(NativeMethodAccessorImpl.java:39)
	at sun.reflect.DelegatingMethodAccessorImpl.invoke(DelegatingMethodAccessorImpl.java:25)
	at java.lang.reflect.Method.invoke(Method.java:597)
	at junit.framework.TestCase.runTest(TestCase.java:168)
	at junit.framework.TestCase.runBare(TestCase.java:134)
	at org.springframework.test.ConditionalTestCase.runBare(ConditionalTestCase.java:76)
	at junit.framework.TestResult$1.protect(TestResult.java:110)
	at junit.framework.TestResult.runProtected(TestResult.java:128)
	at junit.framework.TestResult.run(TestResult.java:113)
	at junit.framework.TestCase.run(TestCase.java:124)
	at junit.framework.TestSuite.runTest(TestSuite.java:232)
	at junit.framework.TestSuite.run(TestSuite.java:227)
	at org.junit.internal.runners.JUnit38ClassRunner.run(JUnit38ClassRunner.java:91)
	at org.apache.maven.surefire.junit4.JUnit4TestSet.execute(JUnit4TestSet.java:62)
	at org.apache.maven.surefire.suite.AbstractDirectoryTestSuite.executeTestSet(AbstractDirectoryTestSuite.java:140)
	at org.apache.maven.surefire.suite.AbstractDirectoryTestSuite.execute(AbstractDirectoryTestSuite.java:127)
	at org.apache.maven.surefire.Surefire.run(Surefire.java:177)
	at sun.reflect.NativeMethodAccessorImpl.invoke0(Native Method)
	at sun.reflect.NativeMethodAccessorImpl.invoke(NativeMethodAccessorImpl.java:39)
	at sun.reflect.DelegatingMethodAccessorImpl.invoke(DelegatingMethodAccessorImpl.java:25)
	at java.lang.reflect.Method.invoke(Method.java:597)
	at org.apache.maven.surefire.booter.SurefireBooter.runSuitesInProcess(SurefireBooter.java:345)
	at org.apache.maven.surefire.booter.SurefireBooter.main(SurefireBooter.java:1009)
15:32:20,704  INFO AjaxInterceptor:194 - Null ModelAndView object, proceeding without Ajax processing ...
15:32:20,741 DEBUG AjaxResponseSender:37 - Sending ajax response: <?xml version="1.0" encoding="ISO-8859-1"?>
<?xml-stylesheet type="text/css" href=""?>
<ajax-response xml:space="preserve">
<replace-children><context><matcher matchMode="plain" contextNodeID="test"/></context><content>simple text</content></replace-children>
</ajax-response>
15:32:20,742 DEBUG AjaxResponseSender:37 - Sending ajax response: <?xml version="1.0" encoding="UTF-8"?>
<?xml-stylesheet type="text/css" href=""?>
<ajax-response xml:space="preserve">
<replace-children><context><matcher matchMode="plain" contextNodeID="test"/></context><content>questo è un semplice testo</content></replace-children>
</ajax-response>
15:32:20,746 DEBUG SpecificationGenericAdapter:52 - Adapting class org.springmodules.xt.test.domain.AvailableOfficeSpecification to interface org.apache.commons.collections.Predicate
15:32:20,746 DEBUG PredicateCompositeAdapter:45 - Adapting interface org.springmodules.xt.model.specifications.composite.CompositeSpecification to interface org.apache.commons.collections.Predicate
15:32:20,747 DEBUG SpecificationGenericAdapter:52 - Adapting class org.springmodules.xt.test.domain.AvailableOfficeSpecification to interface org.apache.commons.collections.Predicate
15:32:34,141 DEBUG AbstractIntroductorInterceptor:95 - Found cached introduced method: setOffice
15:32:34,142 DEBUG AbstractIntroductorInterceptor:95 - Found cached introduced method: setOffice
15:32:34,143 DEBUG AbstractIntroductorInterceptor:95 - Found cached introduced method: setOffice
15:32:34,143 DEBUG BeanIntroductorInterceptor:119 - Introducing method: setOffice
15:32:34,144 DEBUG AbstractIntroductorInterceptor:95 - Found cached introduced method: setOffice
15:32:34,144 DEBUG AbstractIntroductorInterceptor:95 - Found cached introduced method: setOffice
15:32:34,144 DEBUG AbstractIntroductorInterceptor:95 - Found cached introduced method: setOffice
15:32:34,145 DEBUG BeanIntroductorInterceptor:119 - Introducing method: setOffice
15:32:34,145 DEBUG AbstractIntroductorInterceptor:95 - Found cached introduced method: getOffice
15:32:34,145 DEBUG AbstractIntroductorInterceptor:95 - Found cached introduced method: getOffice
15:32:34,146 DEBUG AbstractIntroductorInterceptor:95 - Found cached introduced method: getOffice
15:32:34,146 DEBUG BeanIntroductorInterceptor:119 - Introducing method: getOffice
15:32:34,146 DEBUG AbstractIntroductorInterceptor:95 - Found cached introduced method: getOffice
15:32:34,147 DEBUG AbstractIntroductorInterceptor:95 - Found cached introduced method: getOffice
15:32:34,147 DEBUG AbstractIntroductorInterceptor:95 - Found cached introduced method: getOffice
15:32:34,147 DEBUG BeanIntroductorInterceptor:119 - Introducing method: getOffice
15:32:34,323 DEBUG PredicateGenericAdapter:82 - Adapting class org.springmodules.xt.test.domain.AvailableOfficeSpecification to interface org.apache.commons.collections.Predicate
15:32:34,344  INFO AjaxExceptionHandlerResolverTest:187 - Loading context for locations: testApplicationContext.xml
15:32:34,540 ERROR AjaxExceptionHandlerResolver:71 - exception
org.springmodules.xt.ajax.support.UnsupportedEventException: exception
	at org.springmodules.xt.ajax.AjaxExceptionHandlerResolverTest.testResolveException1(AjaxExceptionHandlerResolverTest.java:45)
	at sun.reflect.NativeMethodAccessorImpl.invoke0(Native Method)
	at sun.reflect.NativeMethodAccessorImpl.invoke(NativeMethodAccessorImpl.java:39)
	at sun.reflect.DelegatingMethodAccessorImpl.invoke(DelegatingMethodAccessorImpl.java:25)
	at java.lang.reflect.Method.invoke(Method.java:597)
	at junit.framework.TestCase.runTest(TestCase.java:168)
	at junit.framework.TestCase.runBare(TestCase.java:134)
	at org.springframework.test.ConditionalTestCase.runBare(ConditionalTestCase.java:76)
	at junit.framework.TestResult$1.protect(TestResult.java:110)
	at junit.framework.TestResult.runProtected(TestResult.java:128)
	at junit.framework.TestResult.run(TestResult.java:113)
	at junit.framework.TestCase.run(TestCase.java:124)
	at junit.framework.TestSuite.runTest(TestSuite.java:232)
	at junit.framework.TestSuite.run(TestSuite.java:227)
	at org.junit.internal.runners.JUnit38ClassRunner.run(JUnit38ClassRunner.java:91)
	at org.apache.maven.surefire.junit4.JUnit4TestSet.execute(JUnit4TestSet.java:62)
	at org.apache.maven.surefire.suite.AbstractDirectoryTestSuite.executeTestSet(AbstractDirectoryTestSuite.java:140)
	at org.apache.maven.surefire.suite.AbstractDirectoryTestSuite.execute(AbstractDirectoryTestSuite.java:127)
	at org.apache.maven.surefire.Surefire.run(Surefire.java:177)
	at sun.reflect.NativeMethodAccessorImpl.invoke0(Native Method)
	at sun.reflect.NativeMethodAccessorImpl.invoke(NativeMethodAccessorImpl.java:39)
	at sun.reflect.DelegatingMethodAccessorImpl.invoke(DelegatingMethodAccessorImpl.java:25)
	at java.lang.reflect.Method.invoke(Method.java:597)
	at org.apache.maven.surefire.booter.SurefireBooter.runSuitesInProcess(SurefireBooter.java:345)
	at org.apache.maven.surefire.booter.SurefireBooter.main(SurefireBooter.java:1009)
15:32:34,542  INFO AjaxExceptionHandlerResolver:75 - Resolving exception of type : class org.springmodules.xt.ajax.support.UnsupportedEventException
15:32:34,544 DEBUG AjaxResponseSender:37 - Sending ajax response: <?xml version="1.0" encoding="ISO-8859-1"?>
<?xml-stylesheet type="text/css" href=""?>
<ajax-response xml:space="preserve">
<redirect><content><target url="/test/redirect1.html?exceptionMessage=exception"/></content></redirect>
</ajax-response>
15:32:34,548 ERROR AjaxExceptionHandlerResolver:71 - exception
org.springmodules.xt.ajax.support.UnsupportedEventException: exception
	at org.springmodules.xt.ajax.AjaxExceptionHandlerResolverTest.testResolveException2(AjaxExceptionHandlerResolverTest.java:58)
	at sun.reflect.NativeMethodAccessorImpl.invoke0(Native Method)
	at sun.reflect.NativeMethodAccessorImpl.invoke(NativeMethodAccessorImpl.java:39)
	at sun.reflect.DelegatingMethodAccessorImpl.invoke(DelegatingMethodAccessorImpl.java:25)
	at java.lang.reflect.Method.invoke(Method.java:597)
	at junit.framework.TestCase.runTest(TestCase.java:168)
	at junit.framework.TestCase.runBare(TestCase.java:134)
	at org.springframework.test.ConditionalTestCase.runBare(ConditionalTestCase.java:76)
	at junit.framework.TestResult$1.protect(TestResult.java:110)
	at junit.framework.TestResult.runProtected(TestResult.java:128)
	at junit.framework.TestResult.run(TestResult.java:113)
	at junit.framework.TestCase.run(TestCase.java:124)
	at junit.framework.TestSuite.runTest(TestSuite.java:232)
	at junit.framework.TestSuite.run(TestSuite.java:227)
	at org.junit.internal.runners.JUnit38ClassRunner.run(JUnit38ClassRunner.java:91)
	at org.apache.maven.surefire.junit4.JUnit4TestSet.execute(JUnit4TestSet.java:62)
	at org.apache.maven.surefire.suite.AbstractDirectoryTestSuite.executeTestSet(AbstractDirectoryTestSuite.java:140)
	at org.apache.maven.surefire.suite.AbstractDirectoryTestSuite.execute(AbstractDirectoryTestSuite.java:127)
	at org.apache.maven.surefire.Surefire.run(Surefire.java:177)
	at sun.reflect.NativeMethodAccessorImpl.invoke0(Native Method)
	at sun.reflect.NativeMethodAccessorImpl.invoke(NativeMethodAccessorImpl.java:39)
	at sun.reflect.DelegatingMethodAccessorImpl.invoke(DelegatingMethodAccessorImpl.java:25)
	at java.lang.reflect.Method.invoke(Method.java:597)
	at org.apache.maven.surefire.booter.SurefireBooter.runSuitesInProcess(SurefireBooter.java:345)
	at org.apache.maven.surefire.booter.SurefireBooter.main(SurefireBooter.java:1009)
15:32:34,553  INFO AjaxExceptionHandlerResolver:75 - Resolving exception of type : class org.springmodules.xt.ajax.support.UnsupportedEventException
15:32:34,554 DEBUG AjaxResponseSender:37 - Sending ajax response: <?xml version="1.0" encoding="ISO-8859-1"?>
<?xml-stylesheet type="text/css" href=""?>
<ajax-response xml:space="preserve">
<redirect><content><target url="/test/redirect1.html?exceptionMessage=exception"/></content></redirect>
</ajax-response>
15:32:34,730 DEBUG AbstractIntroductorInterceptor:95 - Found cached introduced method: setOffice
15:32:34,731 DEBUG AbstractIntroductorInterceptor:95 - Found cached introduced method: setOffice
15:32:34,731 DEBUG AbstractIntroductorInterceptor:95 - Found cached introduced method: setOffice
15:32:34,732 DEBUG BeanIntroductorInterceptor:119 - Introducing method: setOffice
15:32:34,732 DEBUG AbstractIntroductorInterceptor:95 - Found cached introduced method: setOffice
15:32:34,732 DEBUG AbstractIntroductorInterceptor:95 - Found cached introduced method: setOffice
15:32:34,733 DEBUG AbstractIntroductorInterceptor:95 - Found cached introduced method: setOffice
15:32:34,733 DEBUG BeanIntroductorInterceptor:119 - Introducing method: setOffice
15:32:34,733 DEBUG AbstractIntroductorInterceptor:95 - Found cached introduced method: getOffice
15:32:34,734 DEBUG AbstractIntroductorInterceptor:95 - Found cached introduced method: getOffice
15:32:34,734 DEBUG AbstractIntroductorInterceptor:95 - Found cached introduced method: getOffice
15:32:34,734 DEBUG BeanIntroductorInterceptor:119 - Introducing method: getOffice
15:32:34,734 DEBUG AbstractIntroductorInterceptor:95 - Found cached introduced method: getOffice
15:32:34,735 DEBUG AbstractIntroductorInterceptor:95 - Found cached introduced method: getOffice
15:32:34,735 DEBUG AbstractIntroductorInterceptor:95 - Found cached introduced method: getOffice
15:32:34,735 DEBUG BeanIntroductorInterceptor:119 - Introducing method: getOffice
15:32:34,737 DEBUG AbstractIntroductorInterceptor:95 - Found cached introduced method: getMatriculationCode
15:32:34,737 DEBUG AbstractIntroductorInterceptor:95 - Found cached introduced method: getMatriculationCode
15:32:34,738 DEBUG BeanIntroductorInterceptor:74 - Executing on target; method: getMatriculationCode
15:32:34,738 DEBUG AbstractIntroductorInterceptor:95 - Found cached introduced method: getMatriculationCode
15:32:34,738 DEBUG AbstractIntroductorInterceptor:95 - Found cached introduced method: getMatriculationCode
15:32:34,739 DEBUG BeanIntroductorInterceptor:74 - Executing on target; method: getMatriculationCode
15:32:34,745  INFO AbstractAjaxHandler:63 - Invoking method: public org.springmodules.xt.ajax.AjaxResponse org.springmodules.xt.ajax.AjaxHandlerTest$1.testEvent(org.springmodules.xt.ajax.AjaxEvent)
15:32:34,746  INFO AbstractAjaxHandler:63 - Invoking method: public org.springmodules.xt.ajax.AjaxResponse org.springmodules.xt.ajax.AjaxHandlerTest$2.testEvent(org.springmodules.xt.ajax.AjaxActionEvent)
15:32:34,747  INFO AbstractAjaxHandler:63 - Invoking method: public org.springmodules.xt.ajax.AjaxResponse org.springmodules.xt.ajax.AjaxHandlerTest$3.testEvent(org.springmodules.xt.ajax.AjaxSubmitEvent)
15:32:34,748 DEBUG AbstractAjaxHandler:103 - Event supported by method: public org.springmodules.xt.ajax.AjaxResponse org.springmodules.xt.ajax.AjaxHandlerTest$4.testEvent(org.springmodules.xt.ajax.AjaxEvent)
15:32:34,748 DEBUG AbstractAjaxHandler:103 - Event supported by method: public org.springmodules.xt.ajax.AjaxResponse org.springmodules.xt.ajax.AjaxHandlerTest$5.testEvent(org.springmodules.xt.ajax.AjaxActionEvent)
15:32:34,749 DEBUG AbstractAjaxHandler:103 - Event supported by method: public org.springmodules.xt.ajax.AjaxResponse org.springmodules.xt.ajax.AjaxHandlerTest$6.testEvent(org.springmodules.xt.ajax.AjaxSubmitEvent)
15:32:34,753  INFO AbstractAjaxHandler:63 - Invoking method: public org.springmodules.xt.ajax.AjaxResponse org.springmodules.xt.ajax.AjaxHandlerTest$8.testEvent(org.springmodules.xt.ajax.AjaxActionEvent)
15:32:34,753 ERROR AbstractAjaxHandler:77 - 
java.lang.reflect.InvocationTargetException
	at sun.reflect.NativeMethodAccessorImpl.invoke0(Native Method)
	at sun.reflect.NativeMethodAccessorImpl.invoke(NativeMethodAccessorImpl.java:39)
	at sun.reflect.DelegatingMethodAccessorImpl.invoke(DelegatingMethodAccessorImpl.java:25)
	at java.lang.reflect.Method.invoke(Method.java:597)
	at org.springmodules.xt.ajax.AbstractAjaxHandler.handle(AbstractAjaxHandler.java:64)
	at org.springmodules.xt.ajax.AjaxHandlerTest.testThrowingExceptionDuringEventHandling(AjaxHandlerTest.java:132)
	at sun.reflect.NativeMethodAccessorImpl.invoke0(Native Method)
	at sun.reflect.NativeMethodAccessorImpl.invoke(NativeMethodAccessorImpl.java:39)
	at sun.reflect.DelegatingMethodAccessorImpl.invoke(DelegatingMethodAccessorImpl.java:25)
	at java.lang.reflect.Method.invoke(Method.java:597)
	at junit.framework.TestCase.runTest(TestCase.java:168)
	at junit.framework.TestCase.runBare(TestCase.java:134)
	at junit.framework.TestResult$1.protect(TestResult.java:110)
	at junit.framework.TestResult.runProtected(TestResult.java:128)
	at junit.framework.TestResult.run(TestResult.java:113)
	at junit.framework.TestCase.run(TestCase.java:124)
	at junit.framework.TestSuite.runTest(TestSuite.java:232)
	at junit.framework.TestSuite.run(TestSuite.java:227)
	at org.junit.internal.runners.JUnit38ClassRunner.run(JUnit38ClassRunner.java:91)
	at org.apache.maven.surefire.junit4.JUnit4TestSet.execute(JUnit4TestSet.java:62)
	at org.apache.maven.surefire.suite.AbstractDirectoryTestSuite.executeTestSet(AbstractDirectoryTestSuite.java:140)
	at org.apache.maven.surefire.suite.AbstractDirectoryTestSuite.execute(AbstractDirectoryTestSuite.java:127)
	at org.apache.maven.surefire.Surefire.run(Surefire.java:177)
	at sun.reflect.NativeMethodAccessorImpl.invoke0(Native Method)
	at sun.reflect.NativeMethodAccessorImpl.invoke(NativeMethodAccessorImpl.java:39)
	at sun.reflect.DelegatingMethodAccessorImpl.invoke(DelegatingMethodAccessorImpl.java:25)
	at java.lang.reflect.Method.invoke(Method.java:597)
	at org.apache.maven.surefire.booter.SurefireBooter.runSuitesInProcess(SurefireBooter.java:345)
	at org.apache.maven.surefire.booter.SurefireBooter.main(SurefireBooter.java:1009)
Caused by: java.lang.IllegalStateException: Nested exception.
	at org.springmodules.xt.ajax.AjaxHandlerTest$8.testEvent(AjaxHandlerTest.java:125)
	... 29 more
15:32:34,754 ERROR AbstractAjaxHandler:78 - Exception while handling the given event with id: testEvent
15:32:35,682 DEBUG FactoryGeneratorInterceptor:205 - Put constructor arg with position and value: 0,SB
15:32:35,682 DEBUG FactoryGeneratorInterceptor:205 - Put constructor arg with position and value: 1,111
15:32:35,685 DEBUG FactoryGeneratorInterceptor:171 - Put property with name and value: firstname,Sergio
15:32:35,685 DEBUG FactoryGeneratorInterceptor:171 - Put property with name and value: surname,Bossa
15:32:35,687 DEBUG FactoryGeneratorInterceptor:182 - Put value property with name and value: value,value
15:32:35,687 DEBUG FactoryGeneratorInterceptor:224 - Read property with name and value: nickname,SB
15:32:35,687 DEBUG FactoryGeneratorInterceptor:224 - Read property with name and value: matriculationCode,111
15:32:35,688 DEBUG FactoryGeneratorInterceptor:224 - Read property with name and value: firstname,Sergio
15:32:35,688 DEBUG FactoryGeneratorInterceptor:224 - Read property with name and value: surname,Bossa
15:32:35,688 DEBUG FactoryGeneratorInterceptor:224 - Read property with name and value: value,value
15:32:35,689 DEBUG FactoryGeneratorInterceptor:205 - Put constructor arg with position and value: 0,SB
15:32:35,689 DEBUG FactoryGeneratorInterceptor:205 - Put constructor arg with position and value: 1,111
15:32:35,689 DEBUG FactoryGeneratorInterceptor:171 - Put property with name and value: firstname,Sergio
15:32:35,690 DEBUG FactoryGeneratorInterceptor:171 - Put property with name and value: surname,Bossa
15:32:35,691 DEBUG FactoryGeneratorInterceptor:230 - Making object of class: class org.springmodules.xt.test.domain.Employee
15:32:35,692 DEBUG FactoryGeneratorInterceptor:205 - Put constructor arg with position and value: 0,SB
15:32:35,693 DEBUG FactoryGeneratorInterceptor:171 - Put property with name and value: firstname,Sergio
15:32:35,693 DEBUG FactoryGeneratorInterceptor:171 - Put property with name and value: surname,Bossa
15:32:35,693 DEBUG FactoryGeneratorInterceptor:230 - Making object of class: class org.springmodules.xt.test.domain.Employee
15:32:35,780 DEBUG AbstractIntroductorInterceptor:95 - Found cached introduced method: setOffice
15:32:35,780 DEBUG AbstractIntroductorInterceptor:95 - Found cached introduced method: setOffice
15:32:35,781 DEBUG AbstractIntroductorInterceptor:95 - Found cached introduced method: setOffice
15:32:35,781 DEBUG BeanIntroductorInterceptor:119 - Introducing method: setOffice
15:32:35,781 DEBUG AbstractIntroductorInterceptor:95 - Found cached introduced method: setOffice
15:32:35,782 DEBUG AbstractIntroductorInterceptor:95 - Found cached introduced method: setOffice
15:32:35,782 DEBUG AbstractIntroductorInterceptor:95 - Found cached introduced method: setOffice
15:32:35,782 DEBUG BeanIntroductorInterceptor:119 - Introducing method: setOffice
15:32:35,783 DEBUG AbstractIntroductorInterceptor:95 - Found cached introduced method: getOffice
15:32:35,783 DEBUG AbstractIntroductorInterceptor:95 - Found cached introduced method: getOffice
15:32:35,783 DEBUG AbstractIntroductorInterceptor:95 - Found cached introduced method: getOffice
15:32:35,783 DEBUG BeanIntroductorInterceptor:119 - Introducing method: getOffice
15:32:35,784 DEBUG AbstractIntroductorInterceptor:95 - Found cached introduced method: getOffice
15:32:35,784 DEBUG AbstractIntroductorInterceptor:95 - Found cached introduced method: getOffice
15:32:35,784 DEBUG AbstractIntroductorInterceptor:95 - Found cached introduced method: getOffice
15:32:35,784 DEBUG BeanIntroductorInterceptor:119 - Introducing method: getOffice
15:32:35,871 DEBUG SpecificationGenericAdapter:52 - Adapting class org.springmodules.xt.test.domain.OfficeIdSpecification to interface org.apache.commons.collections.Predicate
15:32:35,872 DEBUG SpecificationGenericAdapter:52 - Adapting class org.springmodules.xt.test.domain.OfficeIdSpecification to interface org.apache.commons.collections.Predicate
15:32:35,873 DEBUG SpecificationGenericAdapter:52 - Adapting class org.springmodules.xt.test.domain.OfficeIdSpecification to interface org.apache.commons.collections.Predicate
15:32:35,873 DEBUG SpecificationGenericAdapter:52 - Adapting class org.springmodules.xt.test.domain.AvailableOfficeSpecification to interface org.apache.commons.collections.Predicate
15:32:35,873 DEBUG SpecificationGenericAdapter:52 - Adapting class org.springmodules.xt.test.domain.FullOfficeSpecification to interface org.apache.commons.collections.Predicate
15:32:35,874 DEBUG SpecificationGenericAdapter:52 - Adapting class org.springmodules.xt.test.domain.OfficeIdSpecification to interface org.apache.commons.collections.Predicate
15:32:35,874 DEBUG SpecificationGenericAdapter:52 - Adapting class org.springmodules.xt.test.domain.AvailableOfficeSpecification to interface org.apache.commons.collections.Predicate
15:32:35,874 DEBUG SpecificationGenericAdapter:52 - Adapting class org.springmodules.xt.test.domain.FullOfficeSpecification to interface org.apache.commons.collections.Predicate
15:32:35,875 DEBUG SpecificationGenericAdapter:52 - Adapting class org.springmodules.xt.test.domain.FullOfficeSpecification to interface org.apache.commons.collections.Predicate
15:32:35,876 DEBUG SpecificationGenericAdapter:52 - Adapting class org.springmodules.xt.test.domain.AvailableOfficeSpecification to interface org.apache.commons.collections.Predicate
15:32:35,876 DEBUG SpecificationGenericAdapter:52 - Adapting class org.springmodules.xt.test.domain.FullOfficeSpecification to interface org.apache.commons.collections.Predicate
15:32:35,876 DEBUG SpecificationGenericAdapter:52 - Adapting class org.springmodules.xt.test.domain.AvailableOfficeSpecification to interface org.apache.commons.collections.Predicate
15:32:35,878 DEBUG SpecificationGenericAdapter:52 - Adapting class org.springmodules.xt.test.domain.OfficeIdSpecification to interface org.apache.commons.collections.Predicate
15:32:35,879 DEBUG SpecificationGenericAdapter:52 - Adapting class org.springmodules.xt.test.domain.FullOfficeSpecification to interface org.apache.commons.collections.Predicate
15:32:35,880 DEBUG SpecificationGenericAdapter:52 - Adapting class org.springmodules.xt.test.domain.AvailableOfficeSpecification to interface org.apache.commons.collections.Predicate
15:32:35,881 DEBUG SpecificationGenericAdapter:52 - Adapting class org.springmodules.xt.test.domain.OfficeIdSpecification to interface org.apache.commons.collections.Predicate
15:32:35,882 DEBUG SpecificationGenericAdapter:52 - Adapting class org.springmodules.xt.test.domain.FullOfficeSpecification to interface org.apache.commons.collections.Predicate
15:32:35,883 DEBUG SpecificationGenericAdapter:52 - Adapting class org.springmodules.xt.test.domain.FullOfficeSpecification to interface org.apache.commons.collections.Predicate
15:32:35,884 DEBUG SpecificationGenericAdapter:52 - Adapting class org.springmodules.xt.test.domain.FullOfficeSpecification to interface org.apache.commons.collections.Predicate
15:32:35,884 DEBUG SpecificationGenericAdapter:52 - Adapting class org.springmodules.xt.test.domain.FullOfficeSpecification to interface org.apache.commons.collections.Predicate
15:32:35,909 DEBUG SpecificationGenericAdapter:52 - Adapting class org.springmodules.xt.test.domain.FullOfficeSpecification to interface org.apache.commons.collections.Predicate
15:32:35,910 DEBUG SpecificationGenericAdapter:52 - Adapting class org.springmodules.xt.test.domain.OfficeIdSpecification to interface org.apache.commons.collections.Predicate
15:32:35,911 DEBUG SpecificationGenericAdapter:52 - Adapting class org.springmodules.xt.test.domain.AvailableOfficeSpecification to interface org.apache.commons.collections.Predicate
15:32:35,911 DEBUG SpecificationGenericAdapter:52 - Adapting class org.springmodules.xt.test.domain.OfficeIdSpecification to interface org.apache.commons.collections.Predicate
15:32:35,912 DEBUG SpecificationGenericAdapter:52 - Adapting class org.springmodules.xt.test.domain.AvailableOfficeSpecification to interface org.apache.commons.collections.Predicate
15:32:35,912 DEBUG SpecificationGenericAdapter:52 - Adapting class org.springmodules.xt.test.domain.OfficeIdSpecification to interface org.apache.commons.collections.Predicate
15:32:35,912 DEBUG SpecificationGenericAdapter:52 - Adapting class org.springmodules.xt.test.domain.AvailableOfficeSpecification to interface org.apache.commons.collections.Predicate
15:32:35,976  WARN MVCFormDataAccessor:96 - java.lang.Object.getCommandName()
java.lang.NoSuchMethodException: java.lang.Object.getCommandName()
	at java.lang.Class.getMethod(Class.java:1605)
	at org.springmodules.xt.ajax.MVCFormDataAccessor.resolveCommandName(MVCFormDataAccessor.java:87)
	at org.springmodules.xt.ajax.MVCFormDataAccessor.getCommandObject(MVCFormDataAccessor.java:44)
	at org.springmodules.xt.ajax.MVCFormDataAccessorTest.testGetCommandObjectFails(MVCFormDataAccessorTest.java:92)
	at sun.reflect.NativeMethodAccessorImpl.invoke0(Native Method)
	at sun.reflect.NativeMethodAccessorImpl.invoke(NativeMethodAccessorImpl.java:39)
	at sun.reflect.DelegatingMethodAccessorImpl.invoke(DelegatingMethodAccessorImpl.java:25)
	at java.lang.reflect.Method.invoke(Method.java:597)
	at junit.framework.TestCase.runTest(TestCase.java:168)
	at junit.framework.TestCase.runBare(TestCase.java:134)
	at junit.framework.TestResult$1.protect(TestResult.java:110)
	at junit.framework.TestResult.runProtected(TestResult.java:128)
	at junit.framework.TestResult.run(TestResult.java:113)
	at junit.framework.TestCase.run(TestCase.java:124)
	at junit.framework.TestSuite.runTest(TestSuite.java:232)
	at junit.framework.TestSuite.run(TestSuite.java:227)
	at org.junit.internal.runners.JUnit38ClassRunner.run(JUnit38ClassRunner.java:91)
	at org.apache.maven.surefire.junit4.JUnit4TestSet.execute(JUnit4TestSet.java:62)
	at org.apache.maven.surefire.suite.AbstractDirectoryTestSuite.executeTestSet(AbstractDirectoryTestSuite.java:140)
	at org.apache.maven.surefire.suite.AbstractDirectoryTestSuite.execute(AbstractDirectoryTestSuite.java:127)
	at org.apache.maven.surefire.Surefire.run(Surefire.java:177)
	at sun.reflect.NativeMethodAccessorImpl.invoke0(Native Method)
	at sun.reflect.NativeMethodAccessorImpl.invoke(NativeMethodAccessorImpl.java:39)
	at sun.reflect.DelegatingMethodAccessorImpl.invoke(DelegatingMethodAccessorImpl.java:25)
	at java.lang.reflect.Method.invoke(Method.java:597)
	at org.apache.maven.surefire.booter.SurefireBooter.runSuitesInProcess(SurefireBooter.java:345)
	at org.apache.maven.surefire.booter.SurefireBooter.main(SurefireBooter.java:1009)
15:32:35,977  WARN MVCFormDataAccessor:48 - No command name found for handler : java.lang.Object@1c20eb7
15:32:36,135 DEBUG DefaultValidationHandler:183 - Putting errors in session for URL: http://localhost:80
15:32:36,151 DEBUG DefaultValidationHandler:183 - Putting errors in session for URL: http://localhost:80
15:32:36,220  INFO AjaxInterceptor:126 - Pre-handling ajax request for event: action
15:32:36,221 DEBUG AbstractAjaxHandler:103 - Event supported by method: public org.springmodules.xt.ajax.AjaxResponse org.springmodules.xt.test.ajax.DummyHandler.action(org.springmodules.xt.ajax.AjaxActionEvent)
15:32:36,221  WARN AjaxInterceptor:421 - Null model map for session: 4
15:32:36,221  INFO AbstractAjaxHandler:63 - Invoking method: public org.springmodules.xt.ajax.AjaxResponse org.springmodules.xt.test.ajax.DummyHandler.action(org.springmodules.xt.ajax.AjaxActionEvent)
15:32:36,222  INFO AjaxInterceptor:155 - Sending Ajax response after Ajax action.
15:32:36,222 DEBUG AjaxResponseSender:37 - Sending ajax response: <?xml version="1.0" encoding="ISO-8859-1"?>
<?xml-stylesheet type="text/css" href=""?>
<ajax-response xml:space="preserve">
<append-as-children><context><matcher matchMode="plain" contextNodeID="action"/></context><content>action</content></append-as-children>
</ajax-response>
15:32:36,223  INFO AjaxInterceptor:126 - Pre-handling ajax request for event: fail
15:32:36,223 ERROR AjaxInterceptor:167 - Cannot handling the given event with id: fail
org.springmodules.xt.ajax.support.UnsupportedEventException: Cannot handling the given event with id: fail
	at org.springmodules.xt.ajax.AjaxInterceptor.preHandle(AjaxInterceptor.java:152)
	at org.springmodules.xt.ajax.AjaxInterceptorTest.testPreHandleFailsWithUnsupportedEventException(AjaxInterceptorTest.java:72)
	at sun.reflect.NativeMethodAccessorImpl.invoke0(Native Method)
	at sun.reflect.NativeMethodAccessorImpl.invoke(NativeMethodAccessorImpl.java:39)
	at sun.reflect.DelegatingMethodAccessorImpl.invoke(DelegatingMethodAccessorImpl.java:25)
	at java.lang.reflect.Method.invoke(Method.java:597)
	at junit.framework.TestCase.runTest(TestCase.java:168)
	at junit.framework.TestCase.runBare(TestCase.java:134)
	at org.springframework.test.ConditionalTestCase.runBare(ConditionalTestCase.java:76)
	at junit.framework.TestResult$1.protect(TestResult.java:110)
	at junit.framework.TestResult.runProtected(TestResult.java:128)
	at junit.framework.TestResult.run(TestResult.java:113)
	at junit.framework.TestCase.run(TestCase.java:124)
	at junit.framework.TestSuite.runTest(TestSuite.java:232)
	at junit.framework.TestSuite.run(TestSuite.java:227)
	at org.junit.internal.runners.JUnit38ClassRunner.run(JUnit38ClassRunner.java:91)
	at org.apache.maven.surefire.junit4.JUnit4TestSet.execute(JUnit4TestSet.java:62)
	at org.apache.maven.surefire.suite.AbstractDirectoryTestSuite.executeTestSet(AbstractDirectoryTestSuite.java:140)
	at org.apache.maven.surefire.suite.AbstractDirectoryTestSuite.execute(AbstractDirectoryTestSuite.java:127)
	at org.apache.maven.surefire.Surefire.run(Surefire.java:177)
	at sun.reflect.NativeMethodAccessorImpl.invoke0(Native Method)
	at sun.reflect.NativeMethodAccessorImpl.invoke(NativeMethodAccessorImpl.java:39)
	at sun.reflect.DelegatingMethodAccessorImpl.invoke(DelegatingMethodAccessorImpl.java:25)
	at java.lang.reflect.Method.invoke(Method.java:597)
	at org.apache.maven.surefire.booter.SurefireBooter.runSuitesInProcess(SurefireBooter.java:345)
	at org.apache.maven.surefire.booter.SurefireBooter.main(SurefireBooter.java:1009)
15:32:36,225  INFO AjaxInterceptor:126 - Pre-handling ajax request for event: fail
15:32:36,225 ERROR AjaxInterceptor:167 - Cannot find an handler matching the request: /ajax/test2.action
org.springmodules.xt.ajax.support.NoMatchingHandlerException: Cannot find an handler matching the request: /ajax/test2.action
	at org.springmodules.xt.ajax.AjaxInterceptor.preHandle(AjaxInterceptor.java:130)
	at org.springmodules.xt.ajax.AjaxInterceptorTest.testPreHandleFailsWithNoMatchingHandlerException(AjaxInterceptorTest.java:92)
	at sun.reflect.NativeMethodAccessorImpl.invoke0(Native Method)
	at sun.reflect.NativeMethodAccessorImpl.invoke(NativeMethodAccessorImpl.java:39)
	at sun.reflect.DelegatingMethodAccessorImpl.invoke(DelegatingMethodAccessorImpl.java:25)
	at java.lang.reflect.Method.invoke(Method.java:597)
	at junit.framework.TestCase.runTest(TestCase.java:168)
	at junit.framework.TestCase.runBare(TestCase.java:134)
	at org.springframework.test.ConditionalTestCase.runBare(ConditionalTestCase.java:76)
	at junit.framework.TestResult$1.protect(TestResult.java:110)
	at junit.framework.TestResult.runProtected(TestResult.java:128)
	at junit.framework.TestResult.run(TestResult.java:113)
	at junit.framework.TestCase.run(TestCase.java:124)
	at junit.framework.TestSuite.runTest(TestSuite.java:232)
	at junit.framework.TestSuite.run(TestSuite.java:227)
	at org.junit.internal.runners.JUnit38ClassRunner.run(JUnit38ClassRunner.java:91)
	at org.apache.maven.surefire.junit4.JUnit4TestSet.execute(JUnit4TestSet.java:62)
	at org.apache.maven.surefire.suite.AbstractDirectoryTestSuite.executeTestSet(AbstractDirectoryTestSuite.java:140)
	at org.apache.maven.surefire.suite.AbstractDirectoryTestSuite.execute(AbstractDirectoryTestSuite.java:127)
	at org.apache.maven.surefire.Surefire.run(Surefire.java:177)
	at sun.reflect.NativeMethodAccessorImpl.invoke0(Native Method)
	at sun.reflect.NativeMethodAccessorImpl.invoke(NativeMethodAccessorImpl.java:39)
	at sun.reflect.DelegatingMethodAccessorImpl.invoke(DelegatingMethodAccessorImpl.java:25)
	at java.lang.reflect.Method.invoke(Method.java:597)
	at org.apache.maven.surefire.booter.SurefireBooter.runSuitesInProcess(SurefireBooter.java:345)
	at org.apache.maven.surefire.booter.SurefireBooter.main(SurefireBooter.java:1009)
15:32:36,302  INFO AjaxInterceptor:211 - Post-handling ajax request for event: submit
15:32:36,303 DEBUG AbstractAjaxHandler:103 - Event supported by method: public org.springmodules.xt.ajax.AjaxResponse org.springmodules.xt.test.ajax.DummySubmitHandler.submit(org.springmodules.xt.ajax.AjaxSubmitEvent)
15:32:36,306  INFO AbstractAjaxHandler:63 - Invoking method: public org.springmodules.xt.ajax.AjaxResponse org.springmodules.xt.test.ajax.DummySubmitHandler.submit(org.springmodules.xt.ajax.AjaxSubmitEvent)
15:32:36,307 DEBUG AjaxResponseSender:37 - Sending ajax response: <?xml version="1.0" encoding="ISO-8859-1"?>
<?xml-stylesheet type="text/css" href=""?>
<ajax-response xml:space="preserve">
<append-as-children><context><matcher matchMode="plain" contextNodeID="submit"/></context><content>submit</content></append-as-children>
</ajax-response>
15:32:36,325  INFO AjaxInterceptor:211 - Post-handling ajax request for event: validate
15:32:36,326 DEBUG AbstractAjaxHandler:103 - Event supported by method: public org.springmodules.xt.ajax.AjaxResponse org.springmodules.xt.ajax.validation.DefaultValidationHandler.validate(org.springmodules.xt.ajax.AjaxSubmitEvent)
15:32:36,326  INFO AbstractAjaxHandler:63 - Invoking method: public org.springmodules.xt.ajax.AjaxResponse org.springmodules.xt.ajax.validation.DefaultValidationHandler.validate(org.springmodules.xt.ajax.AjaxSubmitEvent)
15:32:36,326 DEBUG AjaxResponseSender:37 - Sending ajax response: <?xml version="1.0" encoding="ISO-8859-1"?>
<?xml-stylesheet type="text/css" href=""?>
<ajax-response xml:space="preserve">
<redirect><content><target url="/ajax/success.page"/></content></redirect>
</ajax-response>
15:32:36,343  INFO AjaxInterceptor:211 - Post-handling ajax request for event: validate
15:32:36,344 DEBUG AbstractAjaxHandler:103 - Event supported by method: public org.springmodules.xt.ajax.AjaxResponse org.springmodules.xt.ajax.validation.DefaultValidationHandler.validate(org.springmodules.xt.ajax.AjaxSubmitEvent)
15:32:36,344  INFO AbstractAjaxHandler:63 - Invoking method: public org.springmodules.xt.ajax.AjaxResponse org.springmodules.xt.ajax.validation.DefaultValidationHandler.validate(org.springmodules.xt.ajax.AjaxSubmitEvent)
15:32:36,344 DEBUG AjaxResponseSender:37 - Sending ajax response: <?xml version="1.0" encoding="ISO-8859-1"?>
<?xml-stylesheet type="text/css" href=""?>
<ajax-response xml:space="preserve">
<redirect><content><target url="/ajax/success.page"/></content></redirect>
</ajax-response>
15:32:36,361  INFO AjaxInterceptor:211 - Post-handling ajax request for event: fail
15:32:36,361 ERROR AjaxInterceptor:264 - Cannot handling the given event with id: fail
org.springmodules.xt.ajax.support.UnsupportedEventException: Cannot handling the given event with id: fail
	at org.springmodules.xt.ajax.AjaxInterceptor.postHandle(AjaxInterceptor.java:240)
	at org.springmodules.xt.ajax.AjaxInterceptorTest.testPostHandleFailsWithUnsupportedEventException(AjaxInterceptorTest.java:205)
	at sun.reflect.NativeMethodAccessorImpl.invoke0(Native Method)
	at sun.reflect.NativeMethodAccessorImpl.invoke(NativeMethodAccessorImpl.java:39)
	at sun.reflect.DelegatingMethodAccessorImpl.invoke(DelegatingMethodAccessorImpl.java:25)
	at java.lang.reflect.Method.invoke(Method.java:597)
	at junit.framework.TestCase.runTest(TestCase.java:168)
	at junit.framework.TestCase.runBare(TestCase.java:134)
	at org.springframework.test.ConditionalTestCase.runBare(ConditionalTestCase.java:76)
	at junit.framework.TestResult$1.protect(TestResult.java:110)
	at junit.framework.TestResult.runProtected(TestResult.java:128)
	at junit.framework.TestResult.run(TestResult.java:113)
	at junit.framework.TestCase.run(TestCase.java:124)
	at junit.framework.TestSuite.runTest(TestSuite.java:232)
	at junit.framework.TestSuite.run(TestSuite.java:227)
	at org.junit.internal.runners.JUnit38ClassRunner.run(JUnit38ClassRunner.java:91)
	at org.apache.maven.surefire.junit4.JUnit4TestSet.execute(JUnit4TestSet.java:62)
	at org.apache.maven.surefire.suite.AbstractDirectoryTestSuite.executeTestSet(AbstractDirectoryTestSuite.java:140)
	at org.apache.maven.surefire.suite.AbstractDirectoryTestSuite.execute(AbstractDirectoryTestSuite.java:127)
	at org.apache.maven.surefire.Surefire.run(Surefire.java:177)
	at sun.reflect.NativeMethodAccessorImpl.invoke0(Native Method)
	at sun.reflect.NativeMethodAccessorImpl.invoke(NativeMethodAccessorImpl.java:39)
	at sun.reflect.DelegatingMethodAccessorImpl.invoke(DelegatingMethodAccessorImpl.java:25)
	at java.lang.reflect.Method.invoke(Method.java:597)
	at org.apache.maven.surefire.booter.SurefireBooter.runSuitesInProcess(SurefireBooter.java:345)
	at org.apache.maven.surefire.booter.SurefireBooter.main(SurefireBooter.java:1009)
15:32:36,409  INFO AjaxInterceptor:211 - Post-handling ajax request for event: fail
15:32:36,410 ERROR AjaxInterceptor:264 - Cannot find an handler matching the request: /ajax/submit2.action
org.springmodules.xt.ajax.support.NoMatchingHandlerException: Cannot find an handler matching the request: /ajax/submit2.action
	at org.springmodules.xt.ajax.AjaxInterceptor.postHandle(AjaxInterceptor.java:215)
	at org.springmodules.xt.ajax.AjaxInterceptorTest.testPostHandleFailsWithNoMatchingHandlerException(AjaxInterceptorTest.java:237)
	at sun.reflect.NativeMethodAccessorImpl.invoke0(Native Method)
	at sun.reflect.NativeMethodAccessorImpl.invoke(NativeMethodAccessorImpl.java:39)
	at sun.reflect.DelegatingMethodAccessorImpl.invoke(DelegatingMethodAccessorImpl.java:25)
	at java.lang.reflect.Method.invoke(Method.java:597)
	at junit.framework.TestCase.runTest(TestCase.java:168)
	at junit.framework.TestCase.runBare(TestCase.java:134)
	at org.springframework.test.ConditionalTestCase.runBare(ConditionalTestCase.java:76)
	at junit.framework.TestResult$1.protect(TestResult.java:110)
	at junit.framework.TestResult.runProtected(TestResult.java:128)
	at junit.framework.TestResult.run(TestResult.java:113)
	at junit.framework.TestCase.run(TestCase.java:124)
	at junit.framework.TestSuite.runTest(TestSuite.java:232)
	at junit.framework.TestSuite.run(TestSuite.java:227)
	at org.junit.internal.runners.JUnit38ClassRunner.run(JUnit38ClassRunner.java:91)
	at org.apache.maven.surefire.junit4.JUnit4TestSet.execute(JUnit4TestSet.java:62)
	at org.apache.maven.surefire.suite.AbstractDirectoryTestSuite.executeTestSet(AbstractDirectoryTestSuite.java:140)
	at org.apache.maven.surefire.suite.AbstractDirectoryTestSuite.execute(AbstractDirectoryTestSuite.java:127)
	at org.apache.maven.surefire.Surefire.run(Surefire.java:177)
	at sun.reflect.NativeMethodAccessorImpl.invoke0(Native Method)
	at sun.reflect.NativeMethodAccessorImpl.invoke(NativeMethodAccessorImpl.java:39)
	at sun.reflect.DelegatingMethodAccessorImpl.invoke(DelegatingMethodAccessorImpl.java:25)
	at java.lang.reflect.Method.invoke(Method.java:597)
	at org.apache.maven.surefire.booter.SurefireBooter.runSuitesInProcess(SurefireBooter.java:345)
	at org.apache.maven.surefire.booter.SurefireBooter.main(SurefireBooter.java:1009)
15:32:36,425  INFO AjaxInterceptor:194 - Null ModelAndView object, proceeding without Ajax processing ...
15:32:36,458 DEBUG AjaxResponseSender:37 - Sending ajax response: <?xml version="1.0" encoding="ISO-8859-1"?>
<?xml-stylesheet type="text/css" href=""?>
<ajax-response xml:space="preserve">
<replace-children><context><matcher matchMode="plain" contextNodeID="test"/></context><content>simple text</content></replace-children>
</ajax-response>
15:32:36,459 DEBUG AjaxResponseSender:37 - Sending ajax response: <?xml version="1.0" encoding="UTF-8"?>
<?xml-stylesheet type="text/css" href=""?>
<ajax-response xml:space="preserve">
<replace-children><context><matcher matchMode="plain" contextNodeID="test"/></context><content>questo è un semplice testo</content></replace-children>
</ajax-response>
15:32:36,462 DEBUG SpecificationGenericAdapter:52 - Adapting class org.springmodules.xt.test.domain.AvailableOfficeSpecification to interface org.apache.commons.collections.Predicate
15:32:36,463 DEBUG PredicateCompositeAdapter:45 - Adapting interface org.springmodules.xt.model.specifications.composite.CompositeSpecification to interface org.apache.commons.collections.Predicate
15:32:36,463 DEBUG SpecificationGenericAdapter:52 - Adapting class org.springmodules.xt.test.domain.AvailableOfficeSpecification to interface org.apache.commons.collections.Predicate
15:32:44,479 DEBUG AbstractIntroductorInterceptor:95 - Found cached introduced method: setOffice
15:32:44,481 DEBUG AbstractIntroductorInterceptor:95 - Found cached introduced method: setOffice
15:32:44,481 DEBUG AbstractIntroductorInterceptor:95 - Found cached introduced method: setOffice
15:32:44,482 DEBUG BeanIntroductorInterceptor:119 - Introducing method: setOffice
15:32:44,483 DEBUG AbstractIntroductorInterceptor:95 - Found cached introduced method: setOffice
15:32:44,483 DEBUG AbstractIntroductorInterceptor:95 - Found cached introduced method: setOffice
15:32:44,484 DEBUG AbstractIntroductorInterceptor:95 - Found cached introduced method: setOffice
15:32:44,484 DEBUG BeanIntroductorInterceptor:119 - Introducing method: setOffice
15:32:44,484 DEBUG AbstractIntroductorInterceptor:95 - Found cached introduced method: getOffice
15:32:44,485 DEBUG AbstractIntroductorInterceptor:95 - Found cached introduced method: getOffice
15:32:44,485 DEBUG AbstractIntroductorInterceptor:95 - Found cached introduced method: getOffice
15:32:44,486 DEBUG BeanIntroductorInterceptor:119 - Introducing method: getOffice
15:32:44,486 DEBUG AbstractIntroductorInterceptor:95 - Found cached introduced method: getOffice
15:32:44,486 DEBUG AbstractIntroductorInterceptor:95 - Found cached introduced method: getOffice
15:32:44,487 DEBUG AbstractIntroductorInterceptor:95 - Found cached introduced method: getOffice
15:32:44,487 DEBUG BeanIntroductorInterceptor:119 - Introducing method: getOffice
15:32:44,488 DEBUG AbstractIntroductorInterceptor:95 - Found cached introduced method: setOffice
15:32:44,489 DEBUG AbstractIntroductorInterceptor:95 - Found cached introduced method: setOffice
15:32:44,489 DEBUG AbstractIntroductorInterceptor:95 - Found cached introduced method: setOffice
15:32:44,489 DEBUG BeanIntroductorInterceptor:119 - Introducing method: setOffice
15:32:44,490 DEBUG AbstractIntroductorInterceptor:95 - Found cached introduced method: setOffice
15:32:44,490 DEBUG AbstractIntroductorInterceptor:95 - Found cached introduced method: setOffice
15:32:44,490 DEBUG AbstractIntroductorInterceptor:95 - Found cached introduced method: setOffice
15:32:44,491 DEBUG BeanIntroductorInterceptor:119 - Introducing method: setOffice
15:32:44,491 DEBUG AbstractIntroductorInterceptor:95 - Found cached introduced method: getOffice
15:32:44,491 DEBUG AbstractIntroductorInterceptor:95 - Found cached introduced method: getOffice
15:32:44,492 DEBUG AbstractIntroductorInterceptor:95 - Found cached introduced method: getOffice
15:32:44,492 DEBUG BeanIntroductorInterceptor:119 - Introducing method: getOffice
15:32:44,492 DEBUG AbstractIntroductorInterceptor:95 - Found cached introduced method: getOffice
15:32:44,492 DEBUG AbstractIntroductorInterceptor:95 - Found cached introduced method: getOffice
15:32:44,493 DEBUG AbstractIntroductorInterceptor:95 - Found cached introduced method: getOffice
15:32:44,493 DEBUG BeanIntroductorInterceptor:119 - Introducing method: getOffice
15:32:44,670 DEBUG PredicateGenericAdapter:82 - Adapting class org.springmodules.xt.test.domain.AvailableOfficeSpecification to interface org.apache.commons.collections.Predicate
15:32:44,688  INFO AjaxExceptionHandlerResolverTest:187 - Loading context for locations: testApplicationContext.xml
15:32:44,891 ERROR AjaxExceptionHandlerResolver:71 - exception
org.springmodules.xt.ajax.support.UnsupportedEventException: exception
	at org.springmodules.xt.ajax.AjaxExceptionHandlerResolverTest.testResolveException1(AjaxExceptionHandlerResolverTest.java:45)
	at sun.reflect.NativeMethodAccessorImpl.invoke0(Native Method)
	at sun.reflect.NativeMethodAccessorImpl.invoke(NativeMethodAccessorImpl.java:39)
	at sun.reflect.DelegatingMethodAccessorImpl.invoke(DelegatingMethodAccessorImpl.java:25)
	at java.lang.reflect.Method.invoke(Method.java:597)
	at junit.framework.TestCase.runTest(TestCase.java:168)
	at junit.framework.TestCase.runBare(TestCase.java:134)
	at org.springframework.test.ConditionalTestCase.runBare(ConditionalTestCase.java:76)
	at junit.framework.TestResult$1.protect(TestResult.java:110)
	at junit.framework.TestResult.runProtected(TestResult.java:128)
	at junit.framework.TestResult.run(TestResult.java:113)
	at junit.framework.TestCase.run(TestCase.java:124)
	at junit.framework.TestSuite.runTest(TestSuite.java:232)
	at junit.framework.TestSuite.run(TestSuite.java:227)
	at org.junit.internal.runners.JUnit38ClassRunner.run(JUnit38ClassRunner.java:91)
	at org.apache.maven.surefire.junit4.JUnit4TestSet.execute(JUnit4TestSet.java:62)
	at org.apache.maven.surefire.suite.AbstractDirectoryTestSuite.executeTestSet(AbstractDirectoryTestSuite.java:140)
	at org.apache.maven.surefire.suite.AbstractDirectoryTestSuite.execute(AbstractDirectoryTestSuite.java:127)
	at org.apache.maven.surefire.Surefire.run(Surefire.java:177)
	at sun.reflect.NativeMethodAccessorImpl.invoke0(Native Method)
	at sun.reflect.NativeMethodAccessorImpl.invoke(NativeMethodAccessorImpl.java:39)
	at sun.reflect.DelegatingMethodAccessorImpl.invoke(DelegatingMethodAccessorImpl.java:25)
	at java.lang.reflect.Method.invoke(Method.java:597)
	at org.apache.maven.surefire.booter.SurefireBooter.runSuitesInProcess(SurefireBooter.java:345)
	at org.apache.maven.surefire.booter.SurefireBooter.main(SurefireBooter.java:1009)
15:32:44,892  INFO AjaxExceptionHandlerResolver:75 - Resolving exception of type : class org.springmodules.xt.ajax.support.UnsupportedEventException
15:32:44,900 DEBUG AjaxResponseSender:37 - Sending ajax response: <?xml version="1.0" encoding="ISO-8859-1"?>
<?xml-stylesheet type="text/css" href=""?>
<ajax-response xml:space="preserve">
<redirect><content><target url="/test/redirect1.html?exceptionMessage=exception"/></content></redirect>
</ajax-response>
15:32:44,905 ERROR AjaxExceptionHandlerResolver:71 - exception
org.springmodules.xt.ajax.support.UnsupportedEventException: exception
	at org.springmodules.xt.ajax.AjaxExceptionHandlerResolverTest.testResolveException2(AjaxExceptionHandlerResolverTest.java:58)
	at sun.reflect.NativeMethodAccessorImpl.invoke0(Native Method)
	at sun.reflect.NativeMethodAccessorImpl.invoke(NativeMethodAccessorImpl.java:39)
	at sun.reflect.DelegatingMethodAccessorImpl.invoke(DelegatingMethodAccessorImpl.java:25)
	at java.lang.reflect.Method.invoke(Method.java:597)
	at junit.framework.TestCase.runTest(TestCase.java:168)
	at junit.framework.TestCase.runBare(TestCase.java:134)
	at org.springframework.test.ConditionalTestCase.runBare(ConditionalTestCase.java:76)
	at junit.framework.TestResult$1.protect(TestResult.java:110)
	at junit.framework.TestResult.runProtected(TestResult.java:128)
	at junit.framework.TestResult.run(TestResult.java:113)
	at junit.framework.TestCase.run(TestCase.java:124)
	at junit.framework.TestSuite.runTest(TestSuite.java:232)
	at junit.framework.TestSuite.run(TestSuite.java:227)
	at org.junit.internal.runners.JUnit38ClassRunner.run(JUnit38ClassRunner.java:91)
	at org.apache.maven.surefire.junit4.JUnit4TestSet.execute(JUnit4TestSet.java:62)
	at org.apache.maven.surefire.suite.AbstractDirectoryTestSuite.executeTestSet(AbstractDirectoryTestSuite.java:140)
	at org.apache.maven.surefire.suite.AbstractDirectoryTestSuite.execute(AbstractDirectoryTestSuite.java:127)
	at org.apache.maven.surefire.Surefire.run(Surefire.java:177)
	at sun.reflect.NativeMethodAccessorImpl.invoke0(Native Method)
	at sun.reflect.NativeMethodAccessorImpl.invoke(NativeMethodAccessorImpl.java:39)
	at sun.reflect.DelegatingMethodAccessorImpl.invoke(DelegatingMethodAccessorImpl.java:25)
	at java.lang.reflect.Method.invoke(Method.java:597)
	at org.apache.maven.surefire.booter.SurefireBooter.runSuitesInProcess(SurefireBooter.java:345)
	at org.apache.maven.surefire.booter.SurefireBooter.main(SurefireBooter.java:1009)
15:32:44,910  INFO AjaxExceptionHandlerResolver:75 - Resolving exception of type : class org.springmodules.xt.ajax.support.UnsupportedEventException
15:32:44,910 DEBUG AjaxResponseSender:37 - Sending ajax response: <?xml version="1.0" encoding="ISO-8859-1"?>
<?xml-stylesheet type="text/css" href=""?>
<ajax-response xml:space="preserve">
<redirect><content><target url="/test/redirect1.html?exceptionMessage=exception"/></content></redirect>
</ajax-response>
15:32:45,072 DEBUG AbstractIntroductorInterceptor:95 - Found cached introduced method: setOffice
15:32:45,073 DEBUG AbstractIntroductorInterceptor:95 - Found cached introduced method: setOffice
15:32:45,074 DEBUG AbstractIntroductorInterceptor:95 - Found cached introduced method: setOffice
15:32:45,074 DEBUG BeanIntroductorInterceptor:119 - Introducing method: setOffice
15:32:45,076 DEBUG AbstractIntroductorInterceptor:95 - Found cached introduced method: setOffice
15:32:45,077 DEBUG AbstractIntroductorInterceptor:95 - Found cached introduced method: setOffice
15:32:45,077 DEBUG AbstractIntroductorInterceptor:95 - Found cached introduced method: setOffice
15:32:45,077 DEBUG BeanIntroductorInterceptor:119 - Introducing method: setOffice
15:32:45,077 DEBUG AbstractIntroductorInterceptor:95 - Found cached introduced method: getOffice
15:32:45,078 DEBUG AbstractIntroductorInterceptor:95 - Found cached introduced method: getOffice
15:32:45,078 DEBUG AbstractIntroductorInterceptor:95 - Found cached introduced method: getOffice
15:32:45,078 DEBUG BeanIntroductorInterceptor:119 - Introducing method: getOffice
15:32:45,078 DEBUG AbstractIntroductorInterceptor:95 - Found cached introduced method: getOffice
15:32:45,079 DEBUG AbstractIntroductorInterceptor:95 - Found cached introduced method: getOffice
15:32:45,079 DEBUG AbstractIntroductorInterceptor:95 - Found cached introduced method: getOffice
15:32:45,079 DEBUG BeanIntroductorInterceptor:119 - Introducing method: getOffice
15:32:45,080 DEBUG AbstractIntroductorInterceptor:95 - Found cached introduced method: setOffice
15:32:45,080 DEBUG AbstractIntroductorInterceptor:95 - Found cached introduced method: setOffice
15:32:45,081 DEBUG AbstractIntroductorInterceptor:95 - Found cached introduced method: setOffice
15:32:45,081 DEBUG BeanIntroductorInterceptor:119 - Introducing method: setOffice
15:32:45,081 DEBUG AbstractIntroductorInterceptor:95 - Found cached introduced method: setOffice
15:32:45,082 DEBUG AbstractIntroductorInterceptor:95 - Found cached introduced method: setOffice
15:32:45,082 DEBUG AbstractIntroductorInterceptor:95 - Found cached introduced method: setOffice
15:32:45,082 DEBUG BeanIntroductorInterceptor:119 - Introducing method: setOffice
15:32:45,083 DEBUG AbstractIntroductorInterceptor:95 - Found cached introduced method: getOffice
15:32:45,083 DEBUG AbstractIntroductorInterceptor:95 - Found cached introduced method: getOffice
15:32:45,083 DEBUG AbstractIntroductorInterceptor:95 - Found cached introduced method: getOffice
15:32:45,083 DEBUG BeanIntroductorInterceptor:119 - Introducing method: getOffice
15:32:45,084 DEBUG AbstractIntroductorInterceptor:95 - Found cached introduced method: getOffice
15:32:45,084 DEBUG AbstractIntroductorInterceptor:95 - Found cached introduced method: getOffice
15:32:45,084 DEBUG AbstractIntroductorInterceptor:95 - Found cached introduced method: getOffice
15:32:45,084 DEBUG BeanIntroductorInterceptor:119 - Introducing method: getOffice
15:32:45,085 DEBUG AbstractIntroductorInterceptor:95 - Found cached introduced method: getMatriculationCode
15:32:45,086 DEBUG AbstractIntroductorInterceptor:95 - Found cached introduced method: getMatriculationCode
15:32:45,086 DEBUG BeanIntroductorInterceptor:74 - Executing on target; method: getMatriculationCode
15:32:45,087 DEBUG AbstractIntroductorInterceptor:95 - Found cached introduced method: getMatriculationCode
15:32:45,087 DEBUG AbstractIntroductorInterceptor:95 - Found cached introduced method: getMatriculationCode
15:32:45,087 DEBUG BeanIntroductorInterceptor:74 - Executing on target; method: getMatriculationCode
15:32:45,088 DEBUG AbstractIntroductorInterceptor:95 - Found cached introduced method: getMatriculationCode
15:32:45,088 DEBUG AbstractIntroductorInterceptor:95 - Found cached introduced method: getMatriculationCode
15:32:45,089 DEBUG BeanIntroductorInterceptor:74 - Executing on target; method: getMatriculationCode
15:32:45,089 DEBUG AbstractIntroductorInterceptor:95 - Found cached introduced method: getMatriculationCode
15:32:45,090 DEBUG AbstractIntroductorInterceptor:95 - Found cached introduced method: getMatriculationCode
15:32:45,091 DEBUG BeanIntroductorInterceptor:74 - Executing on target; method: getMatriculationCode
15:32:45,103  INFO AbstractAjaxHandler:63 - Invoking method: public org.springmodules.xt.ajax.AjaxResponse org.springmodules.xt.ajax.AjaxHandlerTest$1.testEvent(org.springmodules.xt.ajax.AjaxEvent)
15:32:45,118  INFO AbstractAjaxHandler:63 - Invoking method: public org.springmodules.xt.ajax.AjaxResponse org.springmodules.xt.ajax.AjaxHandlerTest$2.testEvent(org.springmodules.xt.ajax.AjaxActionEvent)
15:32:45,119  INFO AbstractAjaxHandler:63 - Invoking method: public org.springmodules.xt.ajax.AjaxResponse org.springmodules.xt.ajax.AjaxHandlerTest$3.testEvent(org.springmodules.xt.ajax.AjaxSubmitEvent)
15:32:45,120 DEBUG AbstractAjaxHandler:103 - Event supported by method: public org.springmodules.xt.ajax.AjaxResponse org.springmodules.xt.ajax.AjaxHandlerTest$4.testEvent(org.springmodules.xt.ajax.AjaxEvent)
15:32:45,131 DEBUG AbstractAjaxHandler:103 - Event supported by method: public org.springmodules.xt.ajax.AjaxResponse org.springmodules.xt.ajax.AjaxHandlerTest$5.testEvent(org.springmodules.xt.ajax.AjaxActionEvent)
15:32:45,131 DEBUG AbstractAjaxHandler:103 - Event supported by method: public org.springmodules.xt.ajax.AjaxResponse org.springmodules.xt.ajax.AjaxHandlerTest$6.testEvent(org.springmodules.xt.ajax.AjaxSubmitEvent)
15:32:45,133  INFO AbstractAjaxHandler:63 - Invoking method: public org.springmodules.xt.ajax.AjaxResponse org.springmodules.xt.ajax.AjaxHandlerTest$8.testEvent(org.springmodules.xt.ajax.AjaxActionEvent)
15:32:45,133 ERROR AbstractAjaxHandler:77 - 
java.lang.reflect.InvocationTargetException
	at sun.reflect.NativeMethodAccessorImpl.invoke0(Native Method)
	at sun.reflect.NativeMethodAccessorImpl.invoke(NativeMethodAccessorImpl.java:39)
	at sun.reflect.DelegatingMethodAccessorImpl.invoke(DelegatingMethodAccessorImpl.java:25)
	at java.lang.reflect.Method.invoke(Method.java:597)
	at org.springmodules.xt.ajax.AbstractAjaxHandler.handle(AbstractAjaxHandler.java:64)
	at org.springmodules.xt.ajax.AjaxHandlerTest.testThrowingExceptionDuringEventHandling(AjaxHandlerTest.java:132)
	at sun.reflect.NativeMethodAccessorImpl.invoke0(Native Method)
	at sun.reflect.NativeMethodAccessorImpl.invoke(NativeMethodAccessorImpl.java:39)
	at sun.reflect.DelegatingMethodAccessorImpl.invoke(DelegatingMethodAccessorImpl.java:25)
	at java.lang.reflect.Method.invoke(Method.java:597)
	at junit.framework.TestCase.runTest(TestCase.java:168)
	at junit.framework.TestCase.runBare(TestCase.java:134)
	at junit.framework.TestResult$1.protect(TestResult.java:110)
	at junit.framework.TestResult.runProtected(TestResult.java:128)
	at junit.framework.TestResult.run(TestResult.java:113)
	at junit.framework.TestCase.run(TestCase.java:124)
	at junit.framework.TestSuite.runTest(TestSuite.java:232)
	at junit.framework.TestSuite.run(TestSuite.java:227)
	at org.junit.internal.runners.JUnit38ClassRunner.run(JUnit38ClassRunner.java:91)
	at org.apache.maven.surefire.junit4.JUnit4TestSet.execute(JUnit4TestSet.java:62)
	at org.apache.maven.surefire.suite.AbstractDirectoryTestSuite.executeTestSet(AbstractDirectoryTestSuite.java:140)
	at org.apache.maven.surefire.suite.AbstractDirectoryTestSuite.execute(AbstractDirectoryTestSuite.java:127)
	at org.apache.maven.surefire.Surefire.run(Surefire.java:177)
	at sun.reflect.NativeMethodAccessorImpl.invoke0(Native Method)
	at sun.reflect.NativeMethodAccessorImpl.invoke(NativeMethodAccessorImpl.java:39)
	at sun.reflect.DelegatingMethodAccessorImpl.invoke(DelegatingMethodAccessorImpl.java:25)
	at java.lang.reflect.Method.invoke(Method.java:597)
	at org.apache.maven.surefire.booter.SurefireBooter.runSuitesInProcess(SurefireBooter.java:345)
	at org.apache.maven.surefire.booter.SurefireBooter.main(SurefireBooter.java:1009)
Caused by: java.lang.IllegalStateException: Nested exception.
	at org.springmodules.xt.ajax.AjaxHandlerTest$8.testEvent(AjaxHandlerTest.java:125)
	... 29 more
15:32:45,134 ERROR AbstractAjaxHandler:78 - Exception while handling the given event with id: testEvent
15:32:45,990 DEBUG FactoryGeneratorInterceptor:205 - Put constructor arg with position and value: 0,SB
15:32:45,991 DEBUG FactoryGeneratorInterceptor:205 - Put constructor arg with position and value: 1,111
15:32:46,001 DEBUG FactoryGeneratorInterceptor:171 - Put property with name and value: firstname,Sergio
15:32:46,001 DEBUG FactoryGeneratorInterceptor:171 - Put property with name and value: surname,Bossa
15:32:46,003 DEBUG FactoryGeneratorInterceptor:182 - Put value property with name and value: value,value
15:32:46,003 DEBUG FactoryGeneratorInterceptor:224 - Read property with name and value: nickname,SB
15:32:46,003 DEBUG FactoryGeneratorInterceptor:224 - Read property with name and value: matriculationCode,111
15:32:46,004 DEBUG FactoryGeneratorInterceptor:224 - Read property with name and value: firstname,Sergio
15:32:46,004 DEBUG FactoryGeneratorInterceptor:224 - Read property with name and value: surname,Bossa
15:32:46,004 DEBUG FactoryGeneratorInterceptor:224 - Read property with name and value: value,value
15:32:46,005 DEBUG FactoryGeneratorInterceptor:205 - Put constructor arg with position and value: 0,SB
15:32:46,005 DEBUG FactoryGeneratorInterceptor:205 - Put constructor arg with position and value: 1,111
15:32:46,005 DEBUG FactoryGeneratorInterceptor:171 - Put property with name and value: firstname,Sergio
15:32:46,006 DEBUG FactoryGeneratorInterceptor:171 - Put property with name and value: surname,Bossa
15:32:46,008 DEBUG FactoryGeneratorInterceptor:230 - Making object of class: class org.springmodules.xt.test.domain.Employee
15:32:46,010 DEBUG FactoryGeneratorInterceptor:205 - Put constructor arg with position and value: 0,SB
15:32:46,010 DEBUG FactoryGeneratorInterceptor:171 - Put property with name and value: firstname,Sergio
15:32:46,011 DEBUG FactoryGeneratorInterceptor:171 - Put property with name and value: surname,Bossa
15:32:46,011 DEBUG FactoryGeneratorInterceptor:230 - Making object of class: class org.springmodules.xt.test.domain.Employee
15:32:46,113 DEBUG AbstractIntroductorInterceptor:95 - Found cached introduced method: setOffice
15:32:46,114 DEBUG AbstractIntroductorInterceptor:95 - Found cached introduced method: setOffice
15:32:46,114 DEBUG AbstractIntroductorInterceptor:95 - Found cached introduced method: setOffice
15:32:46,115 DEBUG BeanIntroductorInterceptor:119 - Introducing method: setOffice
15:32:46,115 DEBUG AbstractIntroductorInterceptor:95 - Found cached introduced method: setOffice
15:32:46,116 DEBUG AbstractIntroductorInterceptor:95 - Found cached introduced method: setOffice
15:32:46,116 DEBUG AbstractIntroductorInterceptor:95 - Found cached introduced method: setOffice
15:32:46,116 DEBUG BeanIntroductorInterceptor:119 - Introducing method: setOffice
15:32:46,116 DEBUG AbstractIntroductorInterceptor:95 - Found cached introduced method: getOffice
15:32:46,117 DEBUG AbstractIntroductorInterceptor:95 - Found cached introduced method: getOffice
15:32:46,117 DEBUG AbstractIntroductorInterceptor:95 - Found cached introduced method: getOffice
15:32:46,117 DEBUG BeanIntroductorInterceptor:119 - Introducing method: getOffice
15:32:46,117 DEBUG AbstractIntroductorInterceptor:95 - Found cached introduced method: getOffice
15:32:46,118 DEBUG AbstractIntroductorInterceptor:95 - Found cached introduced method: getOffice
15:32:46,118 DEBUG AbstractIntroductorInterceptor:95 - Found cached introduced method: getOffice
15:32:46,118 DEBUG BeanIntroductorInterceptor:119 - Introducing method: getOffice
15:32:46,120 DEBUG AbstractIntroductorInterceptor:95 - Found cached introduced method: setOffice
15:32:46,121 DEBUG AbstractIntroductorInterceptor:95 - Found cached introduced method: setOffice
15:32:46,121 DEBUG AbstractIntroductorInterceptor:95 - Found cached introduced method: setOffice
15:32:46,122 DEBUG BeanIntroductorInterceptor:119 - Introducing method: setOffice
15:32:46,122 DEBUG AbstractIntroductorInterceptor:95 - Found cached introduced method: setOffice
15:32:46,122 DEBUG AbstractIntroductorInterceptor:95 - Found cached introduced method: setOffice
15:32:46,123 DEBUG AbstractIntroductorInterceptor:95 - Found cached introduced method: setOffice
15:32:46,123 DEBUG BeanIntroductorInterceptor:119 - Introducing method: setOffice
15:32:46,123 DEBUG AbstractIntroductorInterceptor:95 - Found cached introduced method: getOffice
15:32:46,123 DEBUG AbstractIntroductorInterceptor:95 - Found cached introduced method: getOffice
15:32:46,124 DEBUG AbstractIntroductorInterceptor:95 - Found cached introduced method: getOffice
15:32:46,124 DEBUG BeanIntroductorInterceptor:119 - Introducing method: getOffice
15:32:46,124 DEBUG AbstractIntroductorInterceptor:95 - Found cached introduced method: getOffice
15:32:46,124 DEBUG AbstractIntroductorInterceptor:95 - Found cached introduced method: getOffice
15:32:46,125 DEBUG AbstractIntroductorInterceptor:95 - Found cached introduced method: getOffice
15:32:46,125 DEBUG BeanIntroductorInterceptor:119 - Introducing method: getOffice
15:32:46,199 DEBUG SpecificationGenericAdapter:52 - Adapting class org.springmodules.xt.test.domain.OfficeIdSpecification to interface org.apache.commons.collections.Predicate
15:32:46,200 DEBUG SpecificationGenericAdapter:52 - Adapting class org.springmodules.xt.test.domain.OfficeIdSpecification to interface org.apache.commons.collections.Predicate
15:32:46,203 DEBUG SpecificationGenericAdapter:52 - Adapting class org.springmodules.xt.test.domain.OfficeIdSpecification to interface org.apache.commons.collections.Predicate
15:32:46,208 DEBUG SpecificationGenericAdapter:52 - Adapting class org.springmodules.xt.test.domain.AvailableOfficeSpecification to interface org.apache.commons.collections.Predicate
15:32:46,208 DEBUG SpecificationGenericAdapter:52 - Adapting class org.springmodules.xt.test.domain.FullOfficeSpecification to interface org.apache.commons.collections.Predicate
15:32:46,209 DEBUG SpecificationGenericAdapter:52 - Adapting class org.springmodules.xt.test.domain.OfficeIdSpecification to interface org.apache.commons.collections.Predicate
15:32:46,209 DEBUG SpecificationGenericAdapter:52 - Adapting class org.springmodules.xt.test.domain.AvailableOfficeSpecification to interface org.apache.commons.collections.Predicate
15:32:46,209 DEBUG SpecificationGenericAdapter:52 - Adapting class org.springmodules.xt.test.domain.FullOfficeSpecification to interface org.apache.commons.collections.Predicate
15:32:46,210 DEBUG SpecificationGenericAdapter:52 - Adapting class org.springmodules.xt.test.domain.FullOfficeSpecification to interface org.apache.commons.collections.Predicate
15:32:46,211 DEBUG SpecificationGenericAdapter:52 - Adapting class org.springmodules.xt.test.domain.AvailableOfficeSpecification to interface org.apache.commons.collections.Predicate
15:32:46,212 DEBUG SpecificationGenericAdapter:52 - Adapting class org.springmodules.xt.test.domain.FullOfficeSpecification to interface org.apache.commons.collections.Predicate
15:32:46,212 DEBUG SpecificationGenericAdapter:52 - Adapting class org.springmodules.xt.test.domain.AvailableOfficeSpecification to interface org.apache.commons.collections.Predicate
15:32:46,216 DEBUG SpecificationGenericAdapter:52 - Adapting class org.springmodules.xt.test.domain.OfficeIdSpecification to interface org.apache.commons.collections.Predicate
15:32:46,216 DEBUG SpecificationGenericAdapter:52 - Adapting class org.springmodules.xt.test.domain.FullOfficeSpecification to interface org.apache.commons.collections.Predicate
15:32:46,217 DEBUG SpecificationGenericAdapter:52 - Adapting class org.springmodules.xt.test.domain.AvailableOfficeSpecification to interface org.apache.commons.collections.Predicate
15:32:46,217 DEBUG SpecificationGenericAdapter:52 - Adapting class org.springmodules.xt.test.domain.OfficeIdSpecification to interface org.apache.commons.collections.Predicate
15:32:46,218 DEBUG SpecificationGenericAdapter:52 - Adapting class org.springmodules.xt.test.domain.FullOfficeSpecification to interface org.apache.commons.collections.Predicate
15:32:46,219 DEBUG SpecificationGenericAdapter:52 - Adapting class org.springmodules.xt.test.domain.FullOfficeSpecification to interface org.apache.commons.collections.Predicate
15:32:46,219 DEBUG SpecificationGenericAdapter:52 - Adapting class org.springmodules.xt.test.domain.FullOfficeSpecification to interface org.apache.commons.collections.Predicate
15:32:46,219 DEBUG SpecificationGenericAdapter:52 - Adapting class org.springmodules.xt.test.domain.FullOfficeSpecification to interface org.apache.commons.collections.Predicate
15:32:46,219 DEBUG SpecificationGenericAdapter:52 - Adapting class org.springmodules.xt.test.domain.FullOfficeSpecification to interface org.apache.commons.collections.Predicate
15:32:46,220 DEBUG SpecificationGenericAdapter:52 - Adapting class org.springmodules.xt.test.domain.OfficeIdSpecification to interface org.apache.commons.collections.Predicate
15:32:46,221 DEBUG SpecificationGenericAdapter:52 - Adapting class org.springmodules.xt.test.domain.AvailableOfficeSpecification to interface org.apache.commons.collections.Predicate
15:32:46,221 DEBUG SpecificationGenericAdapter:52 - Adapting class org.springmodules.xt.test.domain.OfficeIdSpecification to interface org.apache.commons.collections.Predicate
15:32:46,222 DEBUG SpecificationGenericAdapter:52 - Adapting class org.springmodules.xt.test.domain.AvailableOfficeSpecification to interface org.apache.commons.collections.Predicate
15:32:46,223 DEBUG SpecificationGenericAdapter:52 - Adapting class org.springmodules.xt.test.domain.OfficeIdSpecification to interface org.apache.commons.collections.Predicate
15:32:46,223 DEBUG SpecificationGenericAdapter:52 - Adapting class org.springmodules.xt.test.domain.AvailableOfficeSpecification to interface org.apache.commons.collections.Predicate
15:32:46,337  WARN MVCFormDataAccessor:96 - java.lang.Object.getCommandName()
java.lang.NoSuchMethodException: java.lang.Object.getCommandName()
	at java.lang.Class.getMethod(Class.java:1605)
	at org.springmodules.xt.ajax.MVCFormDataAccessor.resolveCommandName(MVCFormDataAccessor.java:87)
	at org.springmodules.xt.ajax.MVCFormDataAccessor.getCommandObject(MVCFormDataAccessor.java:44)
	at org.springmodules.xt.ajax.MVCFormDataAccessorTest.testGetCommandObjectFails(MVCFormDataAccessorTest.java:92)
	at sun.reflect.NativeMethodAccessorImpl.invoke0(Native Method)
	at sun.reflect.NativeMethodAccessorImpl.invoke(NativeMethodAccessorImpl.java:39)
	at sun.reflect.DelegatingMethodAccessorImpl.invoke(DelegatingMethodAccessorImpl.java:25)
	at java.lang.reflect.Method.invoke(Method.java:597)
	at junit.framework.TestCase.runTest(TestCase.java:168)
	at junit.framework.TestCase.runBare(TestCase.java:134)
	at junit.framework.TestResult$1.protect(TestResult.java:110)
	at junit.framework.TestResult.runProtected(TestResult.java:128)
	at junit.framework.TestResult.run(TestResult.java:113)
	at junit.framework.TestCase.run(TestCase.java:124)
	at junit.framework.TestSuite.runTest(TestSuite.java:232)
	at junit.framework.TestSuite.run(TestSuite.java:227)
	at org.junit.internal.runners.JUnit38ClassRunner.run(JUnit38ClassRunner.java:91)
	at org.apache.maven.surefire.junit4.JUnit4TestSet.execute(JUnit4TestSet.java:62)
	at org.apache.maven.surefire.suite.AbstractDirectoryTestSuite.executeTestSet(AbstractDirectoryTestSuite.java:140)
	at org.apache.maven.surefire.suite.AbstractDirectoryTestSuite.execute(AbstractDirectoryTestSuite.java:127)
	at org.apache.maven.surefire.Surefire.run(Surefire.java:177)
	at sun.reflect.NativeMethodAccessorImpl.invoke0(Native Method)
	at sun.reflect.NativeMethodAccessorImpl.invoke(NativeMethodAccessorImpl.java:39)
	at sun.reflect.DelegatingMethodAccessorImpl.invoke(DelegatingMethodAccessorImpl.java:25)
	at java.lang.reflect.Method.invoke(Method.java:597)
	at org.apache.maven.surefire.booter.SurefireBooter.runSuitesInProcess(SurefireBooter.java:345)
	at org.apache.maven.surefire.booter.SurefireBooter.main(SurefireBooter.java:1009)
15:32:46,338  WARN MVCFormDataAccessor:48 - No command name found for handler : java.lang.Object@1d34263a
15:32:46,494 DEBUG DefaultValidationHandler:183 - Putting errors in session for URL: http://localhost:80
15:32:46,507 DEBUG DefaultValidationHandler:183 - Putting errors in session for URL: http://localhost:80
15:32:46,545  INFO AjaxInterceptor:126 - Pre-handling ajax request for event: action
15:32:46,547 DEBUG AbstractAjaxHandler:103 - Event supported by method: public org.springmodules.xt.ajax.AjaxResponse org.springmodules.xt.test.ajax.DummyHandler.action(org.springmodules.xt.ajax.AjaxActionEvent)
15:32:46,547  WARN AjaxInterceptor:421 - Null model map for session: 4
15:32:46,547  INFO AbstractAjaxHandler:63 - Invoking method: public org.springmodules.xt.ajax.AjaxResponse org.springmodules.xt.test.ajax.DummyHandler.action(org.springmodules.xt.ajax.AjaxActionEvent)
15:32:46,548  INFO AjaxInterceptor:155 - Sending Ajax response after Ajax action.
15:32:46,548 DEBUG AjaxResponseSender:37 - Sending ajax response: <?xml version="1.0" encoding="ISO-8859-1"?>
<?xml-stylesheet type="text/css" href=""?>
<ajax-response xml:space="preserve">
<append-as-children><context><matcher matchMode="plain" contextNodeID="action"/></context><content>action</content></append-as-children>
</ajax-response>
15:32:46,550  INFO AjaxInterceptor:126 - Pre-handling ajax request for event: fail
15:32:46,550 ERROR AjaxInterceptor:167 - Cannot handling the given event with id: fail
org.springmodules.xt.ajax.support.UnsupportedEventException: Cannot handling the given event with id: fail
	at org.springmodules.xt.ajax.AjaxInterceptor.preHandle(AjaxInterceptor.java:152)
	at org.springmodules.xt.ajax.AjaxInterceptorTest.testPreHandleFailsWithUnsupportedEventException(AjaxInterceptorTest.java:72)
	at sun.reflect.NativeMethodAccessorImpl.invoke0(Native Method)
	at sun.reflect.NativeMethodAccessorImpl.invoke(NativeMethodAccessorImpl.java:39)
	at sun.reflect.DelegatingMethodAccessorImpl.invoke(DelegatingMethodAccessorImpl.java:25)
	at java.lang.reflect.Method.invoke(Method.java:597)
	at junit.framework.TestCase.runTest(TestCase.java:168)
	at junit.framework.TestCase.runBare(TestCase.java:134)
	at org.springframework.test.ConditionalTestCase.runBare(ConditionalTestCase.java:76)
	at junit.framework.TestResult$1.protect(TestResult.java:110)
	at junit.framework.TestResult.runProtected(TestResult.java:128)
	at junit.framework.TestResult.run(TestResult.java:113)
	at junit.framework.TestCase.run(TestCase.java:124)
	at junit.framework.TestSuite.runTest(TestSuite.java:232)
	at junit.framework.TestSuite.run(TestSuite.java:227)
	at org.junit.internal.runners.JUnit38ClassRunner.run(JUnit38ClassRunner.java:91)
	at org.apache.maven.surefire.junit4.JUnit4TestSet.execute(JUnit4TestSet.java:62)
	at org.apache.maven.surefire.suite.AbstractDirectoryTestSuite.executeTestSet(AbstractDirectoryTestSuite.java:140)
	at org.apache.maven.surefire.suite.AbstractDirectoryTestSuite.execute(AbstractDirectoryTestSuite.java:127)
	at org.apache.maven.surefire.Surefire.run(Surefire.java:177)
	at sun.reflect.NativeMethodAccessorImpl.invoke0(Native Method)
	at sun.reflect.NativeMethodAccessorImpl.invoke(NativeMethodAccessorImpl.java:39)
	at sun.reflect.DelegatingMethodAccessorImpl.invoke(DelegatingMethodAccessorImpl.java:25)
	at java.lang.reflect.Method.invoke(Method.java:597)
	at org.apache.maven.surefire.booter.SurefireBooter.runSuitesInProcess(SurefireBooter.java:345)
	at org.apache.maven.surefire.booter.SurefireBooter.main(SurefireBooter.java:1009)
15:32:46,551  INFO AjaxInterceptor:126 - Pre-handling ajax request for event: fail
15:32:46,552 ERROR AjaxInterceptor:167 - Cannot find an handler matching the request: /ajax/test2.action
org.springmodules.xt.ajax.support.NoMatchingHandlerException: Cannot find an handler matching the request: /ajax/test2.action
	at org.springmodules.xt.ajax.AjaxInterceptor.preHandle(AjaxInterceptor.java:130)
	at org.springmodules.xt.ajax.AjaxInterceptorTest.testPreHandleFailsWithNoMatchingHandlerException(AjaxInterceptorTest.java:92)
	at sun.reflect.NativeMethodAccessorImpl.invoke0(Native Method)
	at sun.reflect.NativeMethodAccessorImpl.invoke(NativeMethodAccessorImpl.java:39)
	at sun.reflect.DelegatingMethodAccessorImpl.invoke(DelegatingMethodAccessorImpl.java:25)
	at java.lang.reflect.Method.invoke(Method.java:597)
	at junit.framework.TestCase.runTest(TestCase.java:168)
	at junit.framework.TestCase.runBare(TestCase.java:134)
	at org.springframework.test.ConditionalTestCase.runBare(ConditionalTestCase.java:76)
	at junit.framework.TestResult$1.protect(TestResult.java:110)
	at junit.framework.TestResult.runProtected(TestResult.java:128)
	at junit.framework.TestResult.run(TestResult.java:113)
	at junit.framework.TestCase.run(TestCase.java:124)
	at junit.framework.TestSuite.runTest(TestSuite.java:232)
	at junit.framework.TestSuite.run(TestSuite.java:227)
	at org.junit.internal.runners.JUnit38ClassRunner.run(JUnit38ClassRunner.java:91)
	at org.apache.maven.surefire.junit4.JUnit4TestSet.execute(JUnit4TestSet.java:62)
	at org.apache.maven.surefire.suite.AbstractDirectoryTestSuite.executeTestSet(AbstractDirectoryTestSuite.java:140)
	at org.apache.maven.surefire.suite.AbstractDirectoryTestSuite.execute(AbstractDirectoryTestSuite.java:127)
	at org.apache.maven.surefire.Surefire.run(Surefire.java:177)
	at sun.reflect.NativeMethodAccessorImpl.invoke0(Native Method)
	at sun.reflect.NativeMethodAccessorImpl.invoke(NativeMethodAccessorImpl.java:39)
	at sun.reflect.DelegatingMethodAccessorImpl.invoke(DelegatingMethodAccessorImpl.java:25)
	at java.lang.reflect.Method.invoke(Method.java:597)
	at org.apache.maven.surefire.booter.SurefireBooter.runSuitesInProcess(SurefireBooter.java:345)
	at org.apache.maven.surefire.booter.SurefireBooter.main(SurefireBooter.java:1009)
15:32:46,599  INFO AjaxInterceptor:211 - Post-handling ajax request for event: submit
15:32:46,599 DEBUG AbstractAjaxHandler:103 - Event supported by method: public org.springmodules.xt.ajax.AjaxResponse org.springmodules.xt.test.ajax.DummySubmitHandler.submit(org.springmodules.xt.ajax.AjaxSubmitEvent)
15:32:46,603  INFO AbstractAjaxHandler:63 - Invoking method: public org.springmodules.xt.ajax.AjaxResponse org.springmodules.xt.test.ajax.DummySubmitHandler.submit(org.springmodules.xt.ajax.AjaxSubmitEvent)
15:32:46,603 DEBUG AjaxResponseSender:37 - Sending ajax response: <?xml version="1.0" encoding="ISO-8859-1"?>
<?xml-stylesheet type="text/css" href=""?>
<ajax-response xml:space="preserve">
<append-as-children><context><matcher matchMode="plain" contextNodeID="submit"/></context><content>submit</content></append-as-children>
</ajax-response>
15:32:46,617  INFO AjaxInterceptor:211 - Post-handling ajax request for event: validate
15:32:46,618 DEBUG AbstractAjaxHandler:103 - Event supported by method: public org.springmodules.xt.ajax.AjaxResponse org.springmodules.xt.ajax.validation.DefaultValidationHandler.validate(org.springmodules.xt.ajax.AjaxSubmitEvent)
15:32:46,619  INFO AbstractAjaxHandler:63 - Invoking method: public org.springmodules.xt.ajax.AjaxResponse org.springmodules.xt.ajax.validation.DefaultValidationHandler.validate(org.springmodules.xt.ajax.AjaxSubmitEvent)
15:32:46,619 DEBUG AjaxResponseSender:37 - Sending ajax response: <?xml version="1.0" encoding="ISO-8859-1"?>
<?xml-stylesheet type="text/css" href=""?>
<ajax-response xml:space="preserve">
<redirect><content><target url="/ajax/success.page"/></content></redirect>
</ajax-response>
15:32:46,644  INFO AjaxInterceptor:211 - Post-handling ajax request for event: validate
15:32:46,644 DEBUG AbstractAjaxHandler:103 - Event supported by method: public org.springmodules.xt.ajax.AjaxResponse org.springmodules.xt.ajax.validation.DefaultValidationHandler.validate(org.springmodules.xt.ajax.AjaxSubmitEvent)
15:32:46,644  INFO AbstractAjaxHandler:63 - Invoking method: public org.springmodules.xt.ajax.AjaxResponse org.springmodules.xt.ajax.validation.DefaultValidationHandler.validate(org.springmodules.xt.ajax.AjaxSubmitEvent)
15:32:46,645 DEBUG AjaxResponseSender:37 - Sending ajax response: <?xml version="1.0" encoding="ISO-8859-1"?>
<?xml-stylesheet type="text/css" href=""?>
<ajax-response xml:space="preserve">
<redirect><content><target url="/ajax/success.page"/></content></redirect>
</ajax-response>
15:32:46,661  INFO AjaxInterceptor:211 - Post-handling ajax request for event: fail
15:32:46,661 ERROR AjaxInterceptor:264 - Cannot handling the given event with id: fail
org.springmodules.xt.ajax.support.UnsupportedEventException: Cannot handling the given event with id: fail
	at org.springmodules.xt.ajax.AjaxInterceptor.postHandle(AjaxInterceptor.java:240)
	at org.springmodules.xt.ajax.AjaxInterceptorTest.testPostHandleFailsWithUnsupportedEventException(AjaxInterceptorTest.java:205)
	at sun.reflect.NativeMethodAccessorImpl.invoke0(Native Method)
	at sun.reflect.NativeMethodAccessorImpl.invoke(NativeMethodAccessorImpl.java:39)
	at sun.reflect.DelegatingMethodAccessorImpl.invoke(DelegatingMethodAccessorImpl.java:25)
	at java.lang.reflect.Method.invoke(Method.java:597)
	at junit.framework.TestCase.runTest(TestCase.java:168)
	at junit.framework.TestCase.runBare(TestCase.java:134)
	at org.springframework.test.ConditionalTestCase.runBare(ConditionalTestCase.java:76)
	at junit.framework.TestResult$1.protect(TestResult.java:110)
	at junit.framework.TestResult.runProtected(TestResult.java:128)
	at junit.framework.TestResult.run(TestResult.java:113)
	at junit.framework.TestCase.run(TestCase.java:124)
	at junit.framework.TestSuite.runTest(TestSuite.java:232)
	at junit.framework.TestSuite.run(TestSuite.java:227)
	at org.junit.internal.runners.JUnit38ClassRunner.run(JUnit38ClassRunner.java:91)
	at org.apache.maven.surefire.junit4.JUnit4TestSet.execute(JUnit4TestSet.java:62)
	at org.apache.maven.surefire.suite.AbstractDirectoryTestSuite.executeTestSet(AbstractDirectoryTestSuite.java:140)
	at org.apache.maven.surefire.suite.AbstractDirectoryTestSuite.execute(AbstractDirectoryTestSuite.java:127)
	at org.apache.maven.surefire.Surefire.run(Surefire.java:177)
	at sun.reflect.NativeMethodAccessorImpl.invoke0(Native Method)
	at sun.reflect.NativeMethodAccessorImpl.invoke(NativeMethodAccessorImpl.java:39)
	at sun.reflect.DelegatingMethodAccessorImpl.invoke(DelegatingMethodAccessorImpl.java:25)
	at java.lang.reflect.Method.invoke(Method.java:597)
	at org.apache.maven.surefire.booter.SurefireBooter.runSuitesInProcess(SurefireBooter.java:345)
	at org.apache.maven.surefire.booter.SurefireBooter.main(SurefireBooter.java:1009)
15:32:46,684  INFO AjaxInterceptor:211 - Post-handling ajax request for event: fail
15:32:46,685 ERROR AjaxInterceptor:264 - Cannot find an handler matching the request: /ajax/submit2.action
org.springmodules.xt.ajax.support.NoMatchingHandlerException: Cannot find an handler matching the request: /ajax/submit2.action
	at org.springmodules.xt.ajax.AjaxInterceptor.postHandle(AjaxInterceptor.java:215)
	at org.springmodules.xt.ajax.AjaxInterceptorTest.testPostHandleFailsWithNoMatchingHandlerException(AjaxInterceptorTest.java:237)
	at sun.reflect.NativeMethodAccessorImpl.invoke0(Native Method)
	at sun.reflect.NativeMethodAccessorImpl.invoke(NativeMethodAccessorImpl.java:39)
	at sun.reflect.DelegatingMethodAccessorImpl.invoke(DelegatingMethodAccessorImpl.java:25)
	at java.lang.reflect.Method.invoke(Method.java:597)
	at junit.framework.TestCase.runTest(TestCase.java:168)
	at junit.framework.TestCase.runBare(TestCase.java:134)
	at org.springframework.test.ConditionalTestCase.runBare(ConditionalTestCase.java:76)
	at junit.framework.TestResult$1.protect(TestResult.java:110)
	at junit.framework.TestResult.runProtected(TestResult.java:128)
	at junit.framework.TestResult.run(TestResult.java:113)
	at junit.framework.TestCase.run(TestCase.java:124)
	at junit.framework.TestSuite.runTest(TestSuite.java:232)
	at junit.framework.TestSuite.run(TestSuite.java:227)
	at org.junit.internal.runners.JUnit38ClassRunner.run(JUnit38ClassRunner.java:91)
	at org.apache.maven.surefire.junit4.JUnit4TestSet.execute(JUnit4TestSet.java:62)
	at org.apache.maven.surefire.suite.AbstractDirectoryTestSuite.executeTestSet(AbstractDirectoryTestSuite.java:140)
	at org.apache.maven.surefire.suite.AbstractDirectoryTestSuite.execute(AbstractDirectoryTestSuite.java:127)
	at org.apache.maven.surefire.Surefire.run(Surefire.java:177)
	at sun.reflect.NativeMethodAccessorImpl.invoke0(Native Method)
	at sun.reflect.NativeMethodAccessorImpl.invoke(NativeMethodAccessorImpl.java:39)
	at sun.reflect.DelegatingMethodAccessorImpl.invoke(DelegatingMethodAccessorImpl.java:25)
	at java.lang.reflect.Method.invoke(Method.java:597)
	at org.apache.maven.surefire.booter.SurefireBooter.runSuitesInProcess(SurefireBooter.java:345)
	at org.apache.maven.surefire.booter.SurefireBooter.main(SurefireBooter.java:1009)
15:32:46,730  INFO AjaxInterceptor:194 - Null ModelAndView object, proceeding without Ajax processing ...
15:32:46,769 DEBUG AjaxResponseSender:37 - Sending ajax response: <?xml version="1.0" encoding="ISO-8859-1"?>
<?xml-stylesheet type="text/css" href=""?>
<ajax-response xml:space="preserve">
<replace-children><context><matcher matchMode="plain" contextNodeID="test"/></context><content>simple text</content></replace-children>
</ajax-response>
15:32:46,771 DEBUG AjaxResponseSender:37 - Sending ajax response: <?xml version="1.0" encoding="UTF-8"?>
<?xml-stylesheet type="text/css" href=""?>
<ajax-response xml:space="preserve">
<replace-children><context><matcher matchMode="plain" contextNodeID="test"/></context><content>questo è un semplice testo</content></replace-children>
</ajax-response>
15:32:46,775 DEBUG SpecificationGenericAdapter:52 - Adapting class org.springmodules.xt.test.domain.AvailableOfficeSpecification to interface org.apache.commons.collections.Predicate
15:32:46,775 DEBUG PredicateCompositeAdapter:45 - Adapting interface org.springmodules.xt.model.specifications.composite.CompositeSpecification to interface org.apache.commons.collections.Predicate
15:32:46,776 DEBUG SpecificationGenericAdapter:52 - Adapting class org.springmodules.xt.test.domain.AvailableOfficeSpecification to interface org.apache.commons.collections.Predicate
15:34:13,741 DEBUG AbstractIntroductorInterceptor:95 - Found cached introduced method: setOffice
15:34:13,743 DEBUG AbstractIntroductorInterceptor:95 - Found cached introduced method: setOffice
15:34:13,743 DEBUG AbstractIntroductorInterceptor:95 - Found cached introduced method: setOffice
15:34:13,744 DEBUG BeanIntroductorInterceptor:119 - Introducing method: setOffice
15:34:13,745 DEBUG AbstractIntroductorInterceptor:95 - Found cached introduced method: setOffice
15:34:13,745 DEBUG AbstractIntroductorInterceptor:95 - Found cached introduced method: setOffice
15:34:13,745 DEBUG AbstractIntroductorInterceptor:95 - Found cached introduced method: setOffice
15:34:13,746 DEBUG BeanIntroductorInterceptor:119 - Introducing method: setOffice
15:34:13,746 DEBUG AbstractIntroductorInterceptor:95 - Found cached introduced method: getOffice
15:34:13,746 DEBUG AbstractIntroductorInterceptor:95 - Found cached introduced method: getOffice
15:34:13,747 DEBUG AbstractIntroductorInterceptor:95 - Found cached introduced method: getOffice
15:34:13,747 DEBUG BeanIntroductorInterceptor:119 - Introducing method: getOffice
15:34:13,747 DEBUG AbstractIntroductorInterceptor:95 - Found cached introduced method: getOffice
15:34:13,748 DEBUG AbstractIntroductorInterceptor:95 - Found cached introduced method: getOffice
15:34:13,748 DEBUG AbstractIntroductorInterceptor:95 - Found cached introduced method: getOffice
15:34:13,748 DEBUG BeanIntroductorInterceptor:119 - Introducing method: getOffice
15:34:13,749 DEBUG AbstractIntroductorInterceptor:95 - Found cached introduced method: setOffice
15:34:13,750 DEBUG AbstractIntroductorInterceptor:95 - Found cached introduced method: setOffice
15:34:13,750 DEBUG AbstractIntroductorInterceptor:95 - Found cached introduced method: setOffice
15:34:13,750 DEBUG BeanIntroductorInterceptor:119 - Introducing method: setOffice
15:34:13,751 DEBUG AbstractIntroductorInterceptor:95 - Found cached introduced method: setOffice
15:34:13,751 DEBUG AbstractIntroductorInterceptor:95 - Found cached introduced method: setOffice
15:34:13,751 DEBUG AbstractIntroductorInterceptor:95 - Found cached introduced method: setOffice
15:34:13,752 DEBUG BeanIntroductorInterceptor:119 - Introducing method: setOffice
15:34:13,752 DEBUG AbstractIntroductorInterceptor:95 - Found cached introduced method: getOffice
15:34:13,752 DEBUG AbstractIntroductorInterceptor:95 - Found cached introduced method: getOffice
15:34:13,753 DEBUG AbstractIntroductorInterceptor:95 - Found cached introduced method: getOffice
15:34:13,753 DEBUG BeanIntroductorInterceptor:119 - Introducing method: getOffice
15:34:13,753 DEBUG AbstractIntroductorInterceptor:95 - Found cached introduced method: getOffice
15:34:13,754 DEBUG AbstractIntroductorInterceptor:95 - Found cached introduced method: getOffice
15:34:13,754 DEBUG AbstractIntroductorInterceptor:95 - Found cached introduced method: getOffice
15:34:13,754 DEBUG BeanIntroductorInterceptor:119 - Introducing method: getOffice
15:34:13,979 DEBUG PredicateGenericAdapter:82 - Adapting class org.springmodules.xt.test.domain.AvailableOfficeSpecification to interface org.apache.commons.collections.Predicate
15:34:14,014  INFO AjaxExceptionHandlerResolverTest:187 - Loading context for locations: testApplicationContext.xml
15:34:14,307 ERROR AjaxExceptionHandlerResolver:71 - exception
org.springmodules.xt.ajax.support.UnsupportedEventException: exception
	at org.springmodules.xt.ajax.AjaxExceptionHandlerResolverTest.testResolveException1(AjaxExceptionHandlerResolverTest.java:45)
	at sun.reflect.NativeMethodAccessorImpl.invoke0(Native Method)
	at sun.reflect.NativeMethodAccessorImpl.invoke(NativeMethodAccessorImpl.java:39)
	at sun.reflect.DelegatingMethodAccessorImpl.invoke(DelegatingMethodAccessorImpl.java:25)
	at java.lang.reflect.Method.invoke(Method.java:597)
	at junit.framework.TestCase.runTest(TestCase.java:168)
	at junit.framework.TestCase.runBare(TestCase.java:134)
	at org.springframework.test.ConditionalTestCase.runBare(ConditionalTestCase.java:76)
	at junit.framework.TestResult$1.protect(TestResult.java:110)
	at junit.framework.TestResult.runProtected(TestResult.java:128)
	at junit.framework.TestResult.run(TestResult.java:113)
	at junit.framework.TestCase.run(TestCase.java:124)
	at junit.framework.TestSuite.runTest(TestSuite.java:232)
	at junit.framework.TestSuite.run(TestSuite.java:227)
	at org.junit.internal.runners.JUnit38ClassRunner.run(JUnit38ClassRunner.java:91)
	at org.apache.maven.surefire.junit4.JUnit4TestSet.execute(JUnit4TestSet.java:62)
	at org.apache.maven.surefire.suite.AbstractDirectoryTestSuite.executeTestSet(AbstractDirectoryTestSuite.java:140)
	at org.apache.maven.surefire.suite.AbstractDirectoryTestSuite.execute(AbstractDirectoryTestSuite.java:127)
	at org.apache.maven.surefire.Surefire.run(Surefire.java:177)
	at sun.reflect.NativeMethodAccessorImpl.invoke0(Native Method)
	at sun.reflect.NativeMethodAccessorImpl.invoke(NativeMethodAccessorImpl.java:39)
	at sun.reflect.DelegatingMethodAccessorImpl.invoke(DelegatingMethodAccessorImpl.java:25)
	at java.lang.reflect.Method.invoke(Method.java:597)
	at org.apache.maven.surefire.booter.SurefireBooter.runSuitesInProcess(SurefireBooter.java:345)
	at org.apache.maven.surefire.booter.SurefireBooter.main(SurefireBooter.java:1009)
15:34:14,310  INFO AjaxExceptionHandlerResolver:75 - Resolving exception of type : class org.springmodules.xt.ajax.support.UnsupportedEventException
15:34:14,311 DEBUG AjaxResponseSender:37 - Sending ajax response: <?xml version="1.0" encoding="ISO-8859-1"?>
<?xml-stylesheet type="text/css" href=""?>
<ajax-response xml:space="preserve">
<redirect><content><target url="/test/redirect1.html?exceptionMessage=exception"/></content></redirect>
</ajax-response>
15:34:14,314 ERROR AjaxExceptionHandlerResolver:71 - exception
org.springmodules.xt.ajax.support.UnsupportedEventException: exception
	at org.springmodules.xt.ajax.AjaxExceptionHandlerResolverTest.testResolveException2(AjaxExceptionHandlerResolverTest.java:58)
	at sun.reflect.NativeMethodAccessorImpl.invoke0(Native Method)
	at sun.reflect.NativeMethodAccessorImpl.invoke(NativeMethodAccessorImpl.java:39)
	at sun.reflect.DelegatingMethodAccessorImpl.invoke(DelegatingMethodAccessorImpl.java:25)
	at java.lang.reflect.Method.invoke(Method.java:597)
	at junit.framework.TestCase.runTest(TestCase.java:168)
	at junit.framework.TestCase.runBare(TestCase.java:134)
	at org.springframework.test.ConditionalTestCase.runBare(ConditionalTestCase.java:76)
	at junit.framework.TestResult$1.protect(TestResult.java:110)
	at junit.framework.TestResult.runProtected(TestResult.java:128)
	at junit.framework.TestResult.run(TestResult.java:113)
	at junit.framework.TestCase.run(TestCase.java:124)
	at junit.framework.TestSuite.runTest(TestSuite.java:232)
	at junit.framework.TestSuite.run(TestSuite.java:227)
	at org.junit.internal.runners.JUnit38ClassRunner.run(JUnit38ClassRunner.java:91)
	at org.apache.maven.surefire.junit4.JUnit4TestSet.execute(JUnit4TestSet.java:62)
	at org.apache.maven.surefire.suite.AbstractDirectoryTestSuite.executeTestSet(AbstractDirectoryTestSuite.java:140)
	at org.apache.maven.surefire.suite.AbstractDirectoryTestSuite.execute(AbstractDirectoryTestSuite.java:127)
	at org.apache.maven.surefire.Surefire.run(Surefire.java:177)
	at sun.reflect.NativeMethodAccessorImpl.invoke0(Native Method)
	at sun.reflect.NativeMethodAccessorImpl.invoke(NativeMethodAccessorImpl.java:39)
	at sun.reflect.DelegatingMethodAccessorImpl.invoke(DelegatingMethodAccessorImpl.java:25)
	at java.lang.reflect.Method.invoke(Method.java:597)
	at org.apache.maven.surefire.booter.SurefireBooter.runSuitesInProcess(SurefireBooter.java:345)
	at org.apache.maven.surefire.booter.SurefireBooter.main(SurefireBooter.java:1009)
15:34:14,451  INFO AjaxExceptionHandlerResolver:75 - Resolving exception of type : class org.springmodules.xt.ajax.support.UnsupportedEventException
15:34:14,452 DEBUG AjaxResponseSender:37 - Sending ajax response: <?xml version="1.0" encoding="ISO-8859-1"?>
<?xml-stylesheet type="text/css" href=""?>
<ajax-response xml:space="preserve">
<redirect><content><target url="/test/redirect1.html?exceptionMessage=exception"/></content></redirect>
</ajax-response>
15:34:14,650 DEBUG AbstractIntroductorInterceptor:95 - Found cached introduced method: setOffice
15:34:14,650 DEBUG AbstractIntroductorInterceptor:95 - Found cached introduced method: setOffice
15:34:14,651 DEBUG AbstractIntroductorInterceptor:95 - Found cached introduced method: setOffice
15:34:14,651 DEBUG BeanIntroductorInterceptor:119 - Introducing method: setOffice
15:34:14,652 DEBUG AbstractIntroductorInterceptor:95 - Found cached introduced method: setOffice
15:34:14,652 DEBUG AbstractIntroductorInterceptor:95 - Found cached introduced method: setOffice
15:34:14,653 DEBUG AbstractIntroductorInterceptor:95 - Found cached introduced method: setOffice
15:34:14,653 DEBUG BeanIntroductorInterceptor:119 - Introducing method: setOffice
15:34:14,653 DEBUG AbstractIntroductorInterceptor:95 - Found cached introduced method: getOffice
15:34:14,654 DEBUG AbstractIntroductorInterceptor:95 - Found cached introduced method: getOffice
15:34:14,656 DEBUG AbstractIntroductorInterceptor:95 - Found cached introduced method: getOffice
15:34:14,656 DEBUG BeanIntroductorInterceptor:119 - Introducing method: getOffice
15:34:14,657 DEBUG AbstractIntroductorInterceptor:95 - Found cached introduced method: getOffice
15:34:14,657 DEBUG AbstractIntroductorInterceptor:95 - Found cached introduced method: getOffice
15:34:14,657 DEBUG AbstractIntroductorInterceptor:95 - Found cached introduced method: getOffice
15:34:14,658 DEBUG BeanIntroductorInterceptor:119 - Introducing method: getOffice
15:34:14,659 DEBUG AbstractIntroductorInterceptor:95 - Found cached introduced method: setOffice
15:34:14,659 DEBUG AbstractIntroductorInterceptor:95 - Found cached introduced method: setOffice
15:34:14,659 DEBUG AbstractIntroductorInterceptor:95 - Found cached introduced method: setOffice
15:34:14,659 DEBUG BeanIntroductorInterceptor:119 - Introducing method: setOffice
15:34:14,660 DEBUG AbstractIntroductorInterceptor:95 - Found cached introduced method: setOffice
15:34:14,660 DEBUG AbstractIntroductorInterceptor:95 - Found cached introduced method: setOffice
15:34:14,660 DEBUG AbstractIntroductorInterceptor:95 - Found cached introduced method: setOffice
15:34:14,661 DEBUG BeanIntroductorInterceptor:119 - Introducing method: setOffice
15:34:14,661 DEBUG AbstractIntroductorInterceptor:95 - Found cached introduced method: getOffice
15:34:14,661 DEBUG AbstractIntroductorInterceptor:95 - Found cached introduced method: getOffice
15:34:14,661 DEBUG AbstractIntroductorInterceptor:95 - Found cached introduced method: getOffice
15:34:14,662 DEBUG BeanIntroductorInterceptor:119 - Introducing method: getOffice
15:34:14,662 DEBUG AbstractIntroductorInterceptor:95 - Found cached introduced method: getOffice
15:34:14,662 DEBUG AbstractIntroductorInterceptor:95 - Found cached introduced method: getOffice
15:34:14,663 DEBUG AbstractIntroductorInterceptor:95 - Found cached introduced method: getOffice
15:34:14,663 DEBUG BeanIntroductorInterceptor:119 - Introducing method: getOffice
15:34:14,664 DEBUG AbstractIntroductorInterceptor:95 - Found cached introduced method: getMatriculationCode
15:34:14,664 DEBUG AbstractIntroductorInterceptor:95 - Found cached introduced method: getMatriculationCode
15:34:14,664 DEBUG BeanIntroductorInterceptor:74 - Executing on target; method: getMatriculationCode
15:34:14,665 DEBUG AbstractIntroductorInterceptor:95 - Found cached introduced method: getMatriculationCode
15:34:14,666 DEBUG AbstractIntroductorInterceptor:95 - Found cached introduced method: getMatriculationCode
15:34:14,667 DEBUG BeanIntroductorInterceptor:74 - Executing on target; method: getMatriculationCode
15:34:14,668 DEBUG AbstractIntroductorInterceptor:95 - Found cached introduced method: getMatriculationCode
15:34:14,668 DEBUG AbstractIntroductorInterceptor:95 - Found cached introduced method: getMatriculationCode
15:34:14,668 DEBUG BeanIntroductorInterceptor:74 - Executing on target; method: getMatriculationCode
15:34:14,669 DEBUG AbstractIntroductorInterceptor:95 - Found cached introduced method: getMatriculationCode
15:34:14,669 DEBUG AbstractIntroductorInterceptor:95 - Found cached introduced method: getMatriculationCode
15:34:14,669 DEBUG BeanIntroductorInterceptor:74 - Executing on target; method: getMatriculationCode
15:34:14,680  INFO AbstractAjaxHandler:63 - Invoking method: public org.springmodules.xt.ajax.AjaxResponse org.springmodules.xt.ajax.AjaxHandlerTest$1.testEvent(org.springmodules.xt.ajax.AjaxEvent)
15:34:14,685  INFO AbstractAjaxHandler:63 - Invoking method: public org.springmodules.xt.ajax.AjaxResponse org.springmodules.xt.ajax.AjaxHandlerTest$2.testEvent(org.springmodules.xt.ajax.AjaxActionEvent)
15:34:14,686  INFO AbstractAjaxHandler:63 - Invoking method: public org.springmodules.xt.ajax.AjaxResponse org.springmodules.xt.ajax.AjaxHandlerTest$3.testEvent(org.springmodules.xt.ajax.AjaxSubmitEvent)
15:34:14,687 DEBUG AbstractAjaxHandler:103 - Event supported by method: public org.springmodules.xt.ajax.AjaxResponse org.springmodules.xt.ajax.AjaxHandlerTest$4.testEvent(org.springmodules.xt.ajax.AjaxEvent)
15:34:14,699 DEBUG AbstractAjaxHandler:103 - Event supported by method: public org.springmodules.xt.ajax.AjaxResponse org.springmodules.xt.ajax.AjaxHandlerTest$5.testEvent(org.springmodules.xt.ajax.AjaxActionEvent)
15:34:14,700 DEBUG AbstractAjaxHandler:103 - Event supported by method: public org.springmodules.xt.ajax.AjaxResponse org.springmodules.xt.ajax.AjaxHandlerTest$6.testEvent(org.springmodules.xt.ajax.AjaxSubmitEvent)
15:34:14,702  INFO AbstractAjaxHandler:63 - Invoking method: public org.springmodules.xt.ajax.AjaxResponse org.springmodules.xt.ajax.AjaxHandlerTest$8.testEvent(org.springmodules.xt.ajax.AjaxActionEvent)
15:34:14,702 ERROR AbstractAjaxHandler:77 - 
java.lang.reflect.InvocationTargetException
	at sun.reflect.NativeMethodAccessorImpl.invoke0(Native Method)
	at sun.reflect.NativeMethodAccessorImpl.invoke(NativeMethodAccessorImpl.java:39)
	at sun.reflect.DelegatingMethodAccessorImpl.invoke(DelegatingMethodAccessorImpl.java:25)
	at java.lang.reflect.Method.invoke(Method.java:597)
	at org.springmodules.xt.ajax.AbstractAjaxHandler.handle(AbstractAjaxHandler.java:64)
	at org.springmodules.xt.ajax.AjaxHandlerTest.testThrowingExceptionDuringEventHandling(AjaxHandlerTest.java:132)
	at sun.reflect.NativeMethodAccessorImpl.invoke0(Native Method)
	at sun.reflect.NativeMethodAccessorImpl.invoke(NativeMethodAccessorImpl.java:39)
	at sun.reflect.DelegatingMethodAccessorImpl.invoke(DelegatingMethodAccessorImpl.java:25)
	at java.lang.reflect.Method.invoke(Method.java:597)
	at junit.framework.TestCase.runTest(TestCase.java:168)
	at junit.framework.TestCase.runBare(TestCase.java:134)
	at junit.framework.TestResult$1.protect(TestResult.java:110)
	at junit.framework.TestResult.runProtected(TestResult.java:128)
	at junit.framework.TestResult.run(TestResult.java:113)
	at junit.framework.TestCase.run(TestCase.java:124)
	at junit.framework.TestSuite.runTest(TestSuite.java:232)
	at junit.framework.TestSuite.run(TestSuite.java:227)
	at org.junit.internal.runners.JUnit38ClassRunner.run(JUnit38ClassRunner.java:91)
	at org.apache.maven.surefire.junit4.JUnit4TestSet.execute(JUnit4TestSet.java:62)
	at org.apache.maven.surefire.suite.AbstractDirectoryTestSuite.executeTestSet(AbstractDirectoryTestSuite.java:140)
	at org.apache.maven.surefire.suite.AbstractDirectoryTestSuite.execute(AbstractDirectoryTestSuite.java:127)
	at org.apache.maven.surefire.Surefire.run(Surefire.java:177)
	at sun.reflect.NativeMethodAccessorImpl.invoke0(Native Method)
	at sun.reflect.NativeMethodAccessorImpl.invoke(NativeMethodAccessorImpl.java:39)
	at sun.reflect.DelegatingMethodAccessorImpl.invoke(DelegatingMethodAccessorImpl.java:25)
	at java.lang.reflect.Method.invoke(Method.java:597)
	at org.apache.maven.surefire.booter.SurefireBooter.runSuitesInProcess(SurefireBooter.java:345)
	at org.apache.maven.surefire.booter.SurefireBooter.main(SurefireBooter.java:1009)
Caused by: java.lang.IllegalStateException: Nested exception.
	at org.springmodules.xt.ajax.AjaxHandlerTest$8.testEvent(AjaxHandlerTest.java:125)
	... 29 more
15:34:14,703 ERROR AbstractAjaxHandler:78 - Exception while handling the given event with id: testEvent
15:34:15,852 DEBUG FactoryGeneratorInterceptor:205 - Put constructor arg with position and value: 0,SB
15:34:15,853 DEBUG FactoryGeneratorInterceptor:205 - Put constructor arg with position and value: 1,111
15:34:15,856 DEBUG FactoryGeneratorInterceptor:171 - Put property with name and value: firstname,Sergio
15:34:15,858 DEBUG FactoryGeneratorInterceptor:171 - Put property with name and value: surname,Bossa
15:34:15,860 DEBUG FactoryGeneratorInterceptor:182 - Put value property with name and value: value,value
15:34:15,860 DEBUG FactoryGeneratorInterceptor:224 - Read property with name and value: nickname,SB
15:34:15,861 DEBUG FactoryGeneratorInterceptor:224 - Read property with name and value: matriculationCode,111
15:34:15,861 DEBUG FactoryGeneratorInterceptor:224 - Read property with name and value: firstname,Sergio
15:34:15,861 DEBUG FactoryGeneratorInterceptor:224 - Read property with name and value: surname,Bossa
15:34:15,861 DEBUG FactoryGeneratorInterceptor:224 - Read property with name and value: value,value
15:34:15,863 DEBUG FactoryGeneratorInterceptor:205 - Put constructor arg with position and value: 0,SB
15:34:15,863 DEBUG FactoryGeneratorInterceptor:205 - Put constructor arg with position and value: 1,111
15:34:15,863 DEBUG FactoryGeneratorInterceptor:171 - Put property with name and value: firstname,Sergio
15:34:15,863 DEBUG FactoryGeneratorInterceptor:171 - Put property with name and value: surname,Bossa
15:34:15,866 DEBUG FactoryGeneratorInterceptor:230 - Making object of class: class org.springmodules.xt.test.domain.Employee
15:34:15,867 DEBUG FactoryGeneratorInterceptor:205 - Put constructor arg with position and value: 0,SB
15:34:15,867 DEBUG FactoryGeneratorInterceptor:171 - Put property with name and value: firstname,Sergio
15:34:15,867 DEBUG FactoryGeneratorInterceptor:171 - Put property with name and value: surname,Bossa
15:34:15,868 DEBUG FactoryGeneratorInterceptor:230 - Making object of class: class org.springmodules.xt.test.domain.Employee
15:34:15,950 DEBUG AbstractIntroductorInterceptor:95 - Found cached introduced method: setOffice
15:34:15,950 DEBUG AbstractIntroductorInterceptor:95 - Found cached introduced method: setOffice
15:34:15,952 DEBUG AbstractIntroductorInterceptor:95 - Found cached introduced method: setOffice
15:34:15,952 DEBUG BeanIntroductorInterceptor:119 - Introducing method: setOffice
15:34:15,953 DEBUG AbstractIntroductorInterceptor:95 - Found cached introduced method: setOffice
15:34:15,953 DEBUG AbstractIntroductorInterceptor:95 - Found cached introduced method: setOffice
15:34:15,954 DEBUG AbstractIntroductorInterceptor:95 - Found cached introduced method: setOffice
15:34:15,954 DEBUG BeanIntroductorInterceptor:119 - Introducing method: setOffice
15:34:15,954 DEBUG AbstractIntroductorInterceptor:95 - Found cached introduced method: getOffice
15:34:15,954 DEBUG AbstractIntroductorInterceptor:95 - Found cached introduced method: getOffice
15:34:15,955 DEBUG AbstractIntroductorInterceptor:95 - Found cached introduced method: getOffice
15:34:15,955 DEBUG BeanIntroductorInterceptor:119 - Introducing method: getOffice
15:34:15,959 DEBUG AbstractIntroductorInterceptor:95 - Found cached introduced method: getOffice
15:34:15,959 DEBUG AbstractIntroductorInterceptor:95 - Found cached introduced method: getOffice
15:34:15,959 DEBUG AbstractIntroductorInterceptor:95 - Found cached introduced method: getOffice
15:34:15,959 DEBUG BeanIntroductorInterceptor:119 - Introducing method: getOffice
15:34:15,960 DEBUG AbstractIntroductorInterceptor:95 - Found cached introduced method: setOffice
15:34:15,961 DEBUG AbstractIntroductorInterceptor:95 - Found cached introduced method: setOffice
15:34:15,961 DEBUG AbstractIntroductorInterceptor:95 - Found cached introduced method: setOffice
15:34:15,961 DEBUG BeanIntroductorInterceptor:119 - Introducing method: setOffice
15:34:15,961 DEBUG AbstractIntroductorInterceptor:95 - Found cached introduced method: setOffice
15:34:15,962 DEBUG AbstractIntroductorInterceptor:95 - Found cached introduced method: setOffice
15:34:15,962 DEBUG AbstractIntroductorInterceptor:95 - Found cached introduced method: setOffice
15:34:15,962 DEBUG BeanIntroductorInterceptor:119 - Introducing method: setOffice
15:34:15,962 DEBUG AbstractIntroductorInterceptor:95 - Found cached introduced method: getOffice
15:34:15,963 DEBUG AbstractIntroductorInterceptor:95 - Found cached introduced method: getOffice
15:34:15,963 DEBUG AbstractIntroductorInterceptor:95 - Found cached introduced method: getOffice
15:34:15,964 DEBUG BeanIntroductorInterceptor:119 - Introducing method: getOffice
15:34:15,964 DEBUG AbstractIntroductorInterceptor:95 - Found cached introduced method: getOffice
15:34:15,967 DEBUG AbstractIntroductorInterceptor:95 - Found cached introduced method: getOffice
15:34:15,967 DEBUG AbstractIntroductorInterceptor:95 - Found cached introduced method: getOffice
15:34:15,968 DEBUG BeanIntroductorInterceptor:119 - Introducing method: getOffice
15:34:16,042 DEBUG SpecificationGenericAdapter:52 - Adapting class org.springmodules.xt.test.domain.OfficeIdSpecification to interface org.apache.commons.collections.Predicate
15:34:16,045 DEBUG SpecificationGenericAdapter:52 - Adapting class org.springmodules.xt.test.domain.OfficeIdSpecification to interface org.apache.commons.collections.Predicate
15:34:16,047 DEBUG SpecificationGenericAdapter:52 - Adapting class org.springmodules.xt.test.domain.OfficeIdSpecification to interface org.apache.commons.collections.Predicate
15:34:16,060 DEBUG SpecificationGenericAdapter:52 - Adapting class org.springmodules.xt.test.domain.AvailableOfficeSpecification to interface org.apache.commons.collections.Predicate
15:34:16,060 DEBUG SpecificationGenericAdapter:52 - Adapting class org.springmodules.xt.test.domain.FullOfficeSpecification to interface org.apache.commons.collections.Predicate
15:34:16,061 DEBUG SpecificationGenericAdapter:52 - Adapting class org.springmodules.xt.test.domain.OfficeIdSpecification to interface org.apache.commons.collections.Predicate
15:34:16,061 DEBUG SpecificationGenericAdapter:52 - Adapting class org.springmodules.xt.test.domain.AvailableOfficeSpecification to interface org.apache.commons.collections.Predicate
15:34:16,061 DEBUG SpecificationGenericAdapter:52 - Adapting class org.springmodules.xt.test.domain.FullOfficeSpecification to interface org.apache.commons.collections.Predicate
15:34:16,063 DEBUG SpecificationGenericAdapter:52 - Adapting class org.springmodules.xt.test.domain.FullOfficeSpecification to interface org.apache.commons.collections.Predicate
15:34:16,063 DEBUG SpecificationGenericAdapter:52 - Adapting class org.springmodules.xt.test.domain.AvailableOfficeSpecification to interface org.apache.commons.collections.Predicate
15:34:16,063 DEBUG SpecificationGenericAdapter:52 - Adapting class org.springmodules.xt.test.domain.FullOfficeSpecification to interface org.apache.commons.collections.Predicate
15:34:16,064 DEBUG SpecificationGenericAdapter:52 - Adapting class org.springmodules.xt.test.domain.AvailableOfficeSpecification to interface org.apache.commons.collections.Predicate
15:34:16,064 DEBUG SpecificationGenericAdapter:52 - Adapting class org.springmodules.xt.test.domain.OfficeIdSpecification to interface org.apache.commons.collections.Predicate
15:34:16,064 DEBUG SpecificationGenericAdapter:52 - Adapting class org.springmodules.xt.test.domain.FullOfficeSpecification to interface org.apache.commons.collections.Predicate
15:34:16,065 DEBUG SpecificationGenericAdapter:52 - Adapting class org.springmodules.xt.test.domain.AvailableOfficeSpecification to interface org.apache.commons.collections.Predicate
15:34:16,065 DEBUG SpecificationGenericAdapter:52 - Adapting class org.springmodules.xt.test.domain.OfficeIdSpecification to interface org.apache.commons.collections.Predicate
15:34:16,066 DEBUG SpecificationGenericAdapter:52 - Adapting class org.springmodules.xt.test.domain.FullOfficeSpecification to interface org.apache.commons.collections.Predicate
15:34:16,066 DEBUG SpecificationGenericAdapter:52 - Adapting class org.springmodules.xt.test.domain.FullOfficeSpecification to interface org.apache.commons.collections.Predicate
15:34:16,066 DEBUG SpecificationGenericAdapter:52 - Adapting class org.springmodules.xt.test.domain.FullOfficeSpecification to interface org.apache.commons.collections.Predicate
15:34:16,067 DEBUG SpecificationGenericAdapter:52 - Adapting class org.springmodules.xt.test.domain.FullOfficeSpecification to interface org.apache.commons.collections.Predicate
15:34:16,067 DEBUG SpecificationGenericAdapter:52 - Adapting class org.springmodules.xt.test.domain.FullOfficeSpecification to interface org.apache.commons.collections.Predicate
15:34:16,068 DEBUG SpecificationGenericAdapter:52 - Adapting class org.springmodules.xt.test.domain.OfficeIdSpecification to interface org.apache.commons.collections.Predicate
15:34:16,068 DEBUG SpecificationGenericAdapter:52 - Adapting class org.springmodules.xt.test.domain.AvailableOfficeSpecification to interface org.apache.commons.collections.Predicate
15:34:16,068 DEBUG SpecificationGenericAdapter:52 - Adapting class org.springmodules.xt.test.domain.OfficeIdSpecification to interface org.apache.commons.collections.Predicate
15:34:16,069 DEBUG SpecificationGenericAdapter:52 - Adapting class org.springmodules.xt.test.domain.AvailableOfficeSpecification to interface org.apache.commons.collections.Predicate
15:34:16,069 DEBUG SpecificationGenericAdapter:52 - Adapting class org.springmodules.xt.test.domain.OfficeIdSpecification to interface org.apache.commons.collections.Predicate
15:34:16,070 DEBUG SpecificationGenericAdapter:52 - Adapting class org.springmodules.xt.test.domain.AvailableOfficeSpecification to interface org.apache.commons.collections.Predicate
15:34:16,193  WARN MVCFormDataAccessor:96 - java.lang.Object.getCommandName()
java.lang.NoSuchMethodException: java.lang.Object.getCommandName()
	at java.lang.Class.getMethod(Class.java:1605)
	at org.springmodules.xt.ajax.MVCFormDataAccessor.resolveCommandName(MVCFormDataAccessor.java:87)
	at org.springmodules.xt.ajax.MVCFormDataAccessor.getCommandObject(MVCFormDataAccessor.java:44)
	at org.springmodules.xt.ajax.MVCFormDataAccessorTest.testGetCommandObjectFails(MVCFormDataAccessorTest.java:92)
	at sun.reflect.NativeMethodAccessorImpl.invoke0(Native Method)
	at sun.reflect.NativeMethodAccessorImpl.invoke(NativeMethodAccessorImpl.java:39)
	at sun.reflect.DelegatingMethodAccessorImpl.invoke(DelegatingMethodAccessorImpl.java:25)
	at java.lang.reflect.Method.invoke(Method.java:597)
	at junit.framework.TestCase.runTest(TestCase.java:168)
	at junit.framework.TestCase.runBare(TestCase.java:134)
	at junit.framework.TestResult$1.protect(TestResult.java:110)
	at junit.framework.TestResult.runProtected(TestResult.java:128)
	at junit.framework.TestResult.run(TestResult.java:113)
	at junit.framework.TestCase.run(TestCase.java:124)
	at junit.framework.TestSuite.runTest(TestSuite.java:232)
	at junit.framework.TestSuite.run(TestSuite.java:227)
	at org.junit.internal.runners.JUnit38ClassRunner.run(JUnit38ClassRunner.java:91)
	at org.apache.maven.surefire.junit4.JUnit4TestSet.execute(JUnit4TestSet.java:62)
	at org.apache.maven.surefire.suite.AbstractDirectoryTestSuite.executeTestSet(AbstractDirectoryTestSuite.java:140)
	at org.apache.maven.surefire.suite.AbstractDirectoryTestSuite.execute(AbstractDirectoryTestSuite.java:127)
	at org.apache.maven.surefire.Surefire.run(Surefire.java:177)
	at sun.reflect.NativeMethodAccessorImpl.invoke0(Native Method)
	at sun.reflect.NativeMethodAccessorImpl.invoke(NativeMethodAccessorImpl.java:39)
	at sun.reflect.DelegatingMethodAccessorImpl.invoke(DelegatingMethodAccessorImpl.java:25)
	at java.lang.reflect.Method.invoke(Method.java:597)
	at org.apache.maven.surefire.booter.SurefireBooter.runSuitesInProcess(SurefireBooter.java:345)
	at org.apache.maven.surefire.booter.SurefireBooter.main(SurefireBooter.java:1009)
15:34:16,194  WARN MVCFormDataAccessor:48 - No command name found for handler : java.lang.Object@26c1186f
15:34:16,358 DEBUG DefaultValidationHandler:183 - Putting errors in session for URL: http://localhost:80
15:34:16,369 DEBUG DefaultValidationHandler:183 - Putting errors in session for URL: http://localhost:80
15:34:16,399  INFO AjaxInterceptor:126 - Pre-handling ajax request for event: action
15:34:16,405 DEBUG AbstractAjaxHandler:103 - Event supported by method: public org.springmodules.xt.ajax.AjaxResponse org.springmodules.xt.test.ajax.DummyHandler.action(org.springmodules.xt.ajax.AjaxActionEvent)
15:34:16,405  WARN AjaxInterceptor:421 - Null model map for session: 4
15:34:16,406  INFO AbstractAjaxHandler:63 - Invoking method: public org.springmodules.xt.ajax.AjaxResponse org.springmodules.xt.test.ajax.DummyHandler.action(org.springmodules.xt.ajax.AjaxActionEvent)
15:34:16,406  INFO AjaxInterceptor:155 - Sending Ajax response after Ajax action.
15:34:16,407 DEBUG AjaxResponseSender:37 - Sending ajax response: <?xml version="1.0" encoding="ISO-8859-1"?>
<?xml-stylesheet type="text/css" href=""?>
<ajax-response xml:space="preserve">
<append-as-children><context><matcher matchMode="plain" contextNodeID="action"/></context><content>action</content></append-as-children>
</ajax-response>
15:34:16,408  INFO AjaxInterceptor:126 - Pre-handling ajax request for event: fail
15:34:16,409 ERROR AjaxInterceptor:167 - Cannot handling the given event with id: fail
org.springmodules.xt.ajax.support.UnsupportedEventException: Cannot handling the given event with id: fail
	at org.springmodules.xt.ajax.AjaxInterceptor.preHandle(AjaxInterceptor.java:152)
	at org.springmodules.xt.ajax.AjaxInterceptorTest.testPreHandleFailsWithUnsupportedEventException(AjaxInterceptorTest.java:72)
	at sun.reflect.NativeMethodAccessorImpl.invoke0(Native Method)
	at sun.reflect.NativeMethodAccessorImpl.invoke(NativeMethodAccessorImpl.java:39)
	at sun.reflect.DelegatingMethodAccessorImpl.invoke(DelegatingMethodAccessorImpl.java:25)
	at java.lang.reflect.Method.invoke(Method.java:597)
	at junit.framework.TestCase.runTest(TestCase.java:168)
	at junit.framework.TestCase.runBare(TestCase.java:134)
	at org.springframework.test.ConditionalTestCase.runBare(ConditionalTestCase.java:76)
	at junit.framework.TestResult$1.protect(TestResult.java:110)
	at junit.framework.TestResult.runProtected(TestResult.java:128)
	at junit.framework.TestResult.run(TestResult.java:113)
	at junit.framework.TestCase.run(TestCase.java:124)
	at junit.framework.TestSuite.runTest(TestSuite.java:232)
	at junit.framework.TestSuite.run(TestSuite.java:227)
	at org.junit.internal.runners.JUnit38ClassRunner.run(JUnit38ClassRunner.java:91)
	at org.apache.maven.surefire.junit4.JUnit4TestSet.execute(JUnit4TestSet.java:62)
	at org.apache.maven.surefire.suite.AbstractDirectoryTestSuite.executeTestSet(AbstractDirectoryTestSuite.java:140)
	at org.apache.maven.surefire.suite.AbstractDirectoryTestSuite.execute(AbstractDirectoryTestSuite.java:127)
	at org.apache.maven.surefire.Surefire.run(Surefire.java:177)
	at sun.reflect.NativeMethodAccessorImpl.invoke0(Native Method)
	at sun.reflect.NativeMethodAccessorImpl.invoke(NativeMethodAccessorImpl.java:39)
	at sun.reflect.DelegatingMethodAccessorImpl.invoke(DelegatingMethodAccessorImpl.java:25)
	at java.lang.reflect.Method.invoke(Method.java:597)
	at org.apache.maven.surefire.booter.SurefireBooter.runSuitesInProcess(SurefireBooter.java:345)
	at org.apache.maven.surefire.booter.SurefireBooter.main(SurefireBooter.java:1009)
15:34:16,410  INFO AjaxInterceptor:126 - Pre-handling ajax request for event: fail
15:34:16,410 ERROR AjaxInterceptor:167 - Cannot find an handler matching the request: /ajax/test2.action
org.springmodules.xt.ajax.support.NoMatchingHandlerException: Cannot find an handler matching the request: /ajax/test2.action
	at org.springmodules.xt.ajax.AjaxInterceptor.preHandle(AjaxInterceptor.java:130)
	at org.springmodules.xt.ajax.AjaxInterceptorTest.testPreHandleFailsWithNoMatchingHandlerException(AjaxInterceptorTest.java:92)
	at sun.reflect.NativeMethodAccessorImpl.invoke0(Native Method)
	at sun.reflect.NativeMethodAccessorImpl.invoke(NativeMethodAccessorImpl.java:39)
	at sun.reflect.DelegatingMethodAccessorImpl.invoke(DelegatingMethodAccessorImpl.java:25)
	at java.lang.reflect.Method.invoke(Method.java:597)
	at junit.framework.TestCase.runTest(TestCase.java:168)
	at junit.framework.TestCase.runBare(TestCase.java:134)
	at org.springframework.test.ConditionalTestCase.runBare(ConditionalTestCase.java:76)
	at junit.framework.TestResult$1.protect(TestResult.java:110)
	at junit.framework.TestResult.runProtected(TestResult.java:128)
	at junit.framework.TestResult.run(TestResult.java:113)
	at junit.framework.TestCase.run(TestCase.java:124)
	at junit.framework.TestSuite.runTest(TestSuite.java:232)
	at junit.framework.TestSuite.run(TestSuite.java:227)
	at org.junit.internal.runners.JUnit38ClassRunner.run(JUnit38ClassRunner.java:91)
	at org.apache.maven.surefire.junit4.JUnit4TestSet.execute(JUnit4TestSet.java:62)
	at org.apache.maven.surefire.suite.AbstractDirectoryTestSuite.executeTestSet(AbstractDirectoryTestSuite.java:140)
	at org.apache.maven.surefire.suite.AbstractDirectoryTestSuite.execute(AbstractDirectoryTestSuite.java:127)
	at org.apache.maven.surefire.Surefire.run(Surefire.java:177)
	at sun.reflect.NativeMethodAccessorImpl.invoke0(Native Method)
	at sun.reflect.NativeMethodAccessorImpl.invoke(NativeMethodAccessorImpl.java:39)
	at sun.reflect.DelegatingMethodAccessorImpl.invoke(DelegatingMethodAccessorImpl.java:25)
	at java.lang.reflect.Method.invoke(Method.java:597)
	at org.apache.maven.surefire.booter.SurefireBooter.runSuitesInProcess(SurefireBooter.java:345)
	at org.apache.maven.surefire.booter.SurefireBooter.main(SurefireBooter.java:1009)
15:34:16,466  INFO AjaxInterceptor:211 - Post-handling ajax request for event: submit
15:34:16,467 DEBUG AbstractAjaxHandler:103 - Event supported by method: public org.springmodules.xt.ajax.AjaxResponse org.springmodules.xt.test.ajax.DummySubmitHandler.submit(org.springmodules.xt.ajax.AjaxSubmitEvent)
15:34:16,471  INFO AbstractAjaxHandler:63 - Invoking method: public org.springmodules.xt.ajax.AjaxResponse org.springmodules.xt.test.ajax.DummySubmitHandler.submit(org.springmodules.xt.ajax.AjaxSubmitEvent)
15:34:16,472 DEBUG AjaxResponseSender:37 - Sending ajax response: <?xml version="1.0" encoding="ISO-8859-1"?>
<?xml-stylesheet type="text/css" href=""?>
<ajax-response xml:space="preserve">
<append-as-children><context><matcher matchMode="plain" contextNodeID="submit"/></context><content>submit</content></append-as-children>
</ajax-response>
15:34:16,489  INFO AjaxInterceptor:211 - Post-handling ajax request for event: validate
15:34:16,490 DEBUG AbstractAjaxHandler:103 - Event supported by method: public org.springmodules.xt.ajax.AjaxResponse org.springmodules.xt.ajax.validation.DefaultValidationHandler.validate(org.springmodules.xt.ajax.AjaxSubmitEvent)
15:34:16,491  INFO AbstractAjaxHandler:63 - Invoking method: public org.springmodules.xt.ajax.AjaxResponse org.springmodules.xt.ajax.validation.DefaultValidationHandler.validate(org.springmodules.xt.ajax.AjaxSubmitEvent)
15:34:16,491 DEBUG AjaxResponseSender:37 - Sending ajax response: <?xml version="1.0" encoding="ISO-8859-1"?>
<?xml-stylesheet type="text/css" href=""?>
<ajax-response xml:space="preserve">
<redirect><content><target url="/ajax/success.page"/></content></redirect>
</ajax-response>
15:34:16,514  INFO AjaxInterceptor:211 - Post-handling ajax request for event: validate
15:34:16,514 DEBUG AbstractAjaxHandler:103 - Event supported by method: public org.springmodules.xt.ajax.AjaxResponse org.springmodules.xt.ajax.validation.DefaultValidationHandler.validate(org.springmodules.xt.ajax.AjaxSubmitEvent)
15:34:16,515  INFO AbstractAjaxHandler:63 - Invoking method: public org.springmodules.xt.ajax.AjaxResponse org.springmodules.xt.ajax.validation.DefaultValidationHandler.validate(org.springmodules.xt.ajax.AjaxSubmitEvent)
15:34:16,515 DEBUG AjaxResponseSender:37 - Sending ajax response: <?xml version="1.0" encoding="ISO-8859-1"?>
<?xml-stylesheet type="text/css" href=""?>
<ajax-response xml:space="preserve">
<redirect><content><target url="/ajax/success.page"/></content></redirect>
</ajax-response>
15:34:16,529  INFO AjaxInterceptor:211 - Post-handling ajax request for event: fail
15:34:16,530 ERROR AjaxInterceptor:264 - Cannot handling the given event with id: fail
org.springmodules.xt.ajax.support.UnsupportedEventException: Cannot handling the given event with id: fail
	at org.springmodules.xt.ajax.AjaxInterceptor.postHandle(AjaxInterceptor.java:240)
	at org.springmodules.xt.ajax.AjaxInterceptorTest.testPostHandleFailsWithUnsupportedEventException(AjaxInterceptorTest.java:205)
	at sun.reflect.NativeMethodAccessorImpl.invoke0(Native Method)
	at sun.reflect.NativeMethodAccessorImpl.invoke(NativeMethodAccessorImpl.java:39)
	at sun.reflect.DelegatingMethodAccessorImpl.invoke(DelegatingMethodAccessorImpl.java:25)
	at java.lang.reflect.Method.invoke(Method.java:597)
	at junit.framework.TestCase.runTest(TestCase.java:168)
	at junit.framework.TestCase.runBare(TestCase.java:134)
	at org.springframework.test.ConditionalTestCase.runBare(ConditionalTestCase.java:76)
	at junit.framework.TestResult$1.protect(TestResult.java:110)
	at junit.framework.TestResult.runProtected(TestResult.java:128)
	at junit.framework.TestResult.run(TestResult.java:113)
	at junit.framework.TestCase.run(TestCase.java:124)
	at junit.framework.TestSuite.runTest(TestSuite.java:232)
	at junit.framework.TestSuite.run(TestSuite.java:227)
	at org.junit.internal.runners.JUnit38ClassRunner.run(JUnit38ClassRunner.java:91)
	at org.apache.maven.surefire.junit4.JUnit4TestSet.execute(JUnit4TestSet.java:62)
	at org.apache.maven.surefire.suite.AbstractDirectoryTestSuite.executeTestSet(AbstractDirectoryTestSuite.java:140)
	at org.apache.maven.surefire.suite.AbstractDirectoryTestSuite.execute(AbstractDirectoryTestSuite.java:127)
	at org.apache.maven.surefire.Surefire.run(Surefire.java:177)
	at sun.reflect.NativeMethodAccessorImpl.invoke0(Native Method)
	at sun.reflect.NativeMethodAccessorImpl.invoke(NativeMethodAccessorImpl.java:39)
	at sun.reflect.DelegatingMethodAccessorImpl.invoke(DelegatingMethodAccessorImpl.java:25)
	at java.lang.reflect.Method.invoke(Method.java:597)
	at org.apache.maven.surefire.booter.SurefireBooter.runSuitesInProcess(SurefireBooter.java:345)
	at org.apache.maven.surefire.booter.SurefireBooter.main(SurefireBooter.java:1009)
15:34:16,560  INFO AjaxInterceptor:211 - Post-handling ajax request for event: fail
15:34:16,561 ERROR AjaxInterceptor:264 - Cannot find an handler matching the request: /ajax/submit2.action
org.springmodules.xt.ajax.support.NoMatchingHandlerException: Cannot find an handler matching the request: /ajax/submit2.action
	at org.springmodules.xt.ajax.AjaxInterceptor.postHandle(AjaxInterceptor.java:215)
	at org.springmodules.xt.ajax.AjaxInterceptorTest.testPostHandleFailsWithNoMatchingHandlerException(AjaxInterceptorTest.java:237)
	at sun.reflect.NativeMethodAccessorImpl.invoke0(Native Method)
	at sun.reflect.NativeMethodAccessorImpl.invoke(NativeMethodAccessorImpl.java:39)
	at sun.reflect.DelegatingMethodAccessorImpl.invoke(DelegatingMethodAccessorImpl.java:25)
	at java.lang.reflect.Method.invoke(Method.java:597)
	at junit.framework.TestCase.runTest(TestCase.java:168)
	at junit.framework.TestCase.runBare(TestCase.java:134)
	at org.springframework.test.ConditionalTestCase.runBare(ConditionalTestCase.java:76)
	at junit.framework.TestResult$1.protect(TestResult.java:110)
	at junit.framework.TestResult.runProtected(TestResult.java:128)
	at junit.framework.TestResult.run(TestResult.java:113)
	at junit.framework.TestCase.run(TestCase.java:124)
	at junit.framework.TestSuite.runTest(TestSuite.java:232)
	at junit.framework.TestSuite.run(TestSuite.java:227)
	at org.junit.internal.runners.JUnit38ClassRunner.run(JUnit38ClassRunner.java:91)
	at org.apache.maven.surefire.junit4.JUnit4TestSet.execute(JUnit4TestSet.java:62)
	at org.apache.maven.surefire.suite.AbstractDirectoryTestSuite.executeTestSet(AbstractDirectoryTestSuite.java:140)
	at org.apache.maven.surefire.suite.AbstractDirectoryTestSuite.execute(AbstractDirectoryTestSuite.java:127)
	at org.apache.maven.surefire.Surefire.run(Surefire.java:177)
	at sun.reflect.NativeMethodAccessorImpl.invoke0(Native Method)
	at sun.reflect.NativeMethodAccessorImpl.invoke(NativeMethodAccessorImpl.java:39)
	at sun.reflect.DelegatingMethodAccessorImpl.invoke(DelegatingMethodAccessorImpl.java:25)
	at java.lang.reflect.Method.invoke(Method.java:597)
	at org.apache.maven.surefire.booter.SurefireBooter.runSuitesInProcess(SurefireBooter.java:345)
	at org.apache.maven.surefire.booter.SurefireBooter.main(SurefireBooter.java:1009)
15:34:16,602  INFO AjaxInterceptor:194 - Null ModelAndView object, proceeding without Ajax processing ...
15:34:16,647 DEBUG AjaxResponseSender:37 - Sending ajax response: <?xml version="1.0" encoding="ISO-8859-1"?>
<?xml-stylesheet type="text/css" href=""?>
<ajax-response xml:space="preserve">
<replace-children><context><matcher matchMode="plain" contextNodeID="test"/></context><content>simple text</content></replace-children>
</ajax-response>
15:34:16,648 DEBUG AjaxResponseSender:37 - Sending ajax response: <?xml version="1.0" encoding="UTF-8"?>
<?xml-stylesheet type="text/css" href=""?>
<ajax-response xml:space="preserve">
<replace-children><context><matcher matchMode="plain" contextNodeID="test"/></context><content>questo è un semplice testo</content></replace-children>
</ajax-response>
15:34:16,650 DEBUG SpecificationGenericAdapter:52 - Adapting class org.springmodules.xt.test.domain.AvailableOfficeSpecification to interface org.apache.commons.collections.Predicate
15:34:16,651 DEBUG PredicateCompositeAdapter:45 - Adapting interface org.springmodules.xt.model.specifications.composite.CompositeSpecification to interface org.apache.commons.collections.Predicate
15:34:16,651 DEBUG SpecificationGenericAdapter:52 - Adapting class org.springmodules.xt.test.domain.AvailableOfficeSpecification to interface org.apache.commons.collections.Predicate
